{"/home/jsalomon/src/pc-asset-hub/ui/src/App.tsx": {"path":"/home/jsalomon/src/pc-asset-hub/ui/src/App.tsx","statementMap":{"0":{"start":{"line":194,"column":12},"end":{"line":194,"column":13}},"1":{"start":{"line":2,"column":49},"end":{"line":2,"column":null}},"2":{"start":{"line":41,"column":22},"end":{"line":41,"column":null}},"3":{"start":{"line":44,"column":26},"end":{"line":44,"column":null}},"4":{"start":{"line":45,"column":46},"end":{"line":45,"column":null}},"5":{"start":{"line":46,"column":36},"end":{"line":46,"column":null}},"6":{"start":{"line":49,"column":40},"end":{"line":49,"column":null}},"7":{"start":{"line":50,"column":32},"end":{"line":50,"column":null}},"8":{"start":{"line":51,"column":34},"end":{"line":51,"column":null}},"9":{"start":{"line":52,"column":36},"end":{"line":52,"column":null}},"10":{"start":{"line":53,"column":32},"end":{"line":53,"column":null}},"11":{"start":{"line":56,"column":48},"end":{"line":56,"column":null}},"12":{"start":{"line":57,"column":32},"end":{"line":57,"column":null}},"13":{"start":{"line":58,"column":36},"end":{"line":58,"column":null}},"14":{"start":{"line":59,"column":32},"end":{"line":59,"column":null}},"15":{"start":{"line":62,"column":42},"end":{"line":62,"column":null}},"16":{"start":{"line":63,"column":36},"end":{"line":63,"column":null}},"17":{"start":{"line":64,"column":36},"end":{"line":64,"column":null}},"18":{"start":{"line":65,"column":44},"end":{"line":65,"column":null}},"19":{"start":{"line":68,"column":42},"end":{"line":68,"column":null}},"20":{"start":{"line":69,"column":38},"end":{"line":69,"column":null}},"21":{"start":{"line":70,"column":44},"end":{"line":70,"column":null}},"22":{"start":{"line":73,"column":2},"end":{"line":75,"column":null}},"23":{"start":{"line":74,"column":4},"end":{"line":74,"column":null}},"24":{"start":{"line":78,"column":26},"end":{"line":90,"column":null}},"25":{"start":{"line":79,"column":4},"end":{"line":79,"column":null}},"26":{"start":{"line":80,"column":4},"end":{"line":80,"column":null}},"27":{"start":{"line":81,"column":4},"end":{"line":89,"column":null}},"28":{"start":{"line":82,"column":18},"end":{"line":82,"column":null}},"29":{"start":{"line":83,"column":6},"end":{"line":83,"column":null}},"30":{"start":{"line":84,"column":6},"end":{"line":84,"column":null}},"31":{"start":{"line":86,"column":6},"end":{"line":86,"column":null}},"32":{"start":{"line":88,"column":6},"end":{"line":88,"column":null}},"33":{"start":{"line":93,"column":30},"end":{"line":105,"column":null}},"34":{"start":{"line":94,"column":4},"end":{"line":94,"column":null}},"35":{"start":{"line":95,"column":4},"end":{"line":95,"column":null}},"36":{"start":{"line":96,"column":4},"end":{"line":104,"column":null}},"37":{"start":{"line":97,"column":18},"end":{"line":97,"column":null}},"38":{"start":{"line":98,"column":6},"end":{"line":98,"column":null}},"39":{"start":{"line":99,"column":6},"end":{"line":99,"column":null}},"40":{"start":{"line":101,"column":6},"end":{"line":101,"column":null}},"41":{"start":{"line":103,"column":6},"end":{"line":103,"column":null}},"42":{"start":{"line":108,"column":2},"end":{"line":112,"column":null}},"43":{"start":{"line":109,"column":4},"end":{"line":109,"column":null}},"44":{"start":{"line":110,"column":4},"end":{"line":110,"column":null}},"45":{"start":{"line":110,"column":37},"end":{"line":110,"column":null}},"46":{"start":{"line":111,"column":4},"end":{"line":111,"column":null}},"47":{"start":{"line":111,"column":41},"end":{"line":111,"column":null}},"48":{"start":{"line":115,"column":33},"end":{"line":127,"column":null}},"49":{"start":{"line":116,"column":4},"end":{"line":116,"column":null}},"50":{"start":{"line":116,"column":27},"end":{"line":116,"column":null}},"51":{"start":{"line":117,"column":4},"end":{"line":117,"column":null}},"52":{"start":{"line":118,"column":4},"end":{"line":126,"column":null}},"53":{"start":{"line":119,"column":6},"end":{"line":119,"column":null}},"54":{"start":{"line":120,"column":6},"end":{"line":120,"column":null}},"55":{"start":{"line":121,"column":6},"end":{"line":121,"column":null}},"56":{"start":{"line":122,"column":6},"end":{"line":122,"column":null}},"57":{"start":{"line":123,"column":6},"end":{"line":123,"column":null}},"58":{"start":{"line":125,"column":6},"end":{"line":125,"column":null}},"59":{"start":{"line":130,"column":33},"end":{"line":137,"column":null}},"60":{"start":{"line":131,"column":4},"end":{"line":136,"column":null}},"61":{"start":{"line":132,"column":6},"end":{"line":132,"column":null}},"62":{"start":{"line":133,"column":6},"end":{"line":133,"column":null}},"63":{"start":{"line":135,"column":6},"end":{"line":135,"column":null}},"64":{"start":{"line":140,"column":37},"end":{"line":151,"column":null}},"65":{"start":{"line":141,"column":4},"end":{"line":141,"column":null}},"66":{"start":{"line":141,"column":28},"end":{"line":141,"column":null}},"67":{"start":{"line":142,"column":4},"end":{"line":142,"column":null}},"68":{"start":{"line":143,"column":4},"end":{"line":150,"column":null}},"69":{"start":{"line":144,"column":6},"end":{"line":144,"column":null}},"70":{"start":{"line":145,"column":6},"end":{"line":145,"column":null}},"71":{"start":{"line":146,"column":6},"end":{"line":146,"column":null}},"72":{"start":{"line":147,"column":6},"end":{"line":147,"column":null}},"73":{"start":{"line":149,"column":6},"end":{"line":149,"column":null}},"74":{"start":{"line":154,"column":24},"end":{"line":161,"column":null}},"75":{"start":{"line":155,"column":4},"end":{"line":160,"column":null}},"76":{"start":{"line":156,"column":6},"end":{"line":156,"column":null}},"77":{"start":{"line":157,"column":6},"end":{"line":157,"column":null}},"78":{"start":{"line":159,"column":6},"end":{"line":159,"column":null}},"79":{"start":{"line":164,"column":23},"end":{"line":172,"column":null}},"80":{"start":{"line":165,"column":19},"end":{"line":165,"column":null}},"81":{"start":{"line":166,"column":4},"end":{"line":171,"column":null}},"82":{"start":{"line":167,"column":6},"end":{"line":167,"column":null}},"83":{"start":{"line":168,"column":6},"end":{"line":168,"column":null}},"84":{"start":{"line":170,"column":6},"end":{"line":170,"column":null}},"85":{"start":{"line":174,"column":20},"end":{"line":174,"column":null}},"86":{"start":{"line":176,"column":30},"end":{"line":178,"column":null}},"87":{"start":{"line":177,"column":33},"end":{"line":177,"column":87}},"88":{"start":{"line":180,"column":21},"end":{"line":187,"column":null}},"89":{"start":{"line":181,"column":4},"end":{"line":186,"column":null}},"90":{"start":{"line":182,"column":26},"end":{"line":182,"column":null}},"91":{"start":{"line":183,"column":22},"end":{"line":183,"column":null}},"92":{"start":{"line":184,"column":25},"end":{"line":184,"column":null}},"93":{"start":{"line":185,"column":15},"end":{"line":185,"column":null}},"94":{"start":{"line":189,"column":2},"end":{"line":400,"column":null}},"95":{"start":{"line":204,"column":22},"end":{"line":204,"column":null}},"96":{"start":{"line":205,"column":22},"end":{"line":205,"column":null}},"97":{"start":{"line":209,"column":22},"end":{"line":211,"column":null}},"98":{"start":{"line":209,"column":65},"end":{"line":209,"column":101}},"99":{"start":{"line":215,"column":22},"end":{"line":215,"column":null}},"100":{"start":{"line":226,"column":59},"end":{"line":226,"column":null}},"101":{"start":{"line":239,"column":47},"end":{"line":239,"column":null}},"102":{"start":{"line":240,"column":37},"end":{"line":240,"column":null}},"103":{"start":{"line":245,"column":63},"end":{"line":245,"column":86}},"104":{"start":{"line":276,"column":22},"end":{"line":285,"column":null}},"105":{"start":{"line":282,"column":78},"end":{"line":282,"column":109}},"106":{"start":{"line":304,"column":63},"end":{"line":304,"column":86}},"107":{"start":{"line":331,"column":22},"end":{"line":345,"column":null}},"108":{"start":{"line":338,"column":83},"end":{"line":338,"column":105}},"109":{"start":{"line":341,"column":81},"end":{"line":341,"column":122}},"110":{"start":{"line":360,"column":25},"end":{"line":360,"column":49}},"111":{"start":{"line":360,"column":49},"end":{"line":360,"column":72}},"112":{"start":{"line":367,"column":77},"end":{"line":367,"column":94}},"113":{"start":{"line":370,"column":77},"end":{"line":370,"column":94}},"114":{"start":{"line":376,"column":50},"end":{"line":376,"column":74}},"115":{"start":{"line":376,"column":74},"end":{"line":376,"column":97}},"116":{"start":{"line":384,"column":25},"end":{"line":384,"column":49}},"117":{"start":{"line":384,"column":49},"end":{"line":384,"column":72}},"118":{"start":{"line":391,"column":79},"end":{"line":391,"column":97}},"119":{"start":{"line":397,"column":50},"end":{"line":397,"column":74}},"120":{"start":{"line":397,"column":74},"end":{"line":397,"column":97}}},"fnMap":{"0":{"name":"App","decl":{"start":{"line":43,"column":9},"end":{"line":43,"column":15}},"loc":{"start":{"line":43,"column":15},"end":{"line":402,"column":null}},"line":43},"1":{"name":"(anonymous_1)","decl":{"start":{"line":73,"column":12},"end":{"line":73,"column":18}},"loc":{"start":{"line":73,"column":18},"end":{"line":75,"column":5}},"line":73},"2":{"name":"(anonymous_2)","decl":{"start":{"line":78,"column":38},"end":{"line":78,"column":50}},"loc":{"start":{"line":78,"column":50},"end":{"line":90,"column":5}},"line":78},"3":{"name":"(anonymous_3)","decl":{"start":{"line":93,"column":42},"end":{"line":93,"column":54}},"loc":{"start":{"line":93,"column":54},"end":{"line":105,"column":5}},"line":93},"4":{"name":"(anonymous_4)","decl":{"start":{"line":108,"column":12},"end":{"line":108,"column":18}},"loc":{"start":{"line":108,"column":18},"end":{"line":112,"column":5}},"line":108},"5":{"name":"(anonymous_5)","decl":{"start":{"line":115,"column":33},"end":{"line":115,"column":45}},"loc":{"start":{"line":115,"column":45},"end":{"line":127,"column":null}},"line":115},"6":{"name":"(anonymous_6)","decl":{"start":{"line":130,"column":33},"end":{"line":130,"column":40}},"loc":{"start":{"line":130,"column":55},"end":{"line":137,"column":null}},"line":130},"7":{"name":"(anonymous_7)","decl":{"start":{"line":140,"column":37},"end":{"line":140,"column":49}},"loc":{"start":{"line":140,"column":49},"end":{"line":151,"column":null}},"line":140},"8":{"name":"(anonymous_8)","decl":{"start":{"line":154,"column":24},"end":{"line":154,"column":31}},"loc":{"start":{"line":154,"column":46},"end":{"line":161,"column":null}},"line":154},"9":{"name":"(anonymous_9)","decl":{"start":{"line":164,"column":23},"end":{"line":164,"column":30}},"loc":{"start":{"line":164,"column":67},"end":{"line":172,"column":null}},"line":164},"10":{"name":"(anonymous_10)","decl":{"start":{"line":177,"column":25},"end":{"line":177,"column":26}},"loc":{"start":{"line":177,"column":33},"end":{"line":177,"column":87}},"line":177},"11":{"name":"(anonymous_11)","decl":{"start":{"line":180,"column":21},"end":{"line":180,"column":22}},"loc":{"start":{"line":180,"column":40},"end":{"line":187,"column":null}},"line":180},"12":{"name":"(anonymous_12)","decl":{"start":{"line":203,"column":30},"end":{"line":203,"column":31}},"loc":{"start":{"line":203,"column":45},"end":{"line":206,"column":null}},"line":203},"13":{"name":"(anonymous_13)","decl":{"start":{"line":208,"column":28},"end":{"line":208,"column":29}},"loc":{"start":{"line":209,"column":22},"end":{"line":211,"column":null}},"line":209},"14":{"name":"(anonymous_14)","decl":{"start":{"line":209,"column":59},"end":{"line":209,"column":65}},"loc":{"start":{"line":209,"column":65},"end":{"line":209,"column":101}},"line":209},"15":{"name":"(anonymous_15)","decl":{"start":{"line":214,"column":31},"end":{"line":214,"column":32}},"loc":{"start":{"line":215,"column":22},"end":{"line":215,"column":null}},"line":215},"16":{"name":"(anonymous_16)","decl":{"start":{"line":226,"column":46},"end":{"line":226,"column":47}},"loc":{"start":{"line":226,"column":59},"end":{"line":226,"column":null}},"line":226},"17":{"name":"(anonymous_17)","decl":{"start":{"line":239,"column":32},"end":{"line":239,"column":33}},"loc":{"start":{"line":239,"column":47},"end":{"line":239,"column":null}},"line":239},"18":{"name":"(anonymous_18)","decl":{"start":{"line":240,"column":31},"end":{"line":240,"column":37}},"loc":{"start":{"line":240,"column":37},"end":{"line":240,"column":null}},"line":240},"19":{"name":"(anonymous_19)","decl":{"start":{"line":245,"column":57},"end":{"line":245,"column":63}},"loc":{"start":{"line":245,"column":63},"end":{"line":245,"column":86}},"line":245},"20":{"name":"(anonymous_20)","decl":{"start":{"line":275,"column":45},"end":{"line":275,"column":46}},"loc":{"start":{"line":276,"column":22},"end":{"line":285,"column":null}},"line":276},"21":{"name":"(anonymous_21)","decl":{"start":{"line":282,"column":72},"end":{"line":282,"column":78}},"loc":{"start":{"line":282,"column":78},"end":{"line":282,"column":109}},"line":282},"22":{"name":"(anonymous_22)","decl":{"start":{"line":304,"column":57},"end":{"line":304,"column":63}},"loc":{"start":{"line":304,"column":63},"end":{"line":304,"column":86}},"line":304},"23":{"name":"(anonymous_23)","decl":{"start":{"line":330,"column":41},"end":{"line":330,"column":42}},"loc":{"start":{"line":331,"column":22},"end":{"line":345,"column":null}},"line":331},"24":{"name":"(anonymous_24)","decl":{"start":{"line":338,"column":77},"end":{"line":338,"column":83}},"loc":{"start":{"line":338,"column":83},"end":{"line":338,"column":105}},"line":338},"25":{"name":"(anonymous_25)","decl":{"start":{"line":341,"column":75},"end":{"line":341,"column":81}},"loc":{"start":{"line":341,"column":81},"end":{"line":341,"column":122}},"line":341},"26":{"name":"(anonymous_26)","decl":{"start":{"line":360,"column":17},"end":{"line":360,"column":23}},"loc":{"start":{"line":360,"column":23},"end":{"line":360,"column":null}},"line":360},"27":{"name":"(anonymous_27)","decl":{"start":{"line":367,"column":66},"end":{"line":367,"column":67}},"loc":{"start":{"line":367,"column":77},"end":{"line":367,"column":94}},"line":367},"28":{"name":"(anonymous_28)","decl":{"start":{"line":370,"column":66},"end":{"line":370,"column":67}},"loc":{"start":{"line":370,"column":77},"end":{"line":370,"column":94}},"line":370},"29":{"name":"(anonymous_29)","decl":{"start":{"line":376,"column":42},"end":{"line":376,"column":48}},"loc":{"start":{"line":376,"column":48},"end":{"line":376,"column":100}},"line":376},"30":{"name":"(anonymous_30)","decl":{"start":{"line":384,"column":17},"end":{"line":384,"column":23}},"loc":{"start":{"line":384,"column":23},"end":{"line":384,"column":null}},"line":384},"31":{"name":"(anonymous_31)","decl":{"start":{"line":391,"column":68},"end":{"line":391,"column":69}},"loc":{"start":{"line":391,"column":79},"end":{"line":391,"column":97}},"line":391},"32":{"name":"(anonymous_32)","decl":{"start":{"line":397,"column":42},"end":{"line":397,"column":48}},"loc":{"start":{"line":397,"column":48},"end":{"line":397,"column":100}},"line":397}},"branchMap":{"0":{"loc":{"start":{"line":83,"column":21},"end":{"line":83,"column":36}},"type":"binary-expr","locations":[{"start":{"line":83,"column":21},"end":{"line":83,"column":34}},{"start":{"line":83,"column":34},"end":{"line":83,"column":36}}],"line":83},"1":{"loc":{"start":{"line":86,"column":17},"end":{"line":86,"column":79}},"type":"cond-expr","locations":[{"start":{"line":86,"column":38},"end":{"line":86,"column":50}},{"start":{"line":86,"column":50},"end":{"line":86,"column":79}}],"line":86},"2":{"loc":{"start":{"line":98,"column":25},"end":{"line":98,"column":40}},"type":"binary-expr","locations":[{"start":{"line":98,"column":25},"end":{"line":98,"column":38}},{"start":{"line":98,"column":38},"end":{"line":98,"column":40}}],"line":98},"3":{"loc":{"start":{"line":101,"column":17},"end":{"line":101,"column":83}},"type":"cond-expr","locations":[{"start":{"line":101,"column":38},"end":{"line":101,"column":50}},{"start":{"line":101,"column":50},"end":{"line":101,"column":83}}],"line":101},"4":{"loc":{"start":{"line":110,"column":4},"end":{"line":110,"column":null}},"type":"if","locations":[{"start":{"line":110,"column":4},"end":{"line":110,"column":null}},{"start":{},"end":{}}],"line":110},"5":{"loc":{"start":{"line":111,"column":4},"end":{"line":111,"column":null}},"type":"if","locations":[{"start":{"line":111,"column":4},"end":{"line":111,"column":null}},{"start":{},"end":{}}],"line":111},"6":{"loc":{"start":{"line":116,"column":4},"end":{"line":116,"column":null}},"type":"if","locations":[{"start":{"line":116,"column":4},"end":{"line":116,"column":null}},{"start":{},"end":{}}],"line":116},"7":{"loc":{"start":{"line":119,"column":74},"end":{"line":119,"column":104}},"type":"binary-expr","locations":[{"start":{"line":119,"column":74},"end":{"line":119,"column":94}},{"start":{"line":119,"column":94},"end":{"line":119,"column":104}}],"line":119},"8":{"loc":{"start":{"line":125,"column":23},"end":{"line":125,"column":74}},"type":"cond-expr","locations":[{"start":{"line":125,"column":44},"end":{"line":125,"column":56}},{"start":{"line":125,"column":56},"end":{"line":125,"column":74}}],"line":125},"9":{"loc":{"start":{"line":135,"column":17},"end":{"line":135,"column":68}},"type":"cond-expr","locations":[{"start":{"line":135,"column":38},"end":{"line":135,"column":50}},{"start":{"line":135,"column":50},"end":{"line":135,"column":68}}],"line":135},"10":{"loc":{"start":{"line":141,"column":4},"end":{"line":141,"column":null}},"type":"if","locations":[{"start":{"line":141,"column":4},"end":{"line":141,"column":null}},{"start":{},"end":{}}],"line":141},"11":{"loc":{"start":{"line":149,"column":23},"end":{"line":149,"column":74}},"type":"cond-expr","locations":[{"start":{"line":149,"column":44},"end":{"line":149,"column":56}},{"start":{"line":149,"column":56},"end":{"line":149,"column":74}}],"line":149},"12":{"loc":{"start":{"line":159,"column":17},"end":{"line":159,"column":69}},"type":"cond-expr","locations":[{"start":{"line":159,"column":38},"end":{"line":159,"column":50}},{"start":{"line":159,"column":50},"end":{"line":159,"column":69}}],"line":159},"13":{"loc":{"start":{"line":165,"column":19},"end":{"line":165,"column":null}},"type":"cond-expr","locations":[{"start":{"line":165,"column":51},"end":{"line":165,"column":63}},{"start":{"line":165,"column":63},"end":{"line":165,"column":null}}],"line":165},"14":{"loc":{"start":{"line":170,"column":17},"end":{"line":170,"column":68}},"type":"cond-expr","locations":[{"start":{"line":170,"column":38},"end":{"line":170,"column":50}},{"start":{"line":170,"column":50},"end":{"line":170,"column":68}}],"line":170},"15":{"loc":{"start":{"line":174,"column":20},"end":{"line":174,"column":null}},"type":"binary-expr","locations":[{"start":{"line":174,"column":20},"end":{"line":174,"column":40}},{"start":{"line":174,"column":40},"end":{"line":174,"column":null}}],"line":174},"16":{"loc":{"start":{"line":176,"column":30},"end":{"line":178,"column":null}},"type":"cond-expr","locations":[{"start":{"line":177,"column":6},"end":{"line":177,"column":null}},{"start":{"line":178,"column":6},"end":{"line":178,"column":null}}],"line":176},"17":{"loc":{"start":{"line":181,"column":4},"end":{"line":186,"column":null}},"type":"switch","locations":[{"start":{"line":182,"column":6},"end":{"line":182,"column":null}},{"start":{"line":183,"column":6},"end":{"line":183,"column":null}},{"start":{"line":184,"column":6},"end":{"line":184,"column":null}},{"start":{"line":185,"column":6},"end":{"line":185,"column":null}}],"line":181},"18":{"loc":{"start":{"line":231,"column":15},"end":{"line":231,"column":null}},"type":"binary-expr","locations":[{"start":{"line":231,"column":15},"end":{"line":231,"column":26}},{"start":{"line":231,"column":26},"end":{"line":231,"column":null}}],"line":231},"19":{"loc":{"start":{"line":243,"column":19},"end":{"line":246,"column":null}},"type":"binary-expr","locations":[{"start":{"line":243,"column":19},"end":{"line":243,"column":null}},{"start":{"line":244,"column":20},"end":{"line":246,"column":null}}],"line":243},"20":{"loc":{"start":{"line":254,"column":15},"end":{"line":288,"column":null}},"type":"cond-expr","locations":[{"start":{"line":255,"column":16},"end":{"line":255,"column":null}},{"start":{"line":256,"column":18},"end":{"line":288,"column":null}}],"line":254},"21":{"loc":{"start":{"line":256,"column":18},"end":{"line":288,"column":null}},"type":"cond-expr","locations":[{"start":{"line":257,"column":16},"end":{"line":263,"column":null}},{"start":{"line":265,"column":16},"end":{"line":288,"column":null}}],"line":256},"22":{"loc":{"start":{"line":259,"column":21},"end":{"line":261,"column":null}},"type":"cond-expr","locations":[{"start":{"line":260,"column":24},"end":{"line":260,"column":null}},{"start":{"line":261,"column":24},"end":{"line":261,"column":null}}],"line":259},"23":{"loc":{"start":{"line":271,"column":23},"end":{"line":271,"column":null}},"type":"binary-expr","locations":[{"start":{"line":271,"column":23},"end":{"line":271,"column":36}},{"start":{"line":271,"column":36},"end":{"line":271,"column":null}}],"line":271},"24":{"loc":{"start":{"line":280,"column":25},"end":{"line":283,"column":null}},"type":"binary-expr","locations":[{"start":{"line":280,"column":25},"end":{"line":280,"column":null}},{"start":{"line":281,"column":26},"end":{"line":283,"column":null}}],"line":280},"25":{"loc":{"start":{"line":298,"column":15},"end":{"line":298,"column":null}},"type":"binary-expr","locations":[{"start":{"line":298,"column":15},"end":{"line":298,"column":26}},{"start":{"line":298,"column":26},"end":{"line":298,"column":null}}],"line":298},"26":{"loc":{"start":{"line":302,"column":19},"end":{"line":305,"column":null}},"type":"binary-expr","locations":[{"start":{"line":302,"column":19},"end":{"line":302,"column":null}},{"start":{"line":303,"column":20},"end":{"line":305,"column":null}}],"line":302},"27":{"loc":{"start":{"line":313,"column":15},"end":{"line":348,"column":null}},"type":"cond-expr","locations":[{"start":{"line":314,"column":16},"end":{"line":314,"column":null}},{"start":{"line":315,"column":18},"end":{"line":348,"column":null}}],"line":313},"28":{"loc":{"start":{"line":315,"column":18},"end":{"line":348,"column":null}},"type":"cond-expr","locations":[{"start":{"line":316,"column":16},"end":{"line":318,"column":null}},{"start":{"line":320,"column":16},"end":{"line":348,"column":null}}],"line":315},"29":{"loc":{"start":{"line":326,"column":23},"end":{"line":326,"column":null}},"type":"binary-expr","locations":[{"start":{"line":326,"column":23},"end":{"line":326,"column":36}},{"start":{"line":326,"column":36},"end":{"line":326,"column":null}}],"line":326},"30":{"loc":{"start":{"line":335,"column":25},"end":{"line":343,"column":null}},"type":"binary-expr","locations":[{"start":{"line":335,"column":25},"end":{"line":335,"column":null}},{"start":{"line":336,"column":26},"end":{"line":343,"column":null}}],"line":335},"31":{"loc":{"start":{"line":337,"column":29},"end":{"line":338,"column":null}},"type":"binary-expr","locations":[{"start":{"line":337,"column":29},"end":{"line":337,"column":null}},{"start":{"line":338,"column":30},"end":{"line":338,"column":null}}],"line":337},"32":{"loc":{"start":{"line":340,"column":29},"end":{"line":341,"column":null}},"type":"binary-expr","locations":[{"start":{"line":340,"column":29},"end":{"line":340,"column":null}},{"start":{"line":341,"column":30},"end":{"line":341,"column":null}}],"line":340},"33":{"loc":{"start":{"line":364,"column":11},"end":{"line":364,"column":null}},"type":"binary-expr","locations":[{"start":{"line":364,"column":11},"end":{"line":364,"column":28}},{"start":{"line":364,"column":28},"end":{"line":364,"column":null}}],"line":364},"34":{"loc":{"start":{"line":388,"column":11},"end":{"line":388,"column":null}},"type":"binary-expr","locations":[{"start":{"line":388,"column":11},"end":{"line":388,"column":28}},{"start":{"line":388,"column":28},"end":{"line":388,"column":null}}],"line":388}},"s":{"0":1,"1":1,"2":1,"3":149,"4":149,"5":149,"6":149,"7":149,"8":149,"9":149,"10":149,"11":149,"12":149,"13":149,"14":149,"15":149,"16":149,"17":149,"18":149,"19":149,"20":149,"21":149,"22":149,"23":28,"24":149,"25":31,"26":31,"27":31,"28":31,"29":30,"30":31,"31":1,"32":31,"33":149,"34":15,"35":15,"36":15,"37":15,"38":15,"39":15,"40":0,"41":15,"42":149,"43":39,"44":39,"45":28,"46":39,"47":11,"48":149,"49":2,"50":0,"51":2,"52":2,"53":2,"54":1,"55":1,"56":1,"57":1,"58":1,"59":149,"60":2,"61":2,"62":1,"63":1,"64":149,"65":2,"66":0,"67":2,"68":2,"69":2,"70":1,"71":1,"72":1,"73":1,"74":149,"75":2,"76":2,"77":1,"78":1,"79":149,"80":3,"81":3,"82":3,"83":2,"84":1,"85":149,"86":149,"87":4,"88":149,"89":63,"90":21,"91":21,"92":21,"93":0,"94":149,"95":3,"96":3,"97":146,"98":3,"99":596,"100":11,"101":2,"102":0,"103":3,"104":185,"105":2,"106":2,"107":63,"108":2,"109":3,"110":0,"111":0,"112":2,"113":1,"114":1,"115":1,"116":0,"117":0,"118":2,"119":0,"120":0},"f":{"0":149,"1":28,"2":31,"3":15,"4":39,"5":2,"6":2,"7":2,"8":2,"9":3,"10":4,"11":63,"12":3,"13":146,"14":3,"15":596,"16":11,"17":2,"18":0,"19":3,"20":185,"21":2,"22":2,"23":63,"24":2,"25":3,"26":0,"27":2,"28":1,"29":1,"30":0,"31":2,"32":0},"b":{"0":[30,0],"1":[1,0],"2":[15,0],"3":[0,0],"4":[28,11],"5":[11,28],"6":[0,2],"7":[2,1],"8":[1,0],"9":[1,0],"10":[0,2],"11":[1,0],"12":[1,0],"13":[1,2],"14":[1,0],"15":[149,9],"16":[2,147],"17":[21,21,21,0],"18":[149,2],"19":[149,142],"20":[28,121],"21":[28,93],"22":[27,1],"23":[93,86],"24":[185,171],"25":[149,2],"26":[149,142],"27":[15,134],"28":[113,21],"29":[21,20],"30":[63,60],"31":[60,40],"32":[60,40],"33":[149,1],"34":[149,1]},"meta":{"lastBranch":35,"lastFunction":33,"lastStatement":121,"seen":{"s:194:12:194:13":0,"s:2:49:2:Infinity":1,"s:41:22:41:Infinity":2,"f:43:9:43:15":0,"s:44:26:44:Infinity":3,"s:45:46:45:Infinity":4,"s:46:36:46:Infinity":5,"s:49:40:49:Infinity":6,"s:50:32:50:Infinity":7,"s:51:34:51:Infinity":8,"s:52:36:52:Infinity":9,"s:53:32:53:Infinity":10,"s:56:48:56:Infinity":11,"s:57:32:57:Infinity":12,"s:58:36:58:Infinity":13,"s:59:32:59:Infinity":14,"s:62:42:62:Infinity":15,"s:63:36:63:Infinity":16,"s:64:36:64:Infinity":17,"s:65:44:65:Infinity":18,"s:68:42:68:Infinity":19,"s:69:38:69:Infinity":20,"s:70:44:70:Infinity":21,"s:73:2:75:Infinity":22,"f:73:12:73:18":1,"s:74:4:74:Infinity":23,"s:78:26:90:Infinity":24,"f:78:38:78:50":2,"s:79:4:79:Infinity":25,"s:80:4:80:Infinity":26,"s:81:4:89:Infinity":27,"s:82:18:82:Infinity":28,"s:83:6:83:Infinity":29,"b:83:21:83:34:83:34:83:36":0,"s:84:6:84:Infinity":30,"s:86:6:86:Infinity":31,"b:86:38:86:50:86:50:86:79":1,"s:88:6:88:Infinity":32,"s:93:30:105:Infinity":33,"f:93:42:93:54":3,"s:94:4:94:Infinity":34,"s:95:4:95:Infinity":35,"s:96:4:104:Infinity":36,"s:97:18:97:Infinity":37,"s:98:6:98:Infinity":38,"b:98:25:98:38:98:38:98:40":2,"s:99:6:99:Infinity":39,"s:101:6:101:Infinity":40,"b:101:38:101:50:101:50:101:83":3,"s:103:6:103:Infinity":41,"s:108:2:112:Infinity":42,"f:108:12:108:18":4,"s:109:4:109:Infinity":43,"b:110:4:110:Infinity:undefined:undefined:undefined:undefined":4,"s:110:4:110:Infinity":44,"s:110:37:110:Infinity":45,"b:111:4:111:Infinity:undefined:undefined:undefined:undefined":5,"s:111:4:111:Infinity":46,"s:111:41:111:Infinity":47,"s:115:33:127:Infinity":48,"f:115:33:115:45":5,"b:116:4:116:Infinity:undefined:undefined:undefined:undefined":6,"s:116:4:116:Infinity":49,"s:116:27:116:Infinity":50,"s:117:4:117:Infinity":51,"s:118:4:126:Infinity":52,"s:119:6:119:Infinity":53,"b:119:74:119:94:119:94:119:104":7,"s:120:6:120:Infinity":54,"s:121:6:121:Infinity":55,"s:122:6:122:Infinity":56,"s:123:6:123:Infinity":57,"s:125:6:125:Infinity":58,"b:125:44:125:56:125:56:125:74":8,"s:130:33:137:Infinity":59,"f:130:33:130:40":6,"s:131:4:136:Infinity":60,"s:132:6:132:Infinity":61,"s:133:6:133:Infinity":62,"s:135:6:135:Infinity":63,"b:135:38:135:50:135:50:135:68":9,"s:140:37:151:Infinity":64,"f:140:37:140:49":7,"b:141:4:141:Infinity:undefined:undefined:undefined:undefined":10,"s:141:4:141:Infinity":65,"s:141:28:141:Infinity":66,"s:142:4:142:Infinity":67,"s:143:4:150:Infinity":68,"s:144:6:144:Infinity":69,"s:145:6:145:Infinity":70,"s:146:6:146:Infinity":71,"s:147:6:147:Infinity":72,"s:149:6:149:Infinity":73,"b:149:44:149:56:149:56:149:74":11,"s:154:24:161:Infinity":74,"f:154:24:154:31":8,"s:155:4:160:Infinity":75,"s:156:6:156:Infinity":76,"s:157:6:157:Infinity":77,"s:159:6:159:Infinity":78,"b:159:38:159:50:159:50:159:69":12,"s:164:23:172:Infinity":79,"f:164:23:164:30":9,"s:165:19:165:Infinity":80,"b:165:51:165:63:165:63:165:Infinity":13,"s:166:4:171:Infinity":81,"s:167:6:167:Infinity":82,"s:168:6:168:Infinity":83,"s:170:6:170:Infinity":84,"b:170:38:170:50:170:50:170:68":14,"s:174:20:174:Infinity":85,"b:174:20:174:40:174:40:174:Infinity":15,"s:176:30:178:Infinity":86,"b:177:6:177:Infinity:178:6:178:Infinity":16,"f:177:25:177:26":10,"s:177:33:177:87":87,"s:180:21:187:Infinity":88,"f:180:21:180:22":11,"b:182:6:182:Infinity:183:6:183:Infinity:184:6:184:Infinity:185:6:185:Infinity":17,"s:181:4:186:Infinity":89,"s:182:26:182:Infinity":90,"s:183:22:183:Infinity":91,"s:184:25:184:Infinity":92,"s:185:15:185:Infinity":93,"s:189:2:400:Infinity":94,"f:203:30:203:31":12,"s:204:22:204:Infinity":95,"s:205:22:205:Infinity":96,"f:208:28:208:29":13,"s:209:22:211:Infinity":97,"f:209:59:209:65":14,"s:209:65:209:101":98,"f:214:31:214:32":15,"s:215:22:215:Infinity":99,"f:226:46:226:47":16,"s:226:59:226:Infinity":100,"b:231:15:231:26:231:26:231:Infinity":18,"f:239:32:239:33":17,"s:239:47:239:Infinity":101,"f:240:31:240:37":18,"s:240:37:240:Infinity":102,"b:243:19:243:Infinity:244:20:246:Infinity":19,"f:245:57:245:63":19,"s:245:63:245:86":103,"b:255:16:255:Infinity:256:18:288:Infinity":20,"b:257:16:263:Infinity:265:16:288:Infinity":21,"b:260:24:260:Infinity:261:24:261:Infinity":22,"b:271:23:271:36:271:36:271:Infinity":23,"f:275:45:275:46":20,"s:276:22:285:Infinity":104,"b:280:25:280:Infinity:281:26:283:Infinity":24,"f:282:72:282:78":21,"s:282:78:282:109":105,"b:298:15:298:26:298:26:298:Infinity":25,"b:302:19:302:Infinity:303:20:305:Infinity":26,"f:304:57:304:63":22,"s:304:63:304:86":106,"b:314:16:314:Infinity:315:18:348:Infinity":27,"b:316:16:318:Infinity:320:16:348:Infinity":28,"b:326:23:326:36:326:36:326:Infinity":29,"f:330:41:330:42":23,"s:331:22:345:Infinity":107,"b:335:25:335:Infinity:336:26:343:Infinity":30,"b:337:29:337:Infinity:338:30:338:Infinity":31,"f:338:77:338:83":24,"s:338:83:338:105":108,"b:340:29:340:Infinity:341:30:341:Infinity":32,"f:341:75:341:81":25,"s:341:81:341:122":109,"f:360:17:360:23":26,"s:360:25:360:49":110,"s:360:49:360:72":111,"b:364:11:364:28:364:28:364:Infinity":33,"f:367:66:367:67":27,"s:367:77:367:94":112,"f:370:66:370:67":28,"s:370:77:370:94":113,"f:376:42:376:48":29,"s:376:50:376:74":114,"s:376:74:376:97":115,"f:384:17:384:23":30,"s:384:25:384:49":116,"s:384:49:384:72":117,"b:388:11:388:28:388:28:388:Infinity":34,"f:391:68:391:69":31,"s:391:79:391:97":118,"f:397:42:397:48":32,"s:397:50:397:74":119,"s:397:74:397:97":120}}}
,"/home/jsalomon/src/pc-asset-hub/ui/src/api/client.ts": {"path":"/home/jsalomon/src/pc-asset-hub/ui/src/api/client.ts","statementMap":{"0":{"start":{"line":3,"column":17},"end":{"line":3,"column":null}},"1":{"start":{"line":5,"column":33},"end":{"line":5,"column":null}},"2":{"start":{"line":8,"column":2},"end":{"line":8,"column":null}},"3":{"start":{"line":12,"column":42},"end":{"line":15,"column":null}},"4":{"start":{"line":16,"column":2},"end":{"line":18,"column":null}},"5":{"start":{"line":17,"column":4},"end":{"line":17,"column":null}},"6":{"start":{"line":19,"column":14},"end":{"line":19,"column":null}},"7":{"start":{"line":20,"column":2},"end":{"line":23,"column":null}},"8":{"start":{"line":21,"column":17},"end":{"line":21,"column":null}},"9":{"start":{"line":22,"column":4},"end":{"line":22,"column":null}},"10":{"start":{"line":24,"column":2},"end":{"line":24,"column":null}},"11":{"start":{"line":24,"column":26},"end":{"line":24,"column":null}},"12":{"start":{"line":25,"column":2},"end":{"line":25,"column":null}},"13":{"start":{"line":28,"column":19},"end":{"line":69,"column":null}},"14":{"start":{"line":31,"column":20},"end":{"line":31,"column":null}},"15":{"start":{"line":32,"column":6},"end":{"line":32,"column":null}},"16":{"start":{"line":34,"column":25},"end":{"line":34,"column":null}},"17":{"start":{"line":36,"column":6},"end":{"line":39,"column":null}},"18":{"start":{"line":41,"column":6},"end":{"line":44,"column":null}},"19":{"start":{"line":46,"column":6},"end":{"line":46,"column":null}},"20":{"start":{"line":48,"column":6},"end":{"line":51,"column":null}},"21":{"start":{"line":54,"column":16},"end":{"line":54,"column":null}},"22":{"start":{"line":55,"column":25},"end":{"line":55,"column":null}},"23":{"start":{"line":57,"column":6},"end":{"line":60,"column":null}},"24":{"start":{"line":62,"column":6},"end":{"line":62,"column":null}},"25":{"start":{"line":64,"column":6},"end":{"line":67,"column":null}}},"fnMap":{"0":{"name":"setAuthRole","decl":{"start":{"line":7,"column":16},"end":{"line":7,"column":28}},"loc":{"start":{"line":7,"column":49},"end":{"line":9,"column":null}},"line":7},"1":{"name":"fetchJSON","decl":{"start":{"line":11,"column":15},"end":{"line":11,"column":28}},"loc":{"start":{"line":11,"column":76},"end":{"line":26,"column":null}},"line":11},"2":{"name":"(anonymous_2)","decl":{"start":{"line":30,"column":10},"end":{"line":30,"column":11}},"loc":{"start":{"line":30,"column":42},"end":{"line":33,"column":null}},"line":30},"3":{"name":"(anonymous_3)","decl":{"start":{"line":34,"column":9},"end":{"line":34,"column":10}},"loc":{"start":{"line":34,"column":25},"end":{"line":34,"column":null}},"line":34},"4":{"name":"(anonymous_4)","decl":{"start":{"line":35,"column":12},"end":{"line":35,"column":13}},"loc":{"start":{"line":36,"column":6},"end":{"line":39,"column":null}},"line":36},"5":{"name":"(anonymous_5)","decl":{"start":{"line":40,"column":12},"end":{"line":40,"column":13}},"loc":{"start":{"line":41,"column":6},"end":{"line":44,"column":null}},"line":41},"6":{"name":"(anonymous_6)","decl":{"start":{"line":45,"column":12},"end":{"line":45,"column":13}},"loc":{"start":{"line":46,"column":6},"end":{"line":46,"column":null}},"line":46},"7":{"name":"(anonymous_7)","decl":{"start":{"line":47,"column":10},"end":{"line":47,"column":11}},"loc":{"start":{"line":48,"column":6},"end":{"line":51,"column":null}},"line":48},"8":{"name":"(anonymous_8)","decl":{"start":{"line":54,"column":10},"end":{"line":54,"column":16}},"loc":{"start":{"line":54,"column":16},"end":{"line":54,"column":null}},"line":54},"9":{"name":"(anonymous_9)","decl":{"start":{"line":55,"column":9},"end":{"line":55,"column":10}},"loc":{"start":{"line":55,"column":25},"end":{"line":55,"column":null}},"line":55},"10":{"name":"(anonymous_10)","decl":{"start":{"line":56,"column":12},"end":{"line":56,"column":13}},"loc":{"start":{"line":57,"column":6},"end":{"line":60,"column":null}},"line":57},"11":{"name":"(anonymous_11)","decl":{"start":{"line":61,"column":13},"end":{"line":61,"column":14}},"loc":{"start":{"line":62,"column":6},"end":{"line":62,"column":null}},"line":62},"12":{"name":"(anonymous_12)","decl":{"start":{"line":63,"column":12},"end":{"line":63,"column":13}},"loc":{"start":{"line":64,"column":6},"end":{"line":67,"column":null}},"line":64}},"branchMap":{"0":{"loc":{"start":{"line":3,"column":17},"end":{"line":3,"column":null}},"type":"binary-expr","locations":[{"start":{"line":3,"column":17},"end":{"line":3,"column":54}},{"start":{"line":3,"column":54},"end":{"line":3,"column":null}}],"line":3},"1":{"loc":{"start":{"line":14,"column":9},"end":{"line":14,"column":null}},"type":"binary-expr","locations":[{"start":{"line":14,"column":9},"end":{"line":14,"column":56}},{"start":{"line":14,"column":56},"end":{"line":14,"column":null}}],"line":14},"2":{"loc":{"start":{"line":16,"column":2},"end":{"line":18,"column":null}},"type":"if","locations":[{"start":{"line":16,"column":2},"end":{"line":18,"column":null}},{"start":{},"end":{}}],"line":16},"3":{"loc":{"start":{"line":20,"column":2},"end":{"line":23,"column":null}},"type":"if","locations":[{"start":{"line":20,"column":2},"end":{"line":23,"column":null}},{"start":{},"end":{}}],"line":20},"4":{"loc":{"start":{"line":24,"column":2},"end":{"line":24,"column":null}},"type":"if","locations":[{"start":{"line":24,"column":2},"end":{"line":24,"column":null}},{"start":{},"end":{}}],"line":24},"5":{"loc":{"start":{"line":31,"column":20},"end":{"line":31,"column":null}},"type":"cond-expr","locations":[{"start":{"line":31,"column":35},"end":{"line":31,"column":80}},{"start":{"line":31,"column":80},"end":{"line":31,"column":null}}],"line":31}},"s":{"0":1,"1":0,"2":0,"3":0,"4":0,"5":0,"6":0,"7":0,"8":0,"9":0,"10":0,"11":0,"12":0,"13":0,"14":0,"15":0,"16":0,"17":0,"18":0,"19":0,"20":0,"21":0,"22":0,"23":0,"24":0,"25":0},"f":{"0":0,"1":0,"2":0,"3":0,"4":0,"5":0,"6":0,"7":0,"8":0,"9":0,"10":0,"11":0,"12":0},"b":{"0":[1,0],"1":[0,0],"2":[0,0],"3":[0,0],"4":[0,0],"5":[0,0]},"meta":{"lastBranch":6,"lastFunction":13,"lastStatement":26,"seen":{"s:3:17:3:Infinity":0,"b:3:17:3:54:3:54:3:Infinity":0,"s:5:33:5:Infinity":1,"f:7:16:7:28":0,"s:8:2:8:Infinity":2,"f:11:15:11:28":1,"s:12:42:15:Infinity":3,"b:14:9:14:56:14:56:14:Infinity":1,"b:16:2:18:Infinity:undefined:undefined:undefined:undefined":2,"s:16:2:18:Infinity":4,"s:17:4:17:Infinity":5,"s:19:14:19:Infinity":6,"b:20:2:23:Infinity:undefined:undefined:undefined:undefined":3,"s:20:2:23:Infinity":7,"s:21:17:21:Infinity":8,"s:22:4:22:Infinity":9,"b:24:2:24:Infinity:undefined:undefined:undefined:undefined":4,"s:24:2:24:Infinity":10,"s:24:26:24:Infinity":11,"s:25:2:25:Infinity":12,"s:28:19:69:Infinity":13,"f:30:10:30:11":2,"s:31:20:31:Infinity":14,"b:31:35:31:80:31:80:31:Infinity":5,"s:32:6:32:Infinity":15,"f:34:9:34:10":3,"s:34:25:34:Infinity":16,"f:35:12:35:13":4,"s:36:6:39:Infinity":17,"f:40:12:40:13":5,"s:41:6:44:Infinity":18,"f:45:12:45:13":6,"s:46:6:46:Infinity":19,"f:47:10:47:11":7,"s:48:6:51:Infinity":20,"f:54:10:54:16":8,"s:54:16:54:Infinity":21,"f:55:9:55:10":9,"s:55:25:55:Infinity":22,"f:56:12:56:13":10,"s:57:6:60:Infinity":23,"f:61:13:61:14":11,"s:62:6:62:Infinity":24,"f:63:12:63:13":12,"s:64:6:67:Infinity":25}}}
}
