<?xml version="1.0" encoding="UTF-8"?>
<coverage generated="1771269100363" clover="3.2.0">
  <project timestamp="1771269100363" name="All files">
    <metrics statements="537" coveredstatements="497" conditionals="385" coveredconditionals="284" methods="184" coveredmethods="150" elements="1106" coveredelements="931" complexity="0" loc="537" ncloc="537" packages="3" files="5" classes="5"/>
    <package name="src">
      <metrics statements="146" coveredstatements="141" conditionals="98" coveredconditionals="76" methods="42" coveredmethods="39"/>
      <file name="App.tsx" path="/home/jsalomon/src/pc-asset-hub/ui/src/App.tsx">
        <metrics statements="146" coveredstatements="141" conditionals="98" coveredconditionals="76" methods="42" coveredmethods="39"/>
        <line num="2" count="1" type="stmt"/>
        <line num="45" count="1" type="stmt"/>
        <line num="48" count="245" type="stmt"/>
        <line num="49" count="245" type="stmt"/>
        <line num="50" count="245" type="stmt"/>
        <line num="51" count="245" type="stmt"/>
        <line num="54" count="245" type="stmt"/>
        <line num="55" count="245" type="cond" truecount="2" falsecount="0"/>
        <line num="56" count="158" type="cond" truecount="1" falsecount="1"/>
        <line num="57" count="158" type="stmt"/>
        <line num="61" count="245" type="stmt"/>
        <line num="62" count="245" type="stmt"/>
        <line num="63" count="245" type="stmt"/>
        <line num="64" count="245" type="stmt"/>
        <line num="65" count="245" type="stmt"/>
        <line num="68" count="245" type="stmt"/>
        <line num="69" count="245" type="stmt"/>
        <line num="70" count="245" type="stmt"/>
        <line num="71" count="245" type="stmt"/>
        <line num="74" count="245" type="stmt"/>
        <line num="75" count="245" type="stmt"/>
        <line num="76" count="245" type="stmt"/>
        <line num="77" count="245" type="stmt"/>
        <line num="80" count="245" type="stmt"/>
        <line num="83" count="245" type="stmt"/>
        <line num="86" count="245" type="stmt"/>
        <line num="87" count="245" type="stmt"/>
        <line num="88" count="245" type="stmt"/>
        <line num="91" count="245" type="stmt"/>
        <line num="92" count="44" type="stmt"/>
        <line num="96" count="245" type="stmt"/>
        <line num="97" count="47" type="stmt"/>
        <line num="98" count="47" type="stmt"/>
        <line num="99" count="47" type="stmt"/>
        <line num="100" count="47" type="stmt"/>
        <line num="101" count="46" type="cond" truecount="1" falsecount="1"/>
        <line num="102" count="47" type="stmt"/>
        <line num="104" count="1" type="cond" truecount="1" falsecount="1"/>
        <line num="106" count="47" type="stmt"/>
        <line num="111" count="245" type="stmt"/>
        <line num="112" count="25" type="stmt"/>
        <line num="113" count="25" type="stmt"/>
        <line num="114" count="25" type="stmt"/>
        <line num="115" count="25" type="stmt"/>
        <line num="116" count="24" type="cond" truecount="1" falsecount="1"/>
        <line num="117" count="25" type="stmt"/>
        <line num="119" count="1" type="cond" truecount="1" falsecount="1"/>
        <line num="121" count="25" type="stmt"/>
        <line num="126" count="245" type="stmt"/>
        <line num="127" count="245" type="stmt"/>
        <line num="128" count="64" type="stmt"/>
        <line num="129" count="64" type="cond" truecount="2" falsecount="0"/>
        <line num="130" count="64" type="cond" truecount="2" falsecount="0"/>
        <line num="134" count="245" type="stmt"/>
        <line num="135" count="2" type="cond" truecount="1" falsecount="1"/>
        <line num="136" count="2" type="stmt"/>
        <line num="137" count="2" type="stmt"/>
        <line num="138" count="2" type="cond" truecount="2" falsecount="0"/>
        <line num="139" count="1" type="stmt"/>
        <line num="140" count="1" type="stmt"/>
        <line num="141" count="1" type="stmt"/>
        <line num="142" count="1" type="stmt"/>
        <line num="144" count="1" type="cond" truecount="1" falsecount="1"/>
        <line num="149" count="245" type="stmt"/>
        <line num="150" count="2" type="cond" truecount="1" falsecount="1"/>
        <line num="151" count="2" type="stmt"/>
        <line num="152" count="2" type="stmt"/>
        <line num="153" count="1" type="stmt"/>
        <line num="154" count="1" type="stmt"/>
        <line num="156" count="1" type="cond" truecount="1" falsecount="1"/>
        <line num="157" count="1" type="stmt"/>
        <line num="162" count="245" type="stmt"/>
        <line num="163" count="2" type="cond" truecount="1" falsecount="1"/>
        <line num="164" count="2" type="stmt"/>
        <line num="165" count="2" type="stmt"/>
        <line num="166" count="2" type="stmt"/>
        <line num="167" count="1" type="stmt"/>
        <line num="168" count="1" type="stmt"/>
        <line num="169" count="1" type="stmt"/>
        <line num="171" count="1" type="cond" truecount="1" falsecount="1"/>
        <line num="176" count="245" type="stmt"/>
        <line num="177" count="2" type="stmt"/>
        <line num="178" count="2" type="stmt"/>
        <line num="179" count="1" type="stmt"/>
        <line num="181" count="1" type="cond" truecount="1" falsecount="1"/>
        <line num="186" count="245" type="stmt"/>
        <line num="187" count="3" type="cond" truecount="2" falsecount="0"/>
        <line num="188" count="3" type="stmt"/>
        <line num="189" count="3" type="stmt"/>
        <line num="190" count="2" type="stmt"/>
        <line num="192" count="1" type="cond" truecount="1" falsecount="1"/>
        <line num="197" count="245" type="stmt"/>
        <line num="198" count="2" type="cond" truecount="1" falsecount="1"/>
        <line num="199" count="2" type="stmt"/>
        <line num="200" count="2" type="stmt"/>
        <line num="201" count="1" type="stmt"/>
        <line num="202" count="1" type="stmt"/>
        <line num="204" count="1" type="cond" truecount="1" falsecount="1"/>
        <line num="205" count="1" type="stmt"/>
        <line num="209" count="245" type="stmt"/>
        <line num="210" count="114" type="cond" truecount="1" falsecount="1"/>
        <line num="211" count="114" type="cond" truecount="4" falsecount="0"/>
        <line num="212" count="38" type="stmt"/>
        <line num="215" count="245" type="cond" truecount="2" falsecount="0"/>
        <line num="217" count="245" type="cond" truecount="2" falsecount="0"/>
        <line num="218" count="6" type="stmt"/>
        <line num="221" count="245" type="stmt"/>
        <line num="222" count="120" type="cond" truecount="3" falsecount="1"/>
        <line num="223" count="40" type="stmt"/>
        <line num="224" count="40" type="stmt"/>
        <line num="225" count="40" type="stmt"/>
        <line num="226" count="0" type="stmt"/>
        <line num="230" count="245" type="stmt"/>
        <line num="231" count="20" type="cond" truecount="2" falsecount="2"/>
        <line num="232" count="20" type="cond" truecount="0" falsecount="2"/>
        <line num="233" count="0" type="stmt"/>
        <line num="238" count="245" type="stmt"/>
        <line num="239" count="1" type="stmt"/>
        <line num="249" count="3" type="stmt"/>
        <line num="250" count="1" type="stmt"/>
        <line num="255" count="4" type="stmt"/>
        <line num="286" count="316" type="stmt"/>
        <line num="288" count="0" type="stmt"/>
        <line num="296" count="4" type="stmt"/>
        <line num="310" count="245" type="stmt"/>
        <line num="319" count="4" type="stmt"/>
        <line num="346" count="120" type="stmt"/>
        <line num="353" count="2" type="stmt"/>
        <line num="356" count="3" type="stmt"/>
        <line num="359" count="4" type="stmt"/>
        <line num="372" count="245" type="stmt"/>
        <line num="387" count="4" type="stmt"/>
        <line num="388" count="4" type="stmt"/>
        <line num="392" count="241" type="stmt"/>
        <line num="398" count="980" type="stmt"/>
        <line num="432" count="1" type="stmt"/>
        <line num="439" count="2" type="stmt"/>
        <line num="442" count="1" type="stmt"/>
        <line num="448" count="1" type="stmt"/>
        <line num="456" count="0" type="stmt"/>
        <line num="464" count="1" type="stmt"/>
        <line num="472" count="1" type="stmt"/>
        <line num="479" count="2" type="stmt"/>
        <line num="485" count="1" type="stmt"/>
        <line num="493" count="0" type="stmt"/>
        <line num="504" count="1" type="stmt"/>
      </file>
    </package>
    <package name="src.api">
      <metrics statements="44" coveredstatements="44" conditionals="12" coveredconditionals="12" methods="32" coveredmethods="32"/>
      <file name="client.ts" path="/home/jsalomon/src/pc-asset-hub/ui/src/api/client.ts">
        <metrics statements="44" coveredstatements="44" conditionals="12" coveredconditionals="12" methods="32" coveredmethods="32"/>
        <line num="13" count="4" type="cond" truecount="2" falsecount="0"/>
        <line num="15" count="1" type="stmt"/>
        <line num="18" count="37" type="stmt"/>
        <line num="22" count="35" type="stmt"/>
        <line num="26" count="35" type="cond" truecount="2" falsecount="0"/>
        <line num="27" count="1" type="stmt"/>
        <line num="29" count="35" type="stmt"/>
        <line num="30" count="35" type="cond" truecount="2" falsecount="0"/>
        <line num="31" count="1" type="stmt"/>
        <line num="32" count="1" type="stmt"/>
        <line num="34" count="34" type="cond" truecount="2" falsecount="0"/>
        <line num="35" count="28" type="stmt"/>
        <line num="38" count="1" type="stmt"/>
        <line num="41" count="4" type="cond" truecount="2" falsecount="0"/>
        <line num="42" count="4" type="stmt"/>
        <line num="44" count="1" type="stmt"/>
        <line num="46" count="2" type="stmt"/>
        <line num="51" count="1" type="stmt"/>
        <line num="56" count="1" type="stmt"/>
        <line num="58" count="1" type="stmt"/>
        <line num="65" count="1" type="stmt"/>
        <line num="67" count="2" type="stmt"/>
        <line num="72" count="1" type="stmt"/>
        <line num="76" count="1" type="stmt"/>
        <line num="83" count="1" type="stmt"/>
        <line num="85" count="1" type="stmt"/>
        <line num="90" count="1" type="stmt"/>
        <line num="95" count="1" type="stmt"/>
        <line num="96" count="1" type="stmt"/>
        <line num="98" count="1" type="stmt"/>
        <line num="103" count="1" type="stmt"/>
        <line num="108" count="1" type="stmt"/>
        <line num="110" count="1" type="stmt"/>
        <line num="112" count="1" type="stmt"/>
        <line num="117" count="1" type="stmt"/>
        <line num="121" count="1" type="stmt"/>
        <line num="128" count="1" type="stmt"/>
        <line num="130" count="1" type="stmt"/>
        <line num="133" count="1" type="stmt"/>
        <line num="134" count="1" type="stmt"/>
        <line num="136" count="1" type="stmt"/>
        <line num="141" count="1" type="stmt"/>
        <line num="143" count="1" type="stmt"/>
        <line num="148" count="1" type="stmt"/>
      </file>
    </package>
    <package name="src.pages.meta">
      <metrics statements="347" coveredstatements="312" conditionals="275" coveredconditionals="196" methods="110" coveredmethods="79"/>
      <file name="EntityTypeDetailPage.tsx" path="/home/jsalomon/src/pc-asset-hub/ui/src/pages/meta/EntityTypeDetailPage.tsx">
        <metrics statements="205" coveredstatements="177" conditionals="177" coveredconditionals="120" methods="69" coveredmethods="45"/>
        <line num="1" count="2" type="stmt"/>
        <line num="45" count="204" type="stmt"/>
        <line num="46" count="204" type="stmt"/>
        <line num="47" count="204" type="cond" truecount="2" falsecount="0"/>
        <line num="49" count="204" type="stmt"/>
        <line num="50" count="204" type="stmt"/>
        <line num="51" count="204" type="stmt"/>
        <line num="52" count="204" type="stmt"/>
        <line num="55" count="204" type="stmt"/>
        <line num="56" count="204" type="stmt"/>
        <line num="59" count="204" type="stmt"/>
        <line num="60" count="204" type="stmt"/>
        <line num="61" count="204" type="stmt"/>
        <line num="64" count="204" type="stmt"/>
        <line num="65" count="204" type="stmt"/>
        <line num="68" count="204" type="stmt"/>
        <line num="71" count="204" type="stmt"/>
        <line num="72" count="204" type="stmt"/>
        <line num="73" count="204" type="stmt"/>
        <line num="74" count="204" type="stmt"/>
        <line num="75" count="204" type="stmt"/>
        <line num="76" count="204" type="stmt"/>
        <line num="77" count="204" type="stmt"/>
        <line num="78" count="204" type="stmt"/>
        <line num="81" count="204" type="stmt"/>
        <line num="82" count="204" type="stmt"/>
        <line num="83" count="204" type="stmt"/>
        <line num="84" count="204" type="stmt"/>
        <line num="85" count="204" type="stmt"/>
        <line num="86" count="204" type="stmt"/>
        <line num="87" count="204" type="stmt"/>
        <line num="88" count="204" type="stmt"/>
        <line num="91" count="204" type="stmt"/>
        <line num="92" count="204" type="stmt"/>
        <line num="93" count="204" type="stmt"/>
        <line num="96" count="204" type="stmt"/>
        <line num="99" count="204" type="stmt"/>
        <line num="100" count="204" type="stmt"/>
        <line num="101" count="204" type="stmt"/>
        <line num="102" count="204" type="stmt"/>
        <line num="104" count="204" type="stmt"/>
        <line num="105" count="42" type="cond" truecount="1" falsecount="1"/>
        <line num="106" count="42" type="stmt"/>
        <line num="107" count="42" type="stmt"/>
        <line num="108" count="42" type="stmt"/>
        <line num="109" count="42" type="stmt"/>
        <line num="110" count="41" type="stmt"/>
        <line num="112" count="1" type="cond" truecount="1" falsecount="1"/>
        <line num="114" count="42" type="stmt"/>
        <line num="118" count="204" type="stmt"/>
        <line num="119" count="15" type="cond" truecount="1" falsecount="1"/>
        <line num="120" count="15" type="stmt"/>
        <line num="121" count="15" type="stmt"/>
        <line num="122" count="15" type="stmt"/>
        <line num="123" count="14" type="cond" truecount="1" falsecount="1"/>
        <line num="125" count="1" type="cond" truecount="1" falsecount="1"/>
        <line num="127" count="15" type="stmt"/>
        <line num="131" count="204" type="stmt"/>
        <line num="132" count="9" type="cond" truecount="1" falsecount="1"/>
        <line num="133" count="9" type="stmt"/>
        <line num="134" count="9" type="stmt"/>
        <line num="135" count="9" type="stmt"/>
        <line num="136" count="8" type="cond" truecount="1" falsecount="1"/>
        <line num="138" count="1" type="cond" truecount="1" falsecount="1"/>
        <line num="140" count="9" type="stmt"/>
        <line num="144" count="204" type="stmt"/>
        <line num="145" count="7" type="cond" truecount="1" falsecount="1"/>
        <line num="146" count="7" type="stmt"/>
        <line num="147" count="7" type="stmt"/>
        <line num="148" count="7" type="stmt"/>
        <line num="149" count="6" type="cond" truecount="1" falsecount="1"/>
        <line num="151" count="1" type="cond" truecount="1" falsecount="1"/>
        <line num="153" count="7" type="stmt"/>
        <line num="157" count="204" type="stmt"/>
        <line num="158" count="39" type="stmt"/>
        <line num="161" count="204" type="stmt"/>
        <line num="162" count="67" type="cond" truecount="2" falsecount="0"/>
        <line num="163" count="13" type="stmt"/>
        <line num="164" count="13" type="cond" truecount="1" falsecount="1"/>
        <line num="166" count="67" type="cond" truecount="2" falsecount="0"/>
        <line num="167" count="8" type="stmt"/>
        <line num="168" count="8" type="cond" truecount="1" falsecount="1"/>
        <line num="170" count="67" type="cond" truecount="2" falsecount="0"/>
        <line num="173" count="204" type="stmt"/>
        <line num="174" count="2" type="cond" truecount="4" falsecount="1"/>
        <line num="175" count="2" type="stmt"/>
        <line num="176" count="2" type="stmt"/>
        <line num="177" count="2" type="stmt"/>
        <line num="183" count="1" type="stmt"/>
        <line num="184" count="1" type="stmt"/>
        <line num="185" count="1" type="stmt"/>
        <line num="186" count="1" type="stmt"/>
        <line num="187" count="1" type="stmt"/>
        <line num="188" count="1" type="stmt"/>
        <line num="189" count="1" type="stmt"/>
        <line num="191" count="1" type="cond" truecount="1" falsecount="1"/>
        <line num="195" count="204" type="stmt"/>
        <line num="196" count="2" type="cond" truecount="1" falsecount="1"/>
        <line num="197" count="2" type="stmt"/>
        <line num="198" count="2" type="stmt"/>
        <line num="199" count="1" type="stmt"/>
        <line num="200" count="1" type="stmt"/>
        <line num="202" count="1" type="cond" truecount="1" falsecount="1"/>
        <line num="206" count="204" type="stmt"/>
        <line num="207" count="2" type="cond" truecount="1" falsecount="1"/>
        <line num="208" count="2" type="stmt"/>
        <line num="209" count="2" type="cond" truecount="1" falsecount="1"/>
        <line num="210" count="2" type="cond" truecount="3" falsecount="1"/>
        <line num="211" count="2" type="stmt"/>
        <line num="212" count="2" type="stmt"/>
        <line num="213" count="6" type="stmt"/>
        <line num="214" count="1" type="stmt"/>
        <line num="216" count="1" type="cond" truecount="1" falsecount="1"/>
        <line num="220" count="204" type="stmt"/>
        <line num="221" count="0" type="cond" truecount="0" falsecount="5"/>
        <line num="222" count="0" type="stmt"/>
        <line num="223" count="0" type="stmt"/>
        <line num="224" count="0" type="stmt"/>
        <line num="230" count="0" type="stmt"/>
        <line num="231" count="0" type="stmt"/>
        <line num="232" count="0" type="stmt"/>
        <line num="233" count="0" type="stmt"/>
        <line num="234" count="0" type="stmt"/>
        <line num="235" count="0" type="stmt"/>
        <line num="236" count="0" type="stmt"/>
        <line num="238" count="0" type="cond" truecount="0" falsecount="2"/>
        <line num="242" count="204" type="stmt"/>
        <line num="243" count="2" type="cond" truecount="1" falsecount="1"/>
        <line num="244" count="2" type="stmt"/>
        <line num="245" count="2" type="stmt"/>
        <line num="246" count="1" type="stmt"/>
        <line num="247" count="1" type="stmt"/>
        <line num="249" count="1" type="cond" truecount="1" falsecount="1"/>
        <line num="253" count="204" type="stmt"/>
        <line num="254" count="2" type="cond" truecount="3" falsecount="1"/>
        <line num="255" count="2" type="stmt"/>
        <line num="256" count="2" type="stmt"/>
        <line num="257" count="2" type="cond" truecount="1" falsecount="1"/>
        <line num="258" count="2" type="stmt"/>
        <line num="259" count="1" type="stmt"/>
        <line num="260" count="1" type="stmt"/>
        <line num="261" count="1" type="stmt"/>
        <line num="263" count="1" type="cond" truecount="1" falsecount="1"/>
        <line num="267" count="204" type="stmt"/>
        <line num="268" count="2" type="cond" truecount="1" falsecount="1"/>
        <line num="269" count="2" type="stmt"/>
        <line num="270" count="2" type="stmt"/>
        <line num="271" count="1" type="stmt"/>
        <line num="273" count="1" type="cond" truecount="1" falsecount="1"/>
        <line num="274" count="1" type="stmt"/>
        <line num="278" count="204" type="stmt"/>
        <line num="279" count="3" type="cond" truecount="4" falsecount="1"/>
        <line num="280" count="3" type="stmt"/>
        <line num="281" count="3" type="stmt"/>
        <line num="282" count="3" type="stmt"/>
        <line num="283" count="2" type="stmt"/>
        <line num="285" count="1" type="cond" truecount="1" falsecount="1"/>
        <line num="286" count="1" type="stmt"/>
        <line num="290" count="204" type="cond" truecount="2" falsecount="0"/>
        <line num="291" count="162" type="cond" truecount="4" falsecount="0"/>
        <line num="292" count="161" type="cond" truecount="1" falsecount="1"/>
        <line num="294" count="161" type="cond" truecount="1" falsecount="1"/>
        <line num="296" count="161" type="stmt"/>
        <line num="298" count="0" type="stmt"/>
        <line num="306" count="28" type="stmt"/>
        <line num="332" count="3" type="stmt"/>
        <line num="335" count="3" type="stmt"/>
        <line num="350" count="3" type="stmt"/>
        <line num="374" count="69" type="stmt"/>
        <line num="389" count="0" type="stmt"/>
        <line num="398" count="2" type="stmt"/>
        <line num="404" count="2" type="stmt"/>
        <line num="422" count="2" type="stmt"/>
        <line num="446" count="11" type="stmt"/>
        <line num="453" count="2" type="stmt"/>
        <line num="485" count="28" type="stmt"/>
        <line num="501" count="3" type="cond" truecount="1" falsecount="1"/>
        <line num="511" count="3" type="cond" truecount="1" falsecount="1"/>
        <line num="549" count="1" type="stmt"/>
        <line num="572" count="0" type="stmt"/>
        <line num="578" count="2" type="stmt"/>
        <line num="581" count="0" type="stmt"/>
        <line num="587" count="0" type="stmt"/>
        <line num="590" count="6" type="stmt"/>
        <line num="603" count="0" type="stmt"/>
        <line num="606" count="0" type="stmt"/>
        <line num="607" count="0" type="cond" truecount="0" falsecount="2"/>
        <line num="612" count="0" type="stmt"/>
        <line num="621" count="1" type="stmt"/>
        <line num="626" count="0" type="stmt"/>
        <line num="635" count="0" type="stmt"/>
        <line num="638" count="2" type="stmt"/>
        <line num="639" count="4" type="cond" truecount="2" falsecount="0"/>
        <line num="643" count="26" type="stmt"/>
        <line num="644" count="13" type="stmt"/>
        <line num="652" count="0" type="stmt"/>
        <line num="655" count="2" type="stmt"/>
        <line num="664" count="0" type="stmt"/>
        <line num="667" count="0" type="stmt"/>
        <line num="673" count="1" type="stmt"/>
        <line num="678" count="0" type="stmt"/>
        <line num="684" count="2" type="stmt"/>
        <line num="690" count="1" type="stmt"/>
        <line num="695" count="0" type="stmt"/>
        <line num="702" count="1" type="stmt"/>
      </file>
      <file name="EnumDetailPage.tsx" path="/home/jsalomon/src/pc-asset-hub/ui/src/pages/meta/EnumDetailPage.tsx">
        <metrics statements="88" coveredstatements="83" conditionals="66" coveredconditionals="50" methods="25" coveredmethods="20"/>
        <line num="1" count="2" type="stmt"/>
        <line num="37" count="83" type="stmt"/>
        <line num="38" count="83" type="stmt"/>
        <line num="39" count="83" type="cond" truecount="2" falsecount="0"/>
        <line num="41" count="83" type="stmt"/>
        <line num="42" count="83" type="stmt"/>
        <line num="43" count="83" type="stmt"/>
        <line num="44" count="83" type="stmt"/>
        <line num="47" count="83" type="stmt"/>
        <line num="48" count="83" type="stmt"/>
        <line num="49" count="83" type="stmt"/>
        <line num="52" count="83" type="stmt"/>
        <line num="53" count="83" type="stmt"/>
        <line num="54" count="83" type="stmt"/>
        <line num="57" count="83" type="stmt"/>
        <line num="58" count="83" type="stmt"/>
        <line num="60" count="83" type="stmt"/>
        <line num="61" count="27" type="cond" truecount="1" falsecount="1"/>
        <line num="62" count="27" type="stmt"/>
        <line num="63" count="27" type="stmt"/>
        <line num="64" count="27" type="stmt"/>
        <line num="65" count="27" type="stmt"/>
        <line num="69" count="26" type="stmt"/>
        <line num="70" count="26" type="cond" truecount="1" falsecount="1"/>
        <line num="72" count="1" type="cond" truecount="1" falsecount="1"/>
        <line num="74" count="27" type="stmt"/>
        <line num="78" count="83" type="stmt"/>
        <line num="79" count="24" type="stmt"/>
        <line num="82" count="83" type="stmt"/>
        <line num="83" count="2" type="cond" truecount="3" falsecount="1"/>
        <line num="84" count="2" type="stmt"/>
        <line num="85" count="2" type="stmt"/>
        <line num="86" count="2" type="stmt"/>
        <line num="87" count="1" type="stmt"/>
        <line num="88" count="1" type="stmt"/>
        <line num="90" count="1" type="cond" truecount="1" falsecount="1"/>
        <line num="94" count="83" type="stmt"/>
        <line num="95" count="2" type="cond" truecount="3" falsecount="1"/>
        <line num="96" count="2" type="stmt"/>
        <line num="97" count="2" type="stmt"/>
        <line num="98" count="2" type="stmt"/>
        <line num="99" count="1" type="stmt"/>
        <line num="100" count="1" type="stmt"/>
        <line num="101" count="1" type="stmt"/>
        <line num="103" count="1" type="cond" truecount="1" falsecount="1"/>
        <line num="107" count="83" type="stmt"/>
        <line num="108" count="2" type="cond" truecount="1" falsecount="1"/>
        <line num="109" count="2" type="stmt"/>
        <line num="110" count="2" type="stmt"/>
        <line num="111" count="1" type="stmt"/>
        <line num="113" count="1" type="cond" truecount="1" falsecount="1"/>
        <line num="117" count="83" type="stmt"/>
        <line num="118" count="2" type="cond" truecount="1" falsecount="1"/>
        <line num="119" count="2" type="stmt"/>
        <line num="120" count="2" type="cond" truecount="1" falsecount="1"/>
        <line num="121" count="2" type="cond" truecount="3" falsecount="1"/>
        <line num="122" count="2" type="stmt"/>
        <line num="123" count="2" type="stmt"/>
        <line num="124" count="6" type="stmt"/>
        <line num="125" count="1" type="stmt"/>
        <line num="127" count="1" type="cond" truecount="1" falsecount="1"/>
        <line num="131" count="83" type="stmt"/>
        <line num="132" count="2" type="cond" truecount="1" falsecount="1"/>
        <line num="133" count="2" type="stmt"/>
        <line num="134" count="2" type="stmt"/>
        <line num="135" count="2" type="stmt"/>
        <line num="136" count="1" type="stmt"/>
        <line num="138" count="1" type="cond" truecount="1" falsecount="1"/>
        <line num="142" count="83" type="cond" truecount="2" falsecount="0"/>
        <line num="143" count="56" type="cond" truecount="4" falsecount="0"/>
        <line num="144" count="55" type="cond" truecount="1" falsecount="1"/>
        <line num="146" count="55" type="stmt"/>
        <line num="148" count="0" type="stmt"/>
        <line num="165" count="3" type="stmt"/>
        <line num="187" count="4" type="stmt"/>
        <line num="199" count="3" type="stmt"/>
        <line num="220" count="162" type="stmt"/>
        <line num="228" count="0" type="stmt"/>
        <line num="237" count="2" type="stmt"/>
        <line num="243" count="2" type="stmt"/>
        <line num="253" count="0" type="stmt"/>
        <line num="259" count="4" type="stmt"/>
        <line num="265" count="1" type="stmt"/>
        <line num="270" count="0" type="stmt"/>
        <line num="276" count="2" type="stmt"/>
        <line num="282" count="1" type="stmt"/>
        <line num="287" count="0" type="stmt"/>
        <line num="295" count="1" type="stmt"/>
      </file>
      <file name="EnumListPage.tsx" path="/home/jsalomon/src/pc-asset-hub/ui/src/pages/meta/EnumListPage.tsx">
        <metrics statements="54" coveredstatements="52" conditionals="32" coveredconditionals="26" methods="16" coveredmethods="14"/>
        <line num="1" count="2" type="stmt"/>
        <line num="32" count="295" type="stmt"/>
        <line num="33" count="295" type="cond" truecount="2" falsecount="0"/>
        <line num="35" count="295" type="stmt"/>
        <line num="36" count="295" type="stmt"/>
        <line num="37" count="295" type="stmt"/>
        <line num="40" count="295" type="stmt"/>
        <line num="41" count="295" type="stmt"/>
        <line num="42" count="295" type="stmt"/>
        <line num="43" count="295" type="stmt"/>
        <line num="46" count="295" type="stmt"/>
        <line num="47" count="295" type="stmt"/>
        <line num="49" count="295" type="stmt"/>
        <line num="50" count="58" type="stmt"/>
        <line num="51" count="58" type="stmt"/>
        <line num="52" count="58" type="stmt"/>
        <line num="53" count="58" type="stmt"/>
        <line num="54" count="57" type="cond" truecount="1" falsecount="1"/>
        <line num="56" count="1" type="cond" truecount="1" falsecount="1"/>
        <line num="58" count="58" type="stmt"/>
        <line num="62" count="295" type="stmt"/>
        <line num="63" count="54" type="stmt"/>
        <line num="66" count="295" type="stmt"/>
        <line num="67" count="3" type="cond" truecount="1" falsecount="1"/>
        <line num="68" count="3" type="stmt"/>
        <line num="69" count="3" type="stmt"/>
        <line num="70" count="3" type="cond" truecount="2" falsecount="0"/>
        <line num="71" count="3" type="stmt"/>
        <line num="73" count="3" type="stmt"/>
        <line num="74" count="2" type="stmt"/>
        <line num="75" count="2" type="stmt"/>
        <line num="76" count="2" type="stmt"/>
        <line num="77" count="2" type="stmt"/>
        <line num="79" count="1" type="cond" truecount="1" falsecount="1"/>
        <line num="83" count="295" type="stmt"/>
        <line num="84" count="2" type="cond" truecount="1" falsecount="1"/>
        <line num="85" count="2" type="stmt"/>
        <line num="86" count="2" type="stmt"/>
        <line num="87" count="2" type="stmt"/>
        <line num="88" count="1" type="stmt"/>
        <line num="89" count="1" type="stmt"/>
        <line num="91" count="1" type="cond" truecount="1" falsecount="1"/>
        <line num="95" count="295" type="stmt"/>
        <line num="97" count="2" type="stmt"/>
        <line num="105" count="4" type="stmt"/>
        <line num="132" count="68" type="stmt"/>
        <line num="134" count="1" type="stmt"/>
        <line num="142" count="3" type="stmt"/>
        <line num="152" count="0" type="stmt"/>
        <line num="158" count="3" type="stmt"/>
        <line num="161" count="1" type="stmt"/>
        <line num="167" count="1" type="stmt"/>
        <line num="172" count="0" type="stmt"/>
        <line num="180" count="1" type="stmt"/>
      </file>
    </package>
  </project>
</coverage>
