{"/home/jsalomon/src/pc-asset-hub/ui/src/App.tsx": {"path":"/home/jsalomon/src/pc-asset-hub/ui/src/App.tsx","statementMap":{"0":{"start":{"line":239,"column":6},"end":{"line":239,"column":7}},"1":{"start":{"line":2,"column":49},"end":{"line":2,"column":null}},"2":{"start":{"line":45,"column":22},"end":{"line":45,"column":null}},"3":{"start":{"line":48,"column":19},"end":{"line":48,"column":null}},"4":{"start":{"line":49,"column":19},"end":{"line":49,"column":null}},"5":{"start":{"line":50,"column":26},"end":{"line":50,"column":null}},"6":{"start":{"line":51,"column":46},"end":{"line":51,"column":null}},"7":{"start":{"line":54,"column":23},"end":{"line":58,"column":null}},"8":{"start":{"line":55,"column":4},"end":{"line":55,"column":null}},"9":{"start":{"line":55,"column":59},"end":{"line":55,"column":null}},"10":{"start":{"line":56,"column":4},"end":{"line":56,"column":null}},"11":{"start":{"line":56,"column":48},"end":{"line":56,"column":null}},"12":{"start":{"line":57,"column":4},"end":{"line":57,"column":null}},"13":{"start":{"line":61,"column":40},"end":{"line":61,"column":null}},"14":{"start":{"line":62,"column":32},"end":{"line":62,"column":null}},"15":{"start":{"line":63,"column":34},"end":{"line":63,"column":null}},"16":{"start":{"line":64,"column":36},"end":{"line":64,"column":null}},"17":{"start":{"line":65,"column":32},"end":{"line":65,"column":null}},"18":{"start":{"line":68,"column":48},"end":{"line":68,"column":null}},"19":{"start":{"line":69,"column":32},"end":{"line":69,"column":null}},"20":{"start":{"line":70,"column":36},"end":{"line":70,"column":null}},"21":{"start":{"line":71,"column":32},"end":{"line":71,"column":null}},"22":{"start":{"line":74,"column":42},"end":{"line":74,"column":null}},"23":{"start":{"line":75,"column":36},"end":{"line":75,"column":null}},"24":{"start":{"line":76,"column":36},"end":{"line":76,"column":null}},"25":{"start":{"line":77,"column":44},"end":{"line":77,"column":null}},"26":{"start":{"line":80,"column":42},"end":{"line":80,"column":null}},"27":{"start":{"line":83,"column":46},"end":{"line":83,"column":null}},"28":{"start":{"line":86,"column":42},"end":{"line":86,"column":null}},"29":{"start":{"line":87,"column":38},"end":{"line":87,"column":null}},"30":{"start":{"line":88,"column":44},"end":{"line":88,"column":null}},"31":{"start":{"line":91,"column":2},"end":{"line":93,"column":null}},"32":{"start":{"line":92,"column":4},"end":{"line":92,"column":null}},"33":{"start":{"line":96,"column":26},"end":{"line":108,"column":null}},"34":{"start":{"line":97,"column":4},"end":{"line":97,"column":null}},"35":{"start":{"line":98,"column":4},"end":{"line":98,"column":null}},"36":{"start":{"line":99,"column":4},"end":{"line":107,"column":null}},"37":{"start":{"line":100,"column":18},"end":{"line":100,"column":null}},"38":{"start":{"line":101,"column":6},"end":{"line":101,"column":null}},"39":{"start":{"line":102,"column":6},"end":{"line":102,"column":null}},"40":{"start":{"line":104,"column":6},"end":{"line":104,"column":null}},"41":{"start":{"line":106,"column":6},"end":{"line":106,"column":null}},"42":{"start":{"line":111,"column":30},"end":{"line":123,"column":null}},"43":{"start":{"line":112,"column":4},"end":{"line":112,"column":null}},"44":{"start":{"line":113,"column":4},"end":{"line":113,"column":null}},"45":{"start":{"line":114,"column":4},"end":{"line":122,"column":null}},"46":{"start":{"line":115,"column":18},"end":{"line":115,"column":null}},"47":{"start":{"line":116,"column":6},"end":{"line":116,"column":null}},"48":{"start":{"line":117,"column":6},"end":{"line":117,"column":null}},"49":{"start":{"line":119,"column":6},"end":{"line":119,"column":null}},"50":{"start":{"line":121,"column":6},"end":{"line":121,"column":null}},"51":{"start":{"line":126,"column":20},"end":{"line":126,"column":null}},"52":{"start":{"line":127,"column":2},"end":{"line":131,"column":null}},"53":{"start":{"line":128,"column":4},"end":{"line":128,"column":null}},"54":{"start":{"line":129,"column":4},"end":{"line":129,"column":null}},"55":{"start":{"line":129,"column":37},"end":{"line":129,"column":null}},"56":{"start":{"line":130,"column":4},"end":{"line":130,"column":null}},"57":{"start":{"line":130,"column":41},"end":{"line":130,"column":null}},"58":{"start":{"line":134,"column":33},"end":{"line":146,"column":null}},"59":{"start":{"line":135,"column":4},"end":{"line":135,"column":null}},"60":{"start":{"line":135,"column":27},"end":{"line":135,"column":null}},"61":{"start":{"line":136,"column":4},"end":{"line":136,"column":null}},"62":{"start":{"line":137,"column":4},"end":{"line":145,"column":null}},"63":{"start":{"line":138,"column":6},"end":{"line":138,"column":null}},"64":{"start":{"line":139,"column":6},"end":{"line":139,"column":null}},"65":{"start":{"line":140,"column":6},"end":{"line":140,"column":null}},"66":{"start":{"line":141,"column":6},"end":{"line":141,"column":null}},"67":{"start":{"line":142,"column":6},"end":{"line":142,"column":null}},"68":{"start":{"line":144,"column":6},"end":{"line":144,"column":null}},"69":{"start":{"line":149,"column":33},"end":{"line":159,"column":null}},"70":{"start":{"line":150,"column":4},"end":{"line":150,"column":null}},"71":{"start":{"line":150,"column":23},"end":{"line":150,"column":null}},"72":{"start":{"line":151,"column":4},"end":{"line":158,"column":null}},"73":{"start":{"line":152,"column":6},"end":{"line":152,"column":null}},"74":{"start":{"line":153,"column":6},"end":{"line":153,"column":null}},"75":{"start":{"line":154,"column":6},"end":{"line":154,"column":null}},"76":{"start":{"line":156,"column":6},"end":{"line":156,"column":null}},"77":{"start":{"line":157,"column":6},"end":{"line":157,"column":null}},"78":{"start":{"line":162,"column":37},"end":{"line":173,"column":null}},"79":{"start":{"line":163,"column":4},"end":{"line":163,"column":null}},"80":{"start":{"line":163,"column":28},"end":{"line":163,"column":null}},"81":{"start":{"line":164,"column":4},"end":{"line":164,"column":null}},"82":{"start":{"line":165,"column":4},"end":{"line":172,"column":null}},"83":{"start":{"line":166,"column":6},"end":{"line":166,"column":null}},"84":{"start":{"line":167,"column":6},"end":{"line":167,"column":null}},"85":{"start":{"line":168,"column":6},"end":{"line":168,"column":null}},"86":{"start":{"line":169,"column":6},"end":{"line":169,"column":null}},"87":{"start":{"line":171,"column":6},"end":{"line":171,"column":null}},"88":{"start":{"line":176,"column":24},"end":{"line":183,"column":null}},"89":{"start":{"line":177,"column":4},"end":{"line":182,"column":null}},"90":{"start":{"line":178,"column":6},"end":{"line":178,"column":null}},"91":{"start":{"line":179,"column":6},"end":{"line":179,"column":null}},"92":{"start":{"line":181,"column":6},"end":{"line":181,"column":null}},"93":{"start":{"line":186,"column":23},"end":{"line":194,"column":null}},"94":{"start":{"line":187,"column":19},"end":{"line":187,"column":null}},"95":{"start":{"line":188,"column":4},"end":{"line":193,"column":null}},"96":{"start":{"line":189,"column":6},"end":{"line":189,"column":null}},"97":{"start":{"line":190,"column":6},"end":{"line":190,"column":null}},"98":{"start":{"line":192,"column":6},"end":{"line":192,"column":null}},"99":{"start":{"line":197,"column":37},"end":{"line":207,"column":null}},"100":{"start":{"line":198,"column":4},"end":{"line":198,"column":null}},"101":{"start":{"line":198,"column":25},"end":{"line":198,"column":null}},"102":{"start":{"line":199,"column":4},"end":{"line":206,"column":null}},"103":{"start":{"line":200,"column":6},"end":{"line":200,"column":null}},"104":{"start":{"line":201,"column":6},"end":{"line":201,"column":null}},"105":{"start":{"line":202,"column":6},"end":{"line":202,"column":null}},"106":{"start":{"line":204,"column":6},"end":{"line":204,"column":null}},"107":{"start":{"line":205,"column":6},"end":{"line":205,"column":null}},"108":{"start":{"line":209,"column":22},"end":{"line":213,"column":null}},"109":{"start":{"line":210,"column":4},"end":{"line":210,"column":null}},"110":{"start":{"line":210,"column":31},"end":{"line":210,"column":null}},"111":{"start":{"line":211,"column":4},"end":{"line":211,"column":null}},"112":{"start":{"line":211,"column":65},"end":{"line":211,"column":null}},"113":{"start":{"line":212,"column":4},"end":{"line":212,"column":null}},"114":{"start":{"line":215,"column":20},"end":{"line":215,"column":null}},"115":{"start":{"line":217,"column":30},"end":{"line":219,"column":null}},"116":{"start":{"line":218,"column":33},"end":{"line":218,"column":87}},"117":{"start":{"line":221,"column":21},"end":{"line":228,"column":null}},"118":{"start":{"line":222,"column":4},"end":{"line":227,"column":null}},"119":{"start":{"line":223,"column":26},"end":{"line":223,"column":null}},"120":{"start":{"line":224,"column":22},"end":{"line":224,"column":null}},"121":{"start":{"line":225,"column":25},"end":{"line":225,"column":null}},"122":{"start":{"line":226,"column":15},"end":{"line":226,"column":null}},"123":{"start":{"line":230,"column":26},"end":{"line":234,"column":null}},"124":{"start":{"line":231,"column":4},"end":{"line":233,"column":null}},"125":{"start":{"line":231,"column":31},"end":{"line":231,"column":null}},"126":{"start":{"line":231,"column":43},"end":{"line":233,"column":null}},"127":{"start":{"line":232,"column":40},"end":{"line":232,"column":null}},"128":{"start":{"line":232,"column":68},"end":{"line":233,"column":null}},"129":{"start":{"line":233,"column":30},"end":{"line":233,"column":null}},"130":{"start":{"line":238,"column":4},"end":{"line":305,"column":null}},"131":{"start":{"line":249,"column":39},"end":{"line":249,"column":null}},"132":{"start":{"line":250,"column":29},"end":{"line":250,"column":null}},"133":{"start":{"line":255,"column":55},"end":{"line":255,"column":78}},"134":{"start":{"line":286,"column":14},"end":{"line":299,"column":null}},"135":{"start":{"line":288,"column":65},"end":{"line":288,"column":null}},"136":{"start":{"line":296,"column":70},"end":{"line":296,"column":91}},"137":{"start":{"line":310,"column":4},"end":{"line":369,"column":null}},"138":{"start":{"line":319,"column":55},"end":{"line":319,"column":78}},"139":{"start":{"line":346,"column":14},"end":{"line":363,"column":null}},"140":{"start":{"line":353,"column":75},"end":{"line":353,"column":97}},"141":{"start":{"line":356,"column":73},"end":{"line":356,"column":114}},"142":{"start":{"line":359,"column":72},"end":{"line":359,"column":95}},"143":{"start":{"line":372,"column":2},"end":{"line":507,"column":null}},"144":{"start":{"line":387,"column":22},"end":{"line":387,"column":null}},"145":{"start":{"line":388,"column":22},"end":{"line":388,"column":null}},"146":{"start":{"line":392,"column":22},"end":{"line":394,"column":null}},"147":{"start":{"line":392,"column":65},"end":{"line":392,"column":101}},"148":{"start":{"line":398,"column":22},"end":{"line":398,"column":null}},"149":{"start":{"line":432,"column":25},"end":{"line":432,"column":49}},"150":{"start":{"line":432,"column":49},"end":{"line":432,"column":72}},"151":{"start":{"line":439,"column":77},"end":{"line":439,"column":94}},"152":{"start":{"line":442,"column":77},"end":{"line":442,"column":94}},"153":{"start":{"line":448,"column":50},"end":{"line":448,"column":74}},"154":{"start":{"line":448,"column":74},"end":{"line":448,"column":97}},"155":{"start":{"line":456,"column":23},"end":{"line":456,"column":null}},"156":{"start":{"line":464,"column":48},"end":{"line":464,"column":71}},"157":{"start":{"line":472,"column":25},"end":{"line":472,"column":49}},"158":{"start":{"line":472,"column":49},"end":{"line":472,"column":72}},"159":{"start":{"line":479,"column":79},"end":{"line":479,"column":97}},"160":{"start":{"line":485,"column":50},"end":{"line":485,"column":74}},"161":{"start":{"line":485,"column":74},"end":{"line":485,"column":97}},"162":{"start":{"line":493,"column":23},"end":{"line":493,"column":null}},"163":{"start":{"line":504,"column":48},"end":{"line":504,"column":73}}},"fnMap":{"0":{"name":"App","decl":{"start":{"line":47,"column":9},"end":{"line":47,"column":15}},"loc":{"start":{"line":47,"column":15},"end":{"line":509,"column":null}},"line":47},"1":{"name":"(anonymous_1)","decl":{"start":{"line":54,"column":23},"end":{"line":54,"column":29}},"loc":{"start":{"line":54,"column":29},"end":{"line":58,"column":null}},"line":54},"2":{"name":"(anonymous_2)","decl":{"start":{"line":91,"column":12},"end":{"line":91,"column":18}},"loc":{"start":{"line":91,"column":18},"end":{"line":93,"column":5}},"line":91},"3":{"name":"(anonymous_3)","decl":{"start":{"line":96,"column":38},"end":{"line":96,"column":50}},"loc":{"start":{"line":96,"column":50},"end":{"line":108,"column":5}},"line":96},"4":{"name":"(anonymous_4)","decl":{"start":{"line":111,"column":42},"end":{"line":111,"column":54}},"loc":{"start":{"line":111,"column":54},"end":{"line":123,"column":5}},"line":111},"5":{"name":"(anonymous_5)","decl":{"start":{"line":127,"column":12},"end":{"line":127,"column":18}},"loc":{"start":{"line":127,"column":18},"end":{"line":131,"column":5}},"line":127},"6":{"name":"(anonymous_6)","decl":{"start":{"line":134,"column":33},"end":{"line":134,"column":45}},"loc":{"start":{"line":134,"column":45},"end":{"line":146,"column":null}},"line":134},"7":{"name":"(anonymous_7)","decl":{"start":{"line":149,"column":33},"end":{"line":149,"column":45}},"loc":{"start":{"line":149,"column":45},"end":{"line":159,"column":null}},"line":149},"8":{"name":"(anonymous_8)","decl":{"start":{"line":162,"column":37},"end":{"line":162,"column":49}},"loc":{"start":{"line":162,"column":49},"end":{"line":173,"column":null}},"line":162},"9":{"name":"(anonymous_9)","decl":{"start":{"line":176,"column":24},"end":{"line":176,"column":31}},"loc":{"start":{"line":176,"column":46},"end":{"line":183,"column":null}},"line":176},"10":{"name":"(anonymous_10)","decl":{"start":{"line":186,"column":23},"end":{"line":186,"column":30}},"loc":{"start":{"line":186,"column":67},"end":{"line":194,"column":null}},"line":186},"11":{"name":"(anonymous_11)","decl":{"start":{"line":197,"column":37},"end":{"line":197,"column":49}},"loc":{"start":{"line":197,"column":49},"end":{"line":207,"column":null}},"line":197},"12":{"name":"(anonymous_12)","decl":{"start":{"line":209,"column":22},"end":{"line":209,"column":23}},"loc":{"start":{"line":209,"column":46},"end":{"line":213,"column":null}},"line":209},"13":{"name":"(anonymous_13)","decl":{"start":{"line":218,"column":25},"end":{"line":218,"column":26}},"loc":{"start":{"line":218,"column":33},"end":{"line":218,"column":87}},"line":218},"14":{"name":"(anonymous_14)","decl":{"start":{"line":221,"column":21},"end":{"line":221,"column":22}},"loc":{"start":{"line":221,"column":40},"end":{"line":228,"column":null}},"line":221},"15":{"name":"(anonymous_15)","decl":{"start":{"line":230,"column":26},"end":{"line":230,"column":27}},"loc":{"start":{"line":230,"column":87},"end":{"line":234,"column":null}},"line":230},"16":{"name":"(anonymous_16)","decl":{"start":{"line":249,"column":24},"end":{"line":249,"column":25}},"loc":{"start":{"line":249,"column":39},"end":{"line":249,"column":null}},"line":249},"17":{"name":"(anonymous_17)","decl":{"start":{"line":250,"column":23},"end":{"line":250,"column":29}},"loc":{"start":{"line":250,"column":29},"end":{"line":250,"column":null}},"line":250},"18":{"name":"(anonymous_18)","decl":{"start":{"line":255,"column":49},"end":{"line":255,"column":55}},"loc":{"start":{"line":255,"column":55},"end":{"line":255,"column":78}},"line":255},"19":{"name":"(anonymous_19)","decl":{"start":{"line":285,"column":37},"end":{"line":285,"column":38}},"loc":{"start":{"line":286,"column":14},"end":{"line":299,"column":null}},"line":286},"20":{"name":"(anonymous_20)","decl":{"start":{"line":288,"column":59},"end":{"line":288,"column":65}},"loc":{"start":{"line":288,"column":65},"end":{"line":288,"column":null}},"line":288},"21":{"name":"(anonymous_21)","decl":{"start":{"line":296,"column":64},"end":{"line":296,"column":70}},"loc":{"start":{"line":296,"column":70},"end":{"line":296,"column":91}},"line":296},"22":{"name":"(anonymous_22)","decl":{"start":{"line":319,"column":49},"end":{"line":319,"column":55}},"loc":{"start":{"line":319,"column":55},"end":{"line":319,"column":78}},"line":319},"23":{"name":"(anonymous_23)","decl":{"start":{"line":345,"column":33},"end":{"line":345,"column":34}},"loc":{"start":{"line":346,"column":14},"end":{"line":363,"column":null}},"line":346},"24":{"name":"(anonymous_24)","decl":{"start":{"line":353,"column":69},"end":{"line":353,"column":75}},"loc":{"start":{"line":353,"column":75},"end":{"line":353,"column":97}},"line":353},"25":{"name":"(anonymous_25)","decl":{"start":{"line":356,"column":67},"end":{"line":356,"column":73}},"loc":{"start":{"line":356,"column":73},"end":{"line":356,"column":114}},"line":356},"26":{"name":"(anonymous_26)","decl":{"start":{"line":359,"column":66},"end":{"line":359,"column":72}},"loc":{"start":{"line":359,"column":72},"end":{"line":359,"column":95}},"line":359},"27":{"name":"(anonymous_27)","decl":{"start":{"line":386,"column":30},"end":{"line":386,"column":31}},"loc":{"start":{"line":386,"column":45},"end":{"line":389,"column":null}},"line":386},"28":{"name":"(anonymous_28)","decl":{"start":{"line":391,"column":28},"end":{"line":391,"column":29}},"loc":{"start":{"line":392,"column":22},"end":{"line":394,"column":null}},"line":392},"29":{"name":"(anonymous_29)","decl":{"start":{"line":392,"column":59},"end":{"line":392,"column":65}},"loc":{"start":{"line":392,"column":65},"end":{"line":392,"column":101}},"line":392},"30":{"name":"(anonymous_30)","decl":{"start":{"line":397,"column":31},"end":{"line":397,"column":32}},"loc":{"start":{"line":398,"column":22},"end":{"line":398,"column":null}},"line":398},"31":{"name":"(anonymous_31)","decl":{"start":{"line":432,"column":17},"end":{"line":432,"column":23}},"loc":{"start":{"line":432,"column":23},"end":{"line":432,"column":null}},"line":432},"32":{"name":"(anonymous_32)","decl":{"start":{"line":439,"column":66},"end":{"line":439,"column":67}},"loc":{"start":{"line":439,"column":77},"end":{"line":439,"column":94}},"line":439},"33":{"name":"(anonymous_33)","decl":{"start":{"line":442,"column":66},"end":{"line":442,"column":67}},"loc":{"start":{"line":442,"column":77},"end":{"line":442,"column":94}},"line":442},"34":{"name":"(anonymous_34)","decl":{"start":{"line":448,"column":42},"end":{"line":448,"column":48}},"loc":{"start":{"line":448,"column":48},"end":{"line":448,"column":100}},"line":448},"35":{"name":"(anonymous_35)","decl":{"start":{"line":456,"column":17},"end":{"line":456,"column":23}},"loc":{"start":{"line":456,"column":23},"end":{"line":456,"column":null}},"line":456},"36":{"name":"(anonymous_36)","decl":{"start":{"line":464,"column":42},"end":{"line":464,"column":48}},"loc":{"start":{"line":464,"column":48},"end":{"line":464,"column":71}},"line":464},"37":{"name":"(anonymous_37)","decl":{"start":{"line":472,"column":17},"end":{"line":472,"column":23}},"loc":{"start":{"line":472,"column":23},"end":{"line":472,"column":null}},"line":472},"38":{"name":"(anonymous_38)","decl":{"start":{"line":479,"column":68},"end":{"line":479,"column":69}},"loc":{"start":{"line":479,"column":79},"end":{"line":479,"column":97}},"line":479},"39":{"name":"(anonymous_39)","decl":{"start":{"line":485,"column":42},"end":{"line":485,"column":48}},"loc":{"start":{"line":485,"column":48},"end":{"line":485,"column":100}},"line":485},"40":{"name":"(anonymous_40)","decl":{"start":{"line":493,"column":17},"end":{"line":493,"column":23}},"loc":{"start":{"line":493,"column":23},"end":{"line":493,"column":null}},"line":493},"41":{"name":"(anonymous_41)","decl":{"start":{"line":504,"column":42},"end":{"line":504,"column":48}},"loc":{"start":{"line":504,"column":48},"end":{"line":504,"column":73}},"line":504}},"branchMap":{"0":{"loc":{"start":{"line":55,"column":4},"end":{"line":55,"column":null}},"type":"if","locations":[{"start":{"line":55,"column":4},"end":{"line":55,"column":null}},{"start":{},"end":{}}],"line":55},"1":{"loc":{"start":{"line":56,"column":4},"end":{"line":56,"column":null}},"type":"if","locations":[{"start":{"line":56,"column":4},"end":{"line":56,"column":null}},{"start":{},"end":{}}],"line":56},"2":{"loc":{"start":{"line":101,"column":21},"end":{"line":101,"column":36}},"type":"binary-expr","locations":[{"start":{"line":101,"column":21},"end":{"line":101,"column":34}},{"start":{"line":101,"column":34},"end":{"line":101,"column":36}}],"line":101},"3":{"loc":{"start":{"line":104,"column":17},"end":{"line":104,"column":79}},"type":"cond-expr","locations":[{"start":{"line":104,"column":38},"end":{"line":104,"column":50}},{"start":{"line":104,"column":50},"end":{"line":104,"column":79}}],"line":104},"4":{"loc":{"start":{"line":116,"column":25},"end":{"line":116,"column":40}},"type":"binary-expr","locations":[{"start":{"line":116,"column":25},"end":{"line":116,"column":38}},{"start":{"line":116,"column":38},"end":{"line":116,"column":40}}],"line":116},"5":{"loc":{"start":{"line":119,"column":17},"end":{"line":119,"column":83}},"type":"cond-expr","locations":[{"start":{"line":119,"column":38},"end":{"line":119,"column":50}},{"start":{"line":119,"column":50},"end":{"line":119,"column":83}}],"line":119},"6":{"loc":{"start":{"line":129,"column":4},"end":{"line":129,"column":null}},"type":"if","locations":[{"start":{"line":129,"column":4},"end":{"line":129,"column":null}},{"start":{},"end":{}}],"line":129},"7":{"loc":{"start":{"line":130,"column":4},"end":{"line":130,"column":null}},"type":"if","locations":[{"start":{"line":130,"column":4},"end":{"line":130,"column":null}},{"start":{},"end":{}}],"line":130},"8":{"loc":{"start":{"line":135,"column":4},"end":{"line":135,"column":null}},"type":"if","locations":[{"start":{"line":135,"column":4},"end":{"line":135,"column":null}},{"start":{},"end":{}}],"line":135},"9":{"loc":{"start":{"line":138,"column":74},"end":{"line":138,"column":104}},"type":"binary-expr","locations":[{"start":{"line":138,"column":74},"end":{"line":138,"column":94}},{"start":{"line":138,"column":94},"end":{"line":138,"column":104}}],"line":138},"10":{"loc":{"start":{"line":144,"column":23},"end":{"line":144,"column":74}},"type":"cond-expr","locations":[{"start":{"line":144,"column":44},"end":{"line":144,"column":56}},{"start":{"line":144,"column":56},"end":{"line":144,"column":74}}],"line":144},"11":{"loc":{"start":{"line":150,"column":4},"end":{"line":150,"column":null}},"type":"if","locations":[{"start":{"line":150,"column":4},"end":{"line":150,"column":null}},{"start":{},"end":{}}],"line":150},"12":{"loc":{"start":{"line":156,"column":17},"end":{"line":156,"column":68}},"type":"cond-expr","locations":[{"start":{"line":156,"column":38},"end":{"line":156,"column":50}},{"start":{"line":156,"column":50},"end":{"line":156,"column":68}}],"line":156},"13":{"loc":{"start":{"line":163,"column":4},"end":{"line":163,"column":null}},"type":"if","locations":[{"start":{"line":163,"column":4},"end":{"line":163,"column":null}},{"start":{},"end":{}}],"line":163},"14":{"loc":{"start":{"line":171,"column":23},"end":{"line":171,"column":74}},"type":"cond-expr","locations":[{"start":{"line":171,"column":44},"end":{"line":171,"column":56}},{"start":{"line":171,"column":56},"end":{"line":171,"column":74}}],"line":171},"15":{"loc":{"start":{"line":181,"column":17},"end":{"line":181,"column":69}},"type":"cond-expr","locations":[{"start":{"line":181,"column":38},"end":{"line":181,"column":50}},{"start":{"line":181,"column":50},"end":{"line":181,"column":69}}],"line":181},"16":{"loc":{"start":{"line":187,"column":19},"end":{"line":187,"column":null}},"type":"cond-expr","locations":[{"start":{"line":187,"column":51},"end":{"line":187,"column":63}},{"start":{"line":187,"column":63},"end":{"line":187,"column":null}}],"line":187},"17":{"loc":{"start":{"line":192,"column":17},"end":{"line":192,"column":68}},"type":"cond-expr","locations":[{"start":{"line":192,"column":38},"end":{"line":192,"column":50}},{"start":{"line":192,"column":50},"end":{"line":192,"column":68}}],"line":192},"18":{"loc":{"start":{"line":198,"column":4},"end":{"line":198,"column":null}},"type":"if","locations":[{"start":{"line":198,"column":4},"end":{"line":198,"column":null}},{"start":{},"end":{}}],"line":198},"19":{"loc":{"start":{"line":204,"column":17},"end":{"line":204,"column":68}},"type":"cond-expr","locations":[{"start":{"line":204,"column":38},"end":{"line":204,"column":50}},{"start":{"line":204,"column":50},"end":{"line":204,"column":68}}],"line":204},"20":{"loc":{"start":{"line":210,"column":4},"end":{"line":210,"column":null}},"type":"if","locations":[{"start":{"line":210,"column":4},"end":{"line":210,"column":null}},{"start":{},"end":{}}],"line":210},"21":{"loc":{"start":{"line":211,"column":4},"end":{"line":211,"column":null}},"type":"if","locations":[{"start":{"line":211,"column":4},"end":{"line":211,"column":null}},{"start":{},"end":{}}],"line":211},"22":{"loc":{"start":{"line":211,"column":8},"end":{"line":211,"column":65}},"type":"binary-expr","locations":[{"start":{"line":211,"column":8},"end":{"line":211,"column":28}},{"start":{"line":211,"column":28},"end":{"line":211,"column":65}}],"line":211},"23":{"loc":{"start":{"line":215,"column":20},"end":{"line":215,"column":null}},"type":"binary-expr","locations":[{"start":{"line":215,"column":20},"end":{"line":215,"column":40}},{"start":{"line":215,"column":40},"end":{"line":215,"column":null}}],"line":215},"24":{"loc":{"start":{"line":217,"column":30},"end":{"line":219,"column":null}},"type":"cond-expr","locations":[{"start":{"line":218,"column":6},"end":{"line":218,"column":null}},{"start":{"line":219,"column":6},"end":{"line":219,"column":null}}],"line":217},"25":{"loc":{"start":{"line":222,"column":4},"end":{"line":227,"column":null}},"type":"switch","locations":[{"start":{"line":223,"column":6},"end":{"line":223,"column":null}},{"start":{"line":224,"column":6},"end":{"line":224,"column":null}},{"start":{"line":225,"column":6},"end":{"line":225,"column":null}},{"start":{"line":226,"column":6},"end":{"line":226,"column":null}}],"line":222},"26":{"loc":{"start":{"line":231,"column":4},"end":{"line":233,"column":null}},"type":"if","locations":[{"start":{"line":231,"column":4},"end":{"line":233,"column":null}},{"start":{"line":231,"column":43},"end":{"line":233,"column":null}}],"line":231},"27":{"loc":{"start":{"line":231,"column":43},"end":{"line":233,"column":null}},"type":"if","locations":[{"start":{"line":231,"column":43},"end":{"line":233,"column":null}},{"start":{"line":232,"column":68},"end":{"line":233,"column":null}}],"line":231},"28":{"loc":{"start":{"line":232,"column":68},"end":{"line":233,"column":null}},"type":"if","locations":[{"start":{"line":232,"column":68},"end":{"line":233,"column":null}},{"start":{},"end":{}}],"line":232},"29":{"loc":{"start":{"line":241,"column":7},"end":{"line":241,"column":null}},"type":"binary-expr","locations":[{"start":{"line":241,"column":7},"end":{"line":241,"column":18}},{"start":{"line":241,"column":18},"end":{"line":241,"column":null}}],"line":241},"30":{"loc":{"start":{"line":253,"column":11},"end":{"line":256,"column":null}},"type":"binary-expr","locations":[{"start":{"line":253,"column":11},"end":{"line":253,"column":null}},{"start":{"line":254,"column":12},"end":{"line":256,"column":null}}],"line":253},"31":{"loc":{"start":{"line":264,"column":7},"end":{"line":302,"column":null}},"type":"cond-expr","locations":[{"start":{"line":265,"column":8},"end":{"line":265,"column":null}},{"start":{"line":266,"column":10},"end":{"line":302,"column":null}}],"line":264},"32":{"loc":{"start":{"line":266,"column":10},"end":{"line":302,"column":null}},"type":"cond-expr","locations":[{"start":{"line":267,"column":8},"end":{"line":273,"column":null}},{"start":{"line":275,"column":8},"end":{"line":302,"column":null}}],"line":266},"33":{"loc":{"start":{"line":269,"column":13},"end":{"line":271,"column":null}},"type":"cond-expr","locations":[{"start":{"line":270,"column":16},"end":{"line":270,"column":null}},{"start":{"line":271,"column":16},"end":{"line":271,"column":null}}],"line":269},"34":{"loc":{"start":{"line":281,"column":15},"end":{"line":281,"column":null}},"type":"binary-expr","locations":[{"start":{"line":281,"column":15},"end":{"line":281,"column":28}},{"start":{"line":281,"column":28},"end":{"line":281,"column":null}}],"line":281},"35":{"loc":{"start":{"line":294,"column":17},"end":{"line":297,"column":null}},"type":"binary-expr","locations":[{"start":{"line":294,"column":17},"end":{"line":294,"column":null}},{"start":{"line":295,"column":18},"end":{"line":297,"column":null}}],"line":294},"36":{"loc":{"start":{"line":313,"column":7},"end":{"line":313,"column":null}},"type":"binary-expr","locations":[{"start":{"line":313,"column":7},"end":{"line":313,"column":18}},{"start":{"line":313,"column":18},"end":{"line":313,"column":null}}],"line":313},"37":{"loc":{"start":{"line":317,"column":11},"end":{"line":320,"column":null}},"type":"binary-expr","locations":[{"start":{"line":317,"column":11},"end":{"line":317,"column":null}},{"start":{"line":318,"column":12},"end":{"line":320,"column":null}}],"line":317},"38":{"loc":{"start":{"line":328,"column":7},"end":{"line":366,"column":null}},"type":"cond-expr","locations":[{"start":{"line":329,"column":8},"end":{"line":329,"column":null}},{"start":{"line":330,"column":10},"end":{"line":366,"column":null}}],"line":328},"39":{"loc":{"start":{"line":330,"column":10},"end":{"line":366,"column":null}},"type":"cond-expr","locations":[{"start":{"line":331,"column":8},"end":{"line":333,"column":null}},{"start":{"line":335,"column":8},"end":{"line":366,"column":null}}],"line":330},"40":{"loc":{"start":{"line":341,"column":15},"end":{"line":341,"column":null}},"type":"binary-expr","locations":[{"start":{"line":341,"column":15},"end":{"line":341,"column":28}},{"start":{"line":341,"column":28},"end":{"line":341,"column":null}}],"line":341},"41":{"loc":{"start":{"line":350,"column":17},"end":{"line":361,"column":null}},"type":"binary-expr","locations":[{"start":{"line":350,"column":17},"end":{"line":350,"column":null}},{"start":{"line":351,"column":18},"end":{"line":361,"column":null}}],"line":350},"42":{"loc":{"start":{"line":352,"column":21},"end":{"line":353,"column":null}},"type":"binary-expr","locations":[{"start":{"line":352,"column":21},"end":{"line":352,"column":null}},{"start":{"line":353,"column":22},"end":{"line":353,"column":null}}],"line":352},"43":{"loc":{"start":{"line":355,"column":21},"end":{"line":356,"column":null}},"type":"binary-expr","locations":[{"start":{"line":355,"column":21},"end":{"line":355,"column":null}},{"start":{"line":356,"column":22},"end":{"line":356,"column":null}}],"line":355},"44":{"loc":{"start":{"line":358,"column":21},"end":{"line":359,"column":null}},"type":"binary-expr","locations":[{"start":{"line":358,"column":21},"end":{"line":358,"column":null}},{"start":{"line":359,"column":22},"end":{"line":359,"column":null}}],"line":358},"45":{"loc":{"start":{"line":436,"column":11},"end":{"line":436,"column":null}},"type":"binary-expr","locations":[{"start":{"line":436,"column":11},"end":{"line":436,"column":28}},{"start":{"line":436,"column":28},"end":{"line":436,"column":null}}],"line":436},"46":{"loc":{"start":{"line":476,"column":11},"end":{"line":476,"column":null}},"type":"binary-expr","locations":[{"start":{"line":476,"column":11},"end":{"line":476,"column":28}},{"start":{"line":476,"column":28},"end":{"line":476,"column":null}}],"line":476},"47":{"loc":{"start":{"line":498,"column":11},"end":{"line":499,"column":null}},"type":"binary-expr","locations":[{"start":{"line":498,"column":11},"end":{"line":498,"column":null}},{"start":{"line":499,"column":12},"end":{"line":499,"column":null}}],"line":498}},"s":{"0":1,"1":1,"2":1,"3":245,"4":245,"5":245,"6":245,"7":245,"8":245,"9":87,"10":158,"11":0,"12":158,"13":245,"14":245,"15":245,"16":245,"17":245,"18":245,"19":245,"20":245,"21":245,"22":245,"23":245,"24":245,"25":245,"26":245,"27":245,"28":245,"29":245,"30":245,"31":245,"32":44,"33":245,"34":47,"35":47,"36":47,"37":47,"38":46,"39":47,"40":1,"41":47,"42":245,"43":25,"44":25,"45":25,"46":25,"47":24,"48":25,"49":1,"50":25,"51":245,"52":245,"53":64,"54":64,"55":44,"56":64,"57":20,"58":245,"59":2,"60":0,"61":2,"62":2,"63":2,"64":1,"65":1,"66":1,"67":1,"68":1,"69":245,"70":2,"71":0,"72":2,"73":2,"74":1,"75":1,"76":1,"77":1,"78":245,"79":2,"80":0,"81":2,"82":2,"83":2,"84":1,"85":1,"86":1,"87":1,"88":245,"89":2,"90":2,"91":1,"92":1,"93":245,"94":3,"95":3,"96":3,"97":2,"98":1,"99":245,"100":2,"101":0,"102":2,"103":2,"104":1,"105":1,"106":1,"107":1,"108":245,"109":114,"110":0,"111":114,"112":76,"113":38,"114":245,"115":245,"116":6,"117":245,"118":120,"119":40,"120":40,"121":40,"122":0,"123":245,"124":20,"125":0,"126":20,"127":20,"128":0,"129":0,"130":245,"131":3,"132":1,"133":4,"134":316,"135":0,"136":4,"137":245,"138":4,"139":120,"140":2,"141":3,"142":4,"143":245,"144":4,"145":4,"146":241,"147":4,"148":980,"149":1,"150":1,"151":2,"152":1,"153":1,"154":1,"155":0,"156":1,"157":1,"158":1,"159":2,"160":1,"161":1,"162":0,"163":1},"f":{"0":245,"1":245,"2":44,"3":47,"4":25,"5":64,"6":2,"7":2,"8":2,"9":2,"10":3,"11":2,"12":114,"13":6,"14":120,"15":20,"16":3,"17":1,"18":4,"19":316,"20":0,"21":4,"22":4,"23":120,"24":2,"25":3,"26":4,"27":4,"28":241,"29":4,"30":980,"31":1,"32":2,"33":1,"34":1,"35":0,"36":1,"37":1,"38":2,"39":1,"40":0,"41":1},"b":{"0":[87,158],"1":[0,158],"2":[46,0],"3":[1,0],"4":[24,0],"5":[1,0],"6":[44,20],"7":[20,44],"8":[0,2],"9":[2,1],"10":[1,0],"11":[0,2],"12":[1,0],"13":[0,2],"14":[1,0],"15":[1,0],"16":[1,2],"17":[1,0],"18":[0,2],"19":[1,0],"20":[0,114],"21":[76,38],"22":[114,114],"23":[245,14],"24":[3,242],"25":[40,40,40,0],"26":[0,20],"27":[20,0],"28":[0,0],"29":[245,2],"30":[245,233],"31":[43,202],"32":[43,159],"33":[42,1],"34":[159,147],"35":[316,292],"36":[245,4],"37":[245,233],"38":[25,220],"39":[180,40],"40":[40,38],"41":[120,114],"42":[114,76],"43":[114,76],"44":[114,76],"45":[245,1],"46":[245,1],"47":[245,0]},"meta":{"lastBranch":48,"lastFunction":42,"lastStatement":164,"seen":{"s:239:6:239:7":0,"s:2:49:2:Infinity":1,"s:45:22:45:Infinity":2,"f:47:9:47:15":0,"s:48:19:48:Infinity":3,"s:49:19:49:Infinity":4,"s:50:26:50:Infinity":5,"s:51:46:51:Infinity":6,"s:54:23:58:Infinity":7,"f:54:23:54:29":1,"b:55:4:55:Infinity:undefined:undefined:undefined:undefined":0,"s:55:4:55:Infinity":8,"s:55:59:55:Infinity":9,"b:56:4:56:Infinity:undefined:undefined:undefined:undefined":1,"s:56:4:56:Infinity":10,"s:56:48:56:Infinity":11,"s:57:4:57:Infinity":12,"s:61:40:61:Infinity":13,"s:62:32:62:Infinity":14,"s:63:34:63:Infinity":15,"s:64:36:64:Infinity":16,"s:65:32:65:Infinity":17,"s:68:48:68:Infinity":18,"s:69:32:69:Infinity":19,"s:70:36:70:Infinity":20,"s:71:32:71:Infinity":21,"s:74:42:74:Infinity":22,"s:75:36:75:Infinity":23,"s:76:36:76:Infinity":24,"s:77:44:77:Infinity":25,"s:80:42:80:Infinity":26,"s:83:46:83:Infinity":27,"s:86:42:86:Infinity":28,"s:87:38:87:Infinity":29,"s:88:44:88:Infinity":30,"s:91:2:93:Infinity":31,"f:91:12:91:18":2,"s:92:4:92:Infinity":32,"s:96:26:108:Infinity":33,"f:96:38:96:50":3,"s:97:4:97:Infinity":34,"s:98:4:98:Infinity":35,"s:99:4:107:Infinity":36,"s:100:18:100:Infinity":37,"s:101:6:101:Infinity":38,"b:101:21:101:34:101:34:101:36":2,"s:102:6:102:Infinity":39,"s:104:6:104:Infinity":40,"b:104:38:104:50:104:50:104:79":3,"s:106:6:106:Infinity":41,"s:111:30:123:Infinity":42,"f:111:42:111:54":4,"s:112:4:112:Infinity":43,"s:113:4:113:Infinity":44,"s:114:4:122:Infinity":45,"s:115:18:115:Infinity":46,"s:116:6:116:Infinity":47,"b:116:25:116:38:116:38:116:40":4,"s:117:6:117:Infinity":48,"s:119:6:119:Infinity":49,"b:119:38:119:50:119:50:119:83":5,"s:121:6:121:Infinity":50,"s:126:20:126:Infinity":51,"s:127:2:131:Infinity":52,"f:127:12:127:18":5,"s:128:4:128:Infinity":53,"b:129:4:129:Infinity:undefined:undefined:undefined:undefined":6,"s:129:4:129:Infinity":54,"s:129:37:129:Infinity":55,"b:130:4:130:Infinity:undefined:undefined:undefined:undefined":7,"s:130:4:130:Infinity":56,"s:130:41:130:Infinity":57,"s:134:33:146:Infinity":58,"f:134:33:134:45":6,"b:135:4:135:Infinity:undefined:undefined:undefined:undefined":8,"s:135:4:135:Infinity":59,"s:135:27:135:Infinity":60,"s:136:4:136:Infinity":61,"s:137:4:145:Infinity":62,"s:138:6:138:Infinity":63,"b:138:74:138:94:138:94:138:104":9,"s:139:6:139:Infinity":64,"s:140:6:140:Infinity":65,"s:141:6:141:Infinity":66,"s:142:6:142:Infinity":67,"s:144:6:144:Infinity":68,"b:144:44:144:56:144:56:144:74":10,"s:149:33:159:Infinity":69,"f:149:33:149:45":7,"b:150:4:150:Infinity:undefined:undefined:undefined:undefined":11,"s:150:4:150:Infinity":70,"s:150:23:150:Infinity":71,"s:151:4:158:Infinity":72,"s:152:6:152:Infinity":73,"s:153:6:153:Infinity":74,"s:154:6:154:Infinity":75,"s:156:6:156:Infinity":76,"b:156:38:156:50:156:50:156:68":12,"s:157:6:157:Infinity":77,"s:162:37:173:Infinity":78,"f:162:37:162:49":8,"b:163:4:163:Infinity:undefined:undefined:undefined:undefined":13,"s:163:4:163:Infinity":79,"s:163:28:163:Infinity":80,"s:164:4:164:Infinity":81,"s:165:4:172:Infinity":82,"s:166:6:166:Infinity":83,"s:167:6:167:Infinity":84,"s:168:6:168:Infinity":85,"s:169:6:169:Infinity":86,"s:171:6:171:Infinity":87,"b:171:44:171:56:171:56:171:74":14,"s:176:24:183:Infinity":88,"f:176:24:176:31":9,"s:177:4:182:Infinity":89,"s:178:6:178:Infinity":90,"s:179:6:179:Infinity":91,"s:181:6:181:Infinity":92,"b:181:38:181:50:181:50:181:69":15,"s:186:23:194:Infinity":93,"f:186:23:186:30":10,"s:187:19:187:Infinity":94,"b:187:51:187:63:187:63:187:Infinity":16,"s:188:4:193:Infinity":95,"s:189:6:189:Infinity":96,"s:190:6:190:Infinity":97,"s:192:6:192:Infinity":98,"b:192:38:192:50:192:50:192:68":17,"s:197:37:207:Infinity":99,"f:197:37:197:49":11,"b:198:4:198:Infinity:undefined:undefined:undefined:undefined":18,"s:198:4:198:Infinity":100,"s:198:25:198:Infinity":101,"s:199:4:206:Infinity":102,"s:200:6:200:Infinity":103,"s:201:6:201:Infinity":104,"s:202:6:202:Infinity":105,"s:204:6:204:Infinity":106,"b:204:38:204:50:204:50:204:68":19,"s:205:6:205:Infinity":107,"s:209:22:213:Infinity":108,"f:209:22:209:23":12,"b:210:4:210:Infinity:undefined:undefined:undefined:undefined":20,"s:210:4:210:Infinity":109,"s:210:31:210:Infinity":110,"b:211:4:211:Infinity:undefined:undefined:undefined:undefined":21,"s:211:4:211:Infinity":111,"b:211:8:211:28:211:28:211:65":22,"s:211:65:211:Infinity":112,"s:212:4:212:Infinity":113,"s:215:20:215:Infinity":114,"b:215:20:215:40:215:40:215:Infinity":23,"s:217:30:219:Infinity":115,"b:218:6:218:Infinity:219:6:219:Infinity":24,"f:218:25:218:26":13,"s:218:33:218:87":116,"s:221:21:228:Infinity":117,"f:221:21:221:22":14,"b:223:6:223:Infinity:224:6:224:Infinity:225:6:225:Infinity:226:6:226:Infinity":25,"s:222:4:227:Infinity":118,"s:223:26:223:Infinity":119,"s:224:22:224:Infinity":120,"s:225:25:225:Infinity":121,"s:226:15:226:Infinity":122,"s:230:26:234:Infinity":123,"f:230:26:230:27":15,"b:231:4:233:Infinity:231:43:233:Infinity":26,"s:231:4:233:Infinity":124,"s:231:31:231:Infinity":125,"b:231:43:233:Infinity:232:68:233:Infinity":27,"s:231:43:233:Infinity":126,"s:232:40:232:Infinity":127,"b:232:68:233:Infinity:undefined:undefined:undefined:undefined":28,"s:232:68:233:Infinity":128,"s:233:30:233:Infinity":129,"s:238:4:305:Infinity":130,"b:241:7:241:18:241:18:241:Infinity":29,"f:249:24:249:25":16,"s:249:39:249:Infinity":131,"f:250:23:250:29":17,"s:250:29:250:Infinity":132,"b:253:11:253:Infinity:254:12:256:Infinity":30,"f:255:49:255:55":18,"s:255:55:255:78":133,"b:265:8:265:Infinity:266:10:302:Infinity":31,"b:267:8:273:Infinity:275:8:302:Infinity":32,"b:270:16:270:Infinity:271:16:271:Infinity":33,"b:281:15:281:28:281:28:281:Infinity":34,"f:285:37:285:38":19,"s:286:14:299:Infinity":134,"f:288:59:288:65":20,"s:288:65:288:Infinity":135,"b:294:17:294:Infinity:295:18:297:Infinity":35,"f:296:64:296:70":21,"s:296:70:296:91":136,"s:310:4:369:Infinity":137,"b:313:7:313:18:313:18:313:Infinity":36,"b:317:11:317:Infinity:318:12:320:Infinity":37,"f:319:49:319:55":22,"s:319:55:319:78":138,"b:329:8:329:Infinity:330:10:366:Infinity":38,"b:331:8:333:Infinity:335:8:366:Infinity":39,"b:341:15:341:28:341:28:341:Infinity":40,"f:345:33:345:34":23,"s:346:14:363:Infinity":139,"b:350:17:350:Infinity:351:18:361:Infinity":41,"b:352:21:352:Infinity:353:22:353:Infinity":42,"f:353:69:353:75":24,"s:353:75:353:97":140,"b:355:21:355:Infinity:356:22:356:Infinity":43,"f:356:67:356:73":25,"s:356:73:356:114":141,"b:358:21:358:Infinity:359:22:359:Infinity":44,"f:359:66:359:72":26,"s:359:72:359:95":142,"s:372:2:507:Infinity":143,"f:386:30:386:31":27,"s:387:22:387:Infinity":144,"s:388:22:388:Infinity":145,"f:391:28:391:29":28,"s:392:22:394:Infinity":146,"f:392:59:392:65":29,"s:392:65:392:101":147,"f:397:31:397:32":30,"s:398:22:398:Infinity":148,"f:432:17:432:23":31,"s:432:25:432:49":149,"s:432:49:432:72":150,"b:436:11:436:28:436:28:436:Infinity":45,"f:439:66:439:67":32,"s:439:77:439:94":151,"f:442:66:442:67":33,"s:442:77:442:94":152,"f:448:42:448:48":34,"s:448:50:448:74":153,"s:448:74:448:97":154,"f:456:17:456:23":35,"s:456:23:456:Infinity":155,"f:464:42:464:48":36,"s:464:48:464:71":156,"f:472:17:472:23":37,"s:472:25:472:49":157,"s:472:49:472:72":158,"b:476:11:476:28:476:28:476:Infinity":46,"f:479:68:479:69":38,"s:479:79:479:97":159,"f:485:42:485:48":39,"s:485:50:485:74":160,"s:485:74:485:97":161,"f:493:17:493:23":40,"s:493:23:493:Infinity":162,"b:498:11:498:Infinity:499:12:499:Infinity":47,"f:504:42:504:48":41,"s:504:48:504:73":163}}}
,"/home/jsalomon/src/pc-asset-hub/ui/src/api/client.ts": {"path":"/home/jsalomon/src/pc-asset-hub/ui/src/api/client.ts","statementMap":{"0":{"start":{"line":13,"column":17},"end":{"line":13,"column":null}},"1":{"start":{"line":15,"column":33},"end":{"line":15,"column":null}},"2":{"start":{"line":18,"column":2},"end":{"line":18,"column":null}},"3":{"start":{"line":22,"column":42},"end":{"line":25,"column":null}},"4":{"start":{"line":26,"column":2},"end":{"line":28,"column":null}},"5":{"start":{"line":27,"column":4},"end":{"line":27,"column":null}},"6":{"start":{"line":29,"column":14},"end":{"line":29,"column":null}},"7":{"start":{"line":30,"column":2},"end":{"line":33,"column":null}},"8":{"start":{"line":31,"column":17},"end":{"line":31,"column":null}},"9":{"start":{"line":32,"column":4},"end":{"line":32,"column":null}},"10":{"start":{"line":34,"column":2},"end":{"line":34,"column":null}},"11":{"start":{"line":34,"column":26},"end":{"line":34,"column":null}},"12":{"start":{"line":35,"column":2},"end":{"line":35,"column":null}},"13":{"start":{"line":38,"column":19},"end":{"line":150,"column":null}},"14":{"start":{"line":41,"column":20},"end":{"line":41,"column":null}},"15":{"start":{"line":42,"column":6},"end":{"line":42,"column":null}},"16":{"start":{"line":44,"column":25},"end":{"line":44,"column":null}},"17":{"start":{"line":46,"column":6},"end":{"line":49,"column":null}},"18":{"start":{"line":51,"column":6},"end":{"line":54,"column":null}},"19":{"start":{"line":56,"column":6},"end":{"line":56,"column":null}},"20":{"start":{"line":58,"column":6},"end":{"line":61,"column":null}},"21":{"start":{"line":65,"column":6},"end":{"line":65,"column":null}},"22":{"start":{"line":67,"column":6},"end":{"line":70,"column":null}},"23":{"start":{"line":72,"column":6},"end":{"line":74,"column":null}},"24":{"start":{"line":76,"column":6},"end":{"line":79,"column":null}},"25":{"start":{"line":83,"column":6},"end":{"line":83,"column":null}},"26":{"start":{"line":85,"column":6},"end":{"line":88,"column":null}},"27":{"start":{"line":90,"column":6},"end":{"line":92,"column":null}},"28":{"start":{"line":95,"column":16},"end":{"line":95,"column":null}},"29":{"start":{"line":96,"column":25},"end":{"line":96,"column":null}},"30":{"start":{"line":98,"column":6},"end":{"line":101,"column":null}},"31":{"start":{"line":103,"column":6},"end":{"line":106,"column":null}},"32":{"start":{"line":108,"column":6},"end":{"line":108,"column":null}},"33":{"start":{"line":110,"column":6},"end":{"line":110,"column":null}},"34":{"start":{"line":112,"column":6},"end":{"line":115,"column":null}},"35":{"start":{"line":117,"column":6},"end":{"line":119,"column":null}},"36":{"start":{"line":121,"column":6},"end":{"line":124,"column":null}},"37":{"start":{"line":128,"column":6},"end":{"line":128,"column":null}},"38":{"start":{"line":130,"column":6},"end":{"line":130,"column":null}},"39":{"start":{"line":133,"column":16},"end":{"line":133,"column":null}},"40":{"start":{"line":134,"column":25},"end":{"line":134,"column":null}},"41":{"start":{"line":136,"column":6},"end":{"line":139,"column":null}},"42":{"start":{"line":141,"column":6},"end":{"line":141,"column":null}},"43":{"start":{"line":143,"column":6},"end":{"line":146,"column":null}},"44":{"start":{"line":148,"column":6},"end":{"line":148,"column":null}}},"fnMap":{"0":{"name":"setAuthRole","decl":{"start":{"line":17,"column":16},"end":{"line":17,"column":28}},"loc":{"start":{"line":17,"column":49},"end":{"line":19,"column":null}},"line":17},"1":{"name":"fetchJSON","decl":{"start":{"line":21,"column":15},"end":{"line":21,"column":28}},"loc":{"start":{"line":21,"column":76},"end":{"line":36,"column":null}},"line":21},"2":{"name":"(anonymous_2)","decl":{"start":{"line":40,"column":10},"end":{"line":40,"column":11}},"loc":{"start":{"line":40,"column":42},"end":{"line":43,"column":null}},"line":40},"3":{"name":"(anonymous_3)","decl":{"start":{"line":44,"column":9},"end":{"line":44,"column":10}},"loc":{"start":{"line":44,"column":25},"end":{"line":44,"column":null}},"line":44},"4":{"name":"(anonymous_4)","decl":{"start":{"line":45,"column":12},"end":{"line":45,"column":13}},"loc":{"start":{"line":46,"column":6},"end":{"line":49,"column":null}},"line":46},"5":{"name":"(anonymous_5)","decl":{"start":{"line":50,"column":12},"end":{"line":50,"column":13}},"loc":{"start":{"line":51,"column":6},"end":{"line":54,"column":null}},"line":51},"6":{"name":"(anonymous_6)","decl":{"start":{"line":55,"column":12},"end":{"line":55,"column":13}},"loc":{"start":{"line":56,"column":6},"end":{"line":56,"column":null}},"line":56},"7":{"name":"(anonymous_7)","decl":{"start":{"line":57,"column":10},"end":{"line":57,"column":11}},"loc":{"start":{"line":58,"column":6},"end":{"line":61,"column":null}},"line":58},"8":{"name":"(anonymous_8)","decl":{"start":{"line":64,"column":10},"end":{"line":64,"column":11}},"loc":{"start":{"line":65,"column":6},"end":{"line":65,"column":null}},"line":65},"9":{"name":"(anonymous_9)","decl":{"start":{"line":66,"column":9},"end":{"line":66,"column":10}},"loc":{"start":{"line":67,"column":6},"end":{"line":70,"column":null}},"line":67},"10":{"name":"(anonymous_10)","decl":{"start":{"line":71,"column":12},"end":{"line":71,"column":13}},"loc":{"start":{"line":72,"column":6},"end":{"line":74,"column":null}},"line":72},"11":{"name":"(anonymous_11)","decl":{"start":{"line":75,"column":13},"end":{"line":75,"column":14}},"loc":{"start":{"line":76,"column":6},"end":{"line":79,"column":null}},"line":76},"12":{"name":"(anonymous_12)","decl":{"start":{"line":82,"column":10},"end":{"line":82,"column":11}},"loc":{"start":{"line":83,"column":6},"end":{"line":83,"column":null}},"line":83},"13":{"name":"(anonymous_13)","decl":{"start":{"line":84,"column":12},"end":{"line":84,"column":13}},"loc":{"start":{"line":85,"column":6},"end":{"line":88,"column":null}},"line":85},"14":{"name":"(anonymous_14)","decl":{"start":{"line":89,"column":12},"end":{"line":89,"column":13}},"loc":{"start":{"line":90,"column":6},"end":{"line":92,"column":null}},"line":90},"15":{"name":"(anonymous_15)","decl":{"start":{"line":95,"column":10},"end":{"line":95,"column":16}},"loc":{"start":{"line":95,"column":16},"end":{"line":95,"column":null}},"line":95},"16":{"name":"(anonymous_16)","decl":{"start":{"line":96,"column":9},"end":{"line":96,"column":10}},"loc":{"start":{"line":96,"column":25},"end":{"line":96,"column":null}},"line":96},"17":{"name":"(anonymous_17)","decl":{"start":{"line":97,"column":12},"end":{"line":97,"column":13}},"loc":{"start":{"line":98,"column":6},"end":{"line":101,"column":null}},"line":98},"18":{"name":"(anonymous_18)","decl":{"start":{"line":102,"column":12},"end":{"line":102,"column":13}},"loc":{"start":{"line":103,"column":6},"end":{"line":106,"column":null}},"line":103},"19":{"name":"(anonymous_19)","decl":{"start":{"line":107,"column":12},"end":{"line":107,"column":13}},"loc":{"start":{"line":108,"column":6},"end":{"line":108,"column":null}},"line":108},"20":{"name":"(anonymous_20)","decl":{"start":{"line":109,"column":16},"end":{"line":109,"column":17}},"loc":{"start":{"line":110,"column":6},"end":{"line":110,"column":null}},"line":110},"21":{"name":"(anonymous_21)","decl":{"start":{"line":111,"column":14},"end":{"line":111,"column":15}},"loc":{"start":{"line":112,"column":6},"end":{"line":115,"column":null}},"line":112},"22":{"name":"(anonymous_22)","decl":{"start":{"line":116,"column":17},"end":{"line":116,"column":18}},"loc":{"start":{"line":117,"column":6},"end":{"line":119,"column":null}},"line":117},"23":{"name":"(anonymous_23)","decl":{"start":{"line":120,"column":19},"end":{"line":120,"column":20}},"loc":{"start":{"line":121,"column":6},"end":{"line":124,"column":null}},"line":121},"24":{"name":"(anonymous_24)","decl":{"start":{"line":127,"column":10},"end":{"line":127,"column":11}},"loc":{"start":{"line":128,"column":6},"end":{"line":128,"column":null}},"line":128},"25":{"name":"(anonymous_25)","decl":{"start":{"line":129,"column":10},"end":{"line":129,"column":11}},"loc":{"start":{"line":130,"column":6},"end":{"line":130,"column":null}},"line":130},"26":{"name":"(anonymous_26)","decl":{"start":{"line":133,"column":10},"end":{"line":133,"column":16}},"loc":{"start":{"line":133,"column":16},"end":{"line":133,"column":null}},"line":133},"27":{"name":"(anonymous_27)","decl":{"start":{"line":134,"column":9},"end":{"line":134,"column":10}},"loc":{"start":{"line":134,"column":25},"end":{"line":134,"column":null}},"line":134},"28":{"name":"(anonymous_28)","decl":{"start":{"line":135,"column":12},"end":{"line":135,"column":13}},"loc":{"start":{"line":136,"column":6},"end":{"line":139,"column":null}},"line":136},"29":{"name":"(anonymous_29)","decl":{"start":{"line":140,"column":13},"end":{"line":140,"column":14}},"loc":{"start":{"line":141,"column":6},"end":{"line":141,"column":null}},"line":141},"30":{"name":"(anonymous_30)","decl":{"start":{"line":142,"column":12},"end":{"line":142,"column":13}},"loc":{"start":{"line":143,"column":6},"end":{"line":146,"column":null}},"line":143},"31":{"name":"(anonymous_31)","decl":{"start":{"line":147,"column":12},"end":{"line":147,"column":13}},"loc":{"start":{"line":148,"column":6},"end":{"line":148,"column":null}},"line":148}},"branchMap":{"0":{"loc":{"start":{"line":13,"column":17},"end":{"line":13,"column":null}},"type":"binary-expr","locations":[{"start":{"line":13,"column":17},"end":{"line":13,"column":54}},{"start":{"line":13,"column":54},"end":{"line":13,"column":null}}],"line":13},"1":{"loc":{"start":{"line":24,"column":9},"end":{"line":24,"column":null}},"type":"binary-expr","locations":[{"start":{"line":24,"column":9},"end":{"line":24,"column":56}},{"start":{"line":24,"column":56},"end":{"line":24,"column":null}}],"line":24},"2":{"loc":{"start":{"line":26,"column":2},"end":{"line":28,"column":null}},"type":"if","locations":[{"start":{"line":26,"column":2},"end":{"line":28,"column":null}},{"start":{},"end":{}}],"line":26},"3":{"loc":{"start":{"line":30,"column":2},"end":{"line":33,"column":null}},"type":"if","locations":[{"start":{"line":30,"column":2},"end":{"line":33,"column":null}},{"start":{},"end":{}}],"line":30},"4":{"loc":{"start":{"line":34,"column":2},"end":{"line":34,"column":null}},"type":"if","locations":[{"start":{"line":34,"column":2},"end":{"line":34,"column":null}},{"start":{},"end":{}}],"line":34},"5":{"loc":{"start":{"line":41,"column":20},"end":{"line":41,"column":null}},"type":"cond-expr","locations":[{"start":{"line":41,"column":35},"end":{"line":41,"column":80}},{"start":{"line":41,"column":80},"end":{"line":41,"column":null}}],"line":41}},"s":{"0":4,"1":1,"2":37,"3":35,"4":35,"5":1,"6":35,"7":35,"8":1,"9":1,"10":34,"11":6,"12":28,"13":1,"14":4,"15":4,"16":1,"17":2,"18":1,"19":1,"20":1,"21":1,"22":2,"23":1,"24":1,"25":1,"26":1,"27":1,"28":1,"29":1,"30":1,"31":1,"32":1,"33":1,"34":1,"35":1,"36":1,"37":1,"38":1,"39":1,"40":1,"41":1,"42":1,"43":1,"44":1},"f":{"0":37,"1":35,"2":4,"3":1,"4":2,"5":1,"6":1,"7":1,"8":1,"9":2,"10":1,"11":1,"12":1,"13":1,"14":1,"15":1,"16":1,"17":1,"18":1,"19":1,"20":1,"21":1,"22":1,"23":1,"24":1,"25":1,"26":1,"27":1,"28":1,"29":1,"30":1,"31":1},"b":{"0":[4,1],"1":[35,35],"2":[1,34],"3":[1,34],"4":[6,28],"5":[1,3]},"meta":{"lastBranch":6,"lastFunction":32,"lastStatement":45,"seen":{"s:13:17:13:Infinity":0,"b:13:17:13:54:13:54:13:Infinity":0,"s:15:33:15:Infinity":1,"f:17:16:17:28":0,"s:18:2:18:Infinity":2,"f:21:15:21:28":1,"s:22:42:25:Infinity":3,"b:24:9:24:56:24:56:24:Infinity":1,"b:26:2:28:Infinity:undefined:undefined:undefined:undefined":2,"s:26:2:28:Infinity":4,"s:27:4:27:Infinity":5,"s:29:14:29:Infinity":6,"b:30:2:33:Infinity:undefined:undefined:undefined:undefined":3,"s:30:2:33:Infinity":7,"s:31:17:31:Infinity":8,"s:32:4:32:Infinity":9,"b:34:2:34:Infinity:undefined:undefined:undefined:undefined":4,"s:34:2:34:Infinity":10,"s:34:26:34:Infinity":11,"s:35:2:35:Infinity":12,"s:38:19:150:Infinity":13,"f:40:10:40:11":2,"s:41:20:41:Infinity":14,"b:41:35:41:80:41:80:41:Infinity":5,"s:42:6:42:Infinity":15,"f:44:9:44:10":3,"s:44:25:44:Infinity":16,"f:45:12:45:13":4,"s:46:6:49:Infinity":17,"f:50:12:50:13":5,"s:51:6:54:Infinity":18,"f:55:12:55:13":6,"s:56:6:56:Infinity":19,"f:57:10:57:11":7,"s:58:6:61:Infinity":20,"f:64:10:64:11":8,"s:65:6:65:Infinity":21,"f:66:9:66:10":9,"s:67:6:70:Infinity":22,"f:71:12:71:13":10,"s:72:6:74:Infinity":23,"f:75:13:75:14":11,"s:76:6:79:Infinity":24,"f:82:10:82:11":12,"s:83:6:83:Infinity":25,"f:84:12:84:13":13,"s:85:6:88:Infinity":26,"f:89:12:89:13":14,"s:90:6:92:Infinity":27,"f:95:10:95:16":15,"s:95:16:95:Infinity":28,"f:96:9:96:10":16,"s:96:25:96:Infinity":29,"f:97:12:97:13":17,"s:98:6:101:Infinity":30,"f:102:12:102:13":18,"s:103:6:106:Infinity":31,"f:107:12:107:13":19,"s:108:6:108:Infinity":32,"f:109:16:109:17":20,"s:110:6:110:Infinity":33,"f:111:14:111:15":21,"s:112:6:115:Infinity":34,"f:116:17:116:18":22,"s:117:6:119:Infinity":35,"f:120:19:120:20":23,"s:121:6:124:Infinity":36,"f:127:10:127:11":24,"s:128:6:128:Infinity":37,"f:129:10:129:11":25,"s:130:6:130:Infinity":38,"f:133:10:133:16":26,"s:133:16:133:Infinity":39,"f:134:9:134:10":27,"s:134:25:134:Infinity":40,"f:135:12:135:13":28,"s:136:6:139:Infinity":41,"f:140:13:140:14":29,"s:141:6:141:Infinity":42,"f:142:12:142:13":30,"s:143:6:146:Infinity":43,"f:147:12:147:13":31,"s:148:6:148:Infinity":44}}}
,"/home/jsalomon/src/pc-asset-hub/ui/src/pages/meta/EntityTypeDetailPage.tsx": {"path":"/home/jsalomon/src/pc-asset-hub/ui/src/pages/meta/EntityTypeDetailPage.tsx","statementMap":{"0":{"start":{"line":290,"column":35},"end":{"line":290,"column":36}},"1":{"start":{"line":1,"column":49},"end":{"line":1,"column":null}},"2":{"start":{"line":45,"column":17},"end":{"line":45,"column":null}},"3":{"start":{"line":46,"column":19},"end":{"line":46,"column":null}},"4":{"start":{"line":47,"column":18},"end":{"line":47,"column":null}},"5":{"start":{"line":49,"column":38},"end":{"line":49,"column":null}},"6":{"start":{"line":50,"column":32},"end":{"line":50,"column":null}},"7":{"start":{"line":51,"column":28},"end":{"line":51,"column":null}},"8":{"start":{"line":52,"column":36},"end":{"line":52,"column":null}},"9":{"start":{"line":55,"column":38},"end":{"line":55,"column":null}},"10":{"start":{"line":56,"column":42},"end":{"line":56,"column":null}},"11":{"start":{"line":59,"column":42},"end":{"line":59,"column":null}},"12":{"start":{"line":60,"column":44},"end":{"line":60,"column":null}},"13":{"start":{"line":61,"column":40},"end":{"line":61,"column":null}},"14":{"start":{"line":64,"column":34},"end":{"line":64,"column":null}},"15":{"start":{"line":65,"column":48},"end":{"line":65,"column":null}},"16":{"start":{"line":68,"column":28},"end":{"line":68,"column":null}},"17":{"start":{"line":71,"column":40},"end":{"line":71,"column":null}},"18":{"start":{"line":72,"column":34},"end":{"line":72,"column":null}},"19":{"start":{"line":73,"column":34},"end":{"line":73,"column":null}},"20":{"start":{"line":74,"column":34},"end":{"line":74,"column":null}},"21":{"start":{"line":75,"column":42},"end":{"line":75,"column":null}},"22":{"start":{"line":76,"column":38},"end":{"line":76,"column":null}},"23":{"start":{"line":77,"column":42},"end":{"line":77,"column":null}},"24":{"start":{"line":78,"column":42},"end":{"line":78,"column":null}},"25":{"start":{"line":81,"column":42},"end":{"line":81,"column":null}},"26":{"start":{"line":82,"column":44},"end":{"line":82,"column":null}},"27":{"start":{"line":83,"column":48},"end":{"line":83,"column":null}},"28":{"start":{"line":84,"column":36},"end":{"line":84,"column":null}},"29":{"start":{"line":85,"column":44},"end":{"line":85,"column":null}},"30":{"start":{"line":86,"column":48},"end":{"line":86,"column":null}},"31":{"start":{"line":87,"column":48},"end":{"line":87,"column":null}},"32":{"start":{"line":88,"column":44},"end":{"line":88,"column":null}},"33":{"start":{"line":91,"column":34},"end":{"line":91,"column":null}},"34":{"start":{"line":92,"column":34},"end":{"line":92,"column":null}},"35":{"start":{"line":93,"column":36},"end":{"line":93,"column":null}},"36":{"start":{"line":96,"column":38},"end":{"line":96,"column":null}},"37":{"start":{"line":99,"column":30},"end":{"line":99,"column":null}},"38":{"start":{"line":100,"column":30},"end":{"line":100,"column":null}},"39":{"start":{"line":101,"column":26},"end":{"line":101,"column":null}},"40":{"start":{"line":102,"column":36},"end":{"line":102,"column":null}},"41":{"start":{"line":104,"column":25},"end":{"line":116,"column":null}},"42":{"start":{"line":105,"column":4},"end":{"line":105,"column":null}},"43":{"start":{"line":105,"column":13},"end":{"line":105,"column":null}},"44":{"start":{"line":106,"column":4},"end":{"line":106,"column":null}},"45":{"start":{"line":107,"column":4},"end":{"line":107,"column":null}},"46":{"start":{"line":108,"column":4},"end":{"line":115,"column":null}},"47":{"start":{"line":109,"column":17},"end":{"line":109,"column":null}},"48":{"start":{"line":110,"column":6},"end":{"line":110,"column":null}},"49":{"start":{"line":112,"column":6},"end":{"line":112,"column":null}},"50":{"start":{"line":114,"column":6},"end":{"line":114,"column":null}},"51":{"start":{"line":118,"column":25},"end":{"line":129,"column":null}},"52":{"start":{"line":119,"column":4},"end":{"line":119,"column":null}},"53":{"start":{"line":119,"column":13},"end":{"line":119,"column":null}},"54":{"start":{"line":120,"column":4},"end":{"line":120,"column":null}},"55":{"start":{"line":121,"column":4},"end":{"line":128,"column":null}},"56":{"start":{"line":122,"column":18},"end":{"line":122,"column":null}},"57":{"start":{"line":123,"column":6},"end":{"line":123,"column":null}},"58":{"start":{"line":125,"column":6},"end":{"line":125,"column":null}},"59":{"start":{"line":127,"column":6},"end":{"line":127,"column":null}},"60":{"start":{"line":131,"column":27},"end":{"line":142,"column":null}},"61":{"start":{"line":132,"column":4},"end":{"line":132,"column":null}},"62":{"start":{"line":132,"column":13},"end":{"line":132,"column":null}},"63":{"start":{"line":133,"column":4},"end":{"line":133,"column":null}},"64":{"start":{"line":134,"column":4},"end":{"line":141,"column":null}},"65":{"start":{"line":135,"column":18},"end":{"line":135,"column":null}},"66":{"start":{"line":136,"column":6},"end":{"line":136,"column":null}},"67":{"start":{"line":138,"column":6},"end":{"line":138,"column":null}},"68":{"start":{"line":140,"column":6},"end":{"line":140,"column":null}},"69":{"start":{"line":144,"column":23},"end":{"line":155,"column":null}},"70":{"start":{"line":145,"column":4},"end":{"line":145,"column":null}},"71":{"start":{"line":145,"column":13},"end":{"line":145,"column":null}},"72":{"start":{"line":146,"column":4},"end":{"line":146,"column":null}},"73":{"start":{"line":147,"column":4},"end":{"line":154,"column":null}},"74":{"start":{"line":148,"column":18},"end":{"line":148,"column":null}},"75":{"start":{"line":149,"column":6},"end":{"line":149,"column":null}},"76":{"start":{"line":151,"column":6},"end":{"line":151,"column":null}},"77":{"start":{"line":153,"column":6},"end":{"line":153,"column":null}},"78":{"start":{"line":157,"column":2},"end":{"line":159,"column":null}},"79":{"start":{"line":158,"column":4},"end":{"line":158,"column":null}},"80":{"start":{"line":161,"column":2},"end":{"line":171,"column":null}},"81":{"start":{"line":162,"column":4},"end":{"line":165,"column":null}},"82":{"start":{"line":163,"column":6},"end":{"line":163,"column":null}},"83":{"start":{"line":164,"column":6},"end":{"line":164,"column":null}},"84":{"start":{"line":164,"column":35},"end":{"line":164,"column":58}},"85":{"start":{"line":166,"column":4},"end":{"line":169,"column":null}},"86":{"start":{"line":167,"column":6},"end":{"line":167,"column":null}},"87":{"start":{"line":168,"column":6},"end":{"line":168,"column":null}},"88":{"start":{"line":168,"column":41},"end":{"line":168,"column":70}},"89":{"start":{"line":170,"column":4},"end":{"line":170,"column":null}},"90":{"start":{"line":170,"column":34},"end":{"line":170,"column":null}},"91":{"start":{"line":173,"column":29},"end":{"line":193,"column":null}},"92":{"start":{"line":174,"column":4},"end":{"line":174,"column":null}},"93":{"start":{"line":174,"column":46},"end":{"line":174,"column":null}},"94":{"start":{"line":175,"column":4},"end":{"line":175,"column":null}},"95":{"start":{"line":176,"column":4},"end":{"line":192,"column":null}},"96":{"start":{"line":177,"column":6},"end":{"line":182,"column":null}},"97":{"start":{"line":183,"column":6},"end":{"line":183,"column":null}},"98":{"start":{"line":184,"column":6},"end":{"line":184,"column":null}},"99":{"start":{"line":185,"column":6},"end":{"line":185,"column":null}},"100":{"start":{"line":186,"column":6},"end":{"line":186,"column":null}},"101":{"start":{"line":187,"column":6},"end":{"line":187,"column":null}},"102":{"start":{"line":188,"column":6},"end":{"line":188,"column":null}},"103":{"start":{"line":189,"column":6},"end":{"line":189,"column":null}},"104":{"start":{"line":191,"column":6},"end":{"line":191,"column":null}},"105":{"start":{"line":195,"column":32},"end":{"line":204,"column":null}},"106":{"start":{"line":196,"column":4},"end":{"line":196,"column":null}},"107":{"start":{"line":196,"column":13},"end":{"line":196,"column":null}},"108":{"start":{"line":197,"column":4},"end":{"line":203,"column":null}},"109":{"start":{"line":198,"column":6},"end":{"line":198,"column":null}},"110":{"start":{"line":199,"column":6},"end":{"line":199,"column":null}},"111":{"start":{"line":200,"column":6},"end":{"line":200,"column":null}},"112":{"start":{"line":202,"column":6},"end":{"line":202,"column":null}},"113":{"start":{"line":206,"column":33},"end":{"line":218,"column":null}},"114":{"start":{"line":207,"column":4},"end":{"line":207,"column":null}},"115":{"start":{"line":207,"column":13},"end":{"line":207,"column":null}},"116":{"start":{"line":208,"column":21},"end":{"line":208,"column":null}},"117":{"start":{"line":209,"column":22},"end":{"line":209,"column":null}},"118":{"start":{"line":210,"column":4},"end":{"line":210,"column":null}},"119":{"start":{"line":210,"column":55},"end":{"line":210,"column":null}},"120":{"start":{"line":211,"column":5},"end":{"line":211,"column":null}},"121":{"start":{"line":212,"column":4},"end":{"line":217,"column":null}},"122":{"start":{"line":213,"column":6},"end":{"line":213,"column":null}},"123":{"start":{"line":213,"column":59},"end":{"line":213,"column":63}},"124":{"start":{"line":214,"column":6},"end":{"line":214,"column":null}},"125":{"start":{"line":216,"column":6},"end":{"line":216,"column":null}},"126":{"start":{"line":220,"column":31},"end":{"line":240,"column":null}},"127":{"start":{"line":221,"column":4},"end":{"line":221,"column":null}},"128":{"start":{"line":221,"column":45},"end":{"line":221,"column":null}},"129":{"start":{"line":222,"column":4},"end":{"line":222,"column":null}},"130":{"start":{"line":223,"column":4},"end":{"line":239,"column":null}},"131":{"start":{"line":224,"column":6},"end":{"line":229,"column":null}},"132":{"start":{"line":230,"column":6},"end":{"line":230,"column":null}},"133":{"start":{"line":231,"column":6},"end":{"line":231,"column":null}},"134":{"start":{"line":232,"column":6},"end":{"line":232,"column":null}},"135":{"start":{"line":233,"column":6},"end":{"line":233,"column":null}},"136":{"start":{"line":234,"column":6},"end":{"line":234,"column":null}},"137":{"start":{"line":235,"column":6},"end":{"line":235,"column":null}},"138":{"start":{"line":236,"column":6},"end":{"line":236,"column":null}},"139":{"start":{"line":238,"column":6},"end":{"line":238,"column":null}},"140":{"start":{"line":242,"column":34},"end":{"line":251,"column":null}},"141":{"start":{"line":243,"column":4},"end":{"line":243,"column":null}},"142":{"start":{"line":243,"column":13},"end":{"line":243,"column":null}},"143":{"start":{"line":244,"column":4},"end":{"line":250,"column":null}},"144":{"start":{"line":245,"column":6},"end":{"line":245,"column":null}},"145":{"start":{"line":246,"column":6},"end":{"line":246,"column":null}},"146":{"start":{"line":247,"column":6},"end":{"line":247,"column":null}},"147":{"start":{"line":249,"column":6},"end":{"line":249,"column":null}},"148":{"start":{"line":253,"column":21},"end":{"line":265,"column":null}},"149":{"start":{"line":254,"column":4},"end":{"line":254,"column":null}},"150":{"start":{"line":254,"column":33},"end":{"line":254,"column":null}},"151":{"start":{"line":255,"column":4},"end":{"line":255,"column":null}},"152":{"start":{"line":256,"column":4},"end":{"line":264,"column":null}},"153":{"start":{"line":257,"column":28},"end":{"line":257,"column":null}},"154":{"start":{"line":257,"column":82},"end":{"line":257,"column":91}},"155":{"start":{"line":258,"column":6},"end":{"line":258,"column":null}},"156":{"start":{"line":259,"column":6},"end":{"line":259,"column":null}},"157":{"start":{"line":260,"column":6},"end":{"line":260,"column":null}},"158":{"start":{"line":261,"column":6},"end":{"line":261,"column":null}},"159":{"start":{"line":263,"column":6},"end":{"line":263,"column":null}},"160":{"start":{"line":267,"column":23},"end":{"line":276,"column":null}},"161":{"start":{"line":268,"column":4},"end":{"line":268,"column":null}},"162":{"start":{"line":268,"column":13},"end":{"line":268,"column":null}},"163":{"start":{"line":269,"column":4},"end":{"line":275,"column":null}},"164":{"start":{"line":270,"column":6},"end":{"line":270,"column":null}},"165":{"start":{"line":271,"column":6},"end":{"line":271,"column":null}},"166":{"start":{"line":273,"column":6},"end":{"line":273,"column":null}},"167":{"start":{"line":274,"column":6},"end":{"line":274,"column":null}},"168":{"start":{"line":278,"column":32},"end":{"line":288,"column":null}},"169":{"start":{"line":279,"column":4},"end":{"line":279,"column":null}},"170":{"start":{"line":279,"column":47},"end":{"line":279,"column":null}},"171":{"start":{"line":280,"column":4},"end":{"line":280,"column":null}},"172":{"start":{"line":281,"column":4},"end":{"line":287,"column":null}},"173":{"start":{"line":282,"column":21},"end":{"line":282,"column":null}},"174":{"start":{"line":283,"column":6},"end":{"line":283,"column":null}},"175":{"start":{"line":285,"column":6},"end":{"line":285,"column":null}},"176":{"start":{"line":286,"column":6},"end":{"line":286,"column":null}},"177":{"start":{"line":290,"column":2},"end":{"line":290,"column":null}},"178":{"start":{"line":290,"column":15},"end":{"line":290,"column":null}},"179":{"start":{"line":291,"column":2},"end":{"line":291,"column":null}},"180":{"start":{"line":291,"column":28},"end":{"line":291,"column":null}},"181":{"start":{"line":292,"column":2},"end":{"line":292,"column":null}},"182":{"start":{"line":292,"column":19},"end":{"line":292,"column":null}},"183":{"start":{"line":294,"column":21},"end":{"line":294,"column":null}},"184":{"start":{"line":294,"column":43},"end":{"line":294,"column":null}},"185":{"start":{"line":294,"column":68},"end":{"line":294,"column":86}},"186":{"start":{"line":296,"column":2},"end":{"line":705,"column":null}},"187":{"start":{"line":298,"column":44},"end":{"line":298,"column":59}},"188":{"start":{"line":306,"column":57},"end":{"line":306,"column":76}},"189":{"start":{"line":332,"column":63},"end":{"line":332,"column":82}},"190":{"start":{"line":335,"column":60},"end":{"line":335,"column":81}},"191":{"start":{"line":350,"column":61},"end":{"line":350,"column":83}},"192":{"start":{"line":374,"column":20},"end":{"line":407,"column":null}},"193":{"start":{"line":389,"column":43},"end":{"line":389,"column":null}},"194":{"start":{"line":398,"column":43},"end":{"line":398,"column":null}},"195":{"start":{"line":404,"column":76},"end":{"line":404,"column":110}},"196":{"start":{"line":422,"column":61},"end":{"line":422,"column":84}},"197":{"start":{"line":446,"column":20},"end":{"line":456,"column":null}},"198":{"start":{"line":453,"column":76},"end":{"line":453,"column":111}},"199":{"start":{"line":485,"column":22},"end":{"line":489,"column":null}},"200":{"start":{"line":501,"column":45},"end":{"line":501,"column":null}},"201":{"start":{"line":511,"column":45},"end":{"line":511,"column":null}},"202":{"start":{"line":549,"column":26},"end":{"line":559,"column":null}},"203":{"start":{"line":572,"column":80},"end":{"line":572,"column":103}},"204":{"start":{"line":572,"column":103},"end":{"line":572,"column":125}},"205":{"start":{"line":578,"column":78},"end":{"line":578,"column":94}},"206":{"start":{"line":581,"column":78},"end":{"line":581,"column":94}},"207":{"start":{"line":587,"column":43},"end":{"line":587,"column":73}},"208":{"start":{"line":587,"column":73},"end":{"line":587,"column":96}},"209":{"start":{"line":590,"column":18},"end":{"line":590,"column":null}},"210":{"start":{"line":590,"column":55},"end":{"line":590,"column":87}},"211":{"start":{"line":603,"column":45},"end":{"line":603,"column":77}},"212":{"start":{"line":603,"column":77},"end":{"line":603,"column":100}},"213":{"start":{"line":606,"column":20},"end":{"line":608,"column":null}},"214":{"start":{"line":606,"column":57},"end":{"line":606,"column":89}},"215":{"start":{"line":607,"column":42},"end":{"line":607,"column":62}},"216":{"start":{"line":612,"column":20},"end":{"line":612,"column":null}},"217":{"start":{"line":621,"column":50},"end":{"line":621,"column":73}},"218":{"start":{"line":621,"column":73},"end":{"line":621,"column":95}},"219":{"start":{"line":626,"column":81},"end":{"line":626,"column":105}},"220":{"start":{"line":626,"column":105},"end":{"line":626,"column":128}},"221":{"start":{"line":635,"column":43},"end":{"line":635,"column":78}},"222":{"start":{"line":635,"column":78},"end":{"line":635,"column":104}},"223":{"start":{"line":638,"column":18},"end":{"line":640,"column":null}},"224":{"start":{"line":638,"column":55},"end":{"line":638,"column":93}},"225":{"start":{"line":639,"column":46},"end":{"line":639,"column":69}},"226":{"start":{"line":643,"column":44},"end":{"line":643,"column":56}},"227":{"start":{"line":644,"column":18},"end":{"line":644,"column":null}},"228":{"start":{"line":652,"column":43},"end":{"line":652,"column":74}},"229":{"start":{"line":652,"column":74},"end":{"line":652,"column":98}},"230":{"start":{"line":655,"column":18},"end":{"line":655,"column":null}},"231":{"start":{"line":655,"column":55},"end":{"line":655,"column":89}},"232":{"start":{"line":664,"column":93},"end":{"line":664,"column":116}},"233":{"start":{"line":667,"column":93},"end":{"line":667,"column":116}},"234":{"start":{"line":673,"column":50},"end":{"line":673,"column":74}},"235":{"start":{"line":673,"column":74},"end":{"line":673,"column":97}},"236":{"start":{"line":678,"column":77},"end":{"line":678,"column":97}},"237":{"start":{"line":678,"column":97},"end":{"line":678,"column":116}},"238":{"start":{"line":684,"column":78},"end":{"line":684,"column":94}},"239":{"start":{"line":690,"column":50},"end":{"line":690,"column":70}},"240":{"start":{"line":690,"column":70},"end":{"line":690,"column":89}},"241":{"start":{"line":695,"column":77},"end":{"line":695,"column":null}},"242":{"start":{"line":702,"column":48},"end":{"line":702,"column":70}}},"fnMap":{"0":{"name":"EntityTypeDetailPage","decl":{"start":{"line":44,"column":24},"end":{"line":44,"column":45}},"loc":{"start":{"line":44,"column":62},"end":{"line":707,"column":null}},"line":44},"1":{"name":"(anonymous_1)","decl":{"start":{"line":104,"column":37},"end":{"line":104,"column":49}},"loc":{"start":{"line":104,"column":49},"end":{"line":116,"column":5}},"line":104},"2":{"name":"(anonymous_2)","decl":{"start":{"line":118,"column":37},"end":{"line":118,"column":49}},"loc":{"start":{"line":118,"column":49},"end":{"line":129,"column":5}},"line":118},"3":{"name":"(anonymous_3)","decl":{"start":{"line":131,"column":39},"end":{"line":131,"column":51}},"loc":{"start":{"line":131,"column":51},"end":{"line":142,"column":5}},"line":131},"4":{"name":"(anonymous_4)","decl":{"start":{"line":144,"column":35},"end":{"line":144,"column":47}},"loc":{"start":{"line":144,"column":47},"end":{"line":155,"column":5}},"line":144},"5":{"name":"(anonymous_5)","decl":{"start":{"line":157,"column":12},"end":{"line":157,"column":18}},"loc":{"start":{"line":157,"column":18},"end":{"line":159,"column":5}},"line":157},"6":{"name":"(anonymous_6)","decl":{"start":{"line":161,"column":12},"end":{"line":161,"column":18}},"loc":{"start":{"line":161,"column":18},"end":{"line":171,"column":5}},"line":161},"7":{"name":"(anonymous_7)","decl":{"start":{"line":164,"column":28},"end":{"line":164,"column":29}},"loc":{"start":{"line":164,"column":35},"end":{"line":164,"column":58}},"line":164},"8":{"name":"(anonymous_8)","decl":{"start":{"line":164,"column":66},"end":{"line":164,"column":72}},"loc":{"start":{"line":164,"column":72},"end":{"line":164,"column":74}},"line":164},"9":{"name":"(anonymous_9)","decl":{"start":{"line":168,"column":34},"end":{"line":168,"column":35}},"loc":{"start":{"line":168,"column":41},"end":{"line":168,"column":70}},"line":168},"10":{"name":"(anonymous_10)","decl":{"start":{"line":168,"column":78},"end":{"line":168,"column":84}},"loc":{"start":{"line":168,"column":84},"end":{"line":168,"column":86}},"line":168},"11":{"name":"(anonymous_11)","decl":{"start":{"line":173,"column":29},"end":{"line":173,"column":41}},"loc":{"start":{"line":173,"column":41},"end":{"line":193,"column":null}},"line":173},"12":{"name":"(anonymous_12)","decl":{"start":{"line":195,"column":32},"end":{"line":195,"column":39}},"loc":{"start":{"line":195,"column":56},"end":{"line":204,"column":null}},"line":195},"13":{"name":"(anonymous_13)","decl":{"start":{"line":206,"column":33},"end":{"line":206,"column":40}},"loc":{"start":{"line":206,"column":84},"end":{"line":218,"column":null}},"line":206},"14":{"name":"(anonymous_14)","decl":{"start":{"line":213,"column":52},"end":{"line":213,"column":53}},"loc":{"start":{"line":213,"column":59},"end":{"line":213,"column":63}},"line":213},"15":{"name":"(anonymous_15)","decl":{"start":{"line":220,"column":31},"end":{"line":220,"column":43}},"loc":{"start":{"line":220,"column":43},"end":{"line":240,"column":null}},"line":220},"16":{"name":"(anonymous_16)","decl":{"start":{"line":242,"column":34},"end":{"line":242,"column":41}},"loc":{"start":{"line":242,"column":61},"end":{"line":251,"column":null}},"line":242},"17":{"name":"(anonymous_17)","decl":{"start":{"line":253,"column":21},"end":{"line":253,"column":33}},"loc":{"start":{"line":253,"column":33},"end":{"line":265,"column":null}},"line":253},"18":{"name":"(anonymous_18)","decl":{"start":{"line":257,"column":75},"end":{"line":257,"column":76}},"loc":{"start":{"line":257,"column":82},"end":{"line":257,"column":91}},"line":257},"19":{"name":"(anonymous_19)","decl":{"start":{"line":267,"column":23},"end":{"line":267,"column":35}},"loc":{"start":{"line":267,"column":35},"end":{"line":276,"column":null}},"line":267},"20":{"name":"(anonymous_20)","decl":{"start":{"line":278,"column":32},"end":{"line":278,"column":44}},"loc":{"start":{"line":278,"column":44},"end":{"line":288,"column":null}},"line":278},"21":{"name":"(anonymous_21)","decl":{"start":{"line":294,"column":21},"end":{"line":294,"column":22}},"loc":{"start":{"line":294,"column":43},"end":{"line":294,"column":null}},"line":294},"22":{"name":"(anonymous_22)","decl":{"start":{"line":294,"column":60},"end":{"line":294,"column":61}},"loc":{"start":{"line":294,"column":68},"end":{"line":294,"column":86}},"line":294},"23":{"name":"(anonymous_23)","decl":{"start":{"line":298,"column":38},"end":{"line":298,"column":44}},"loc":{"start":{"line":298,"column":44},"end":{"line":298,"column":59}},"line":298},"24":{"name":"(anonymous_24)","decl":{"start":{"line":306,"column":44},"end":{"line":306,"column":45}},"loc":{"start":{"line":306,"column":57},"end":{"line":306,"column":76}},"line":306},"25":{"name":"(anonymous_25)","decl":{"start":{"line":332,"column":57},"end":{"line":332,"column":63}},"loc":{"start":{"line":332,"column":63},"end":{"line":332,"column":82}},"line":332},"26":{"name":"(anonymous_26)","decl":{"start":{"line":335,"column":54},"end":{"line":335,"column":60}},"loc":{"start":{"line":335,"column":60},"end":{"line":335,"column":81}},"line":335},"27":{"name":"(anonymous_27)","decl":{"start":{"line":350,"column":55},"end":{"line":350,"column":61}},"loc":{"start":{"line":350,"column":61},"end":{"line":350,"column":83}},"line":350},"28":{"name":"(anonymous_28)","decl":{"start":{"line":373,"column":34},"end":{"line":373,"column":35}},"loc":{"start":{"line":374,"column":20},"end":{"line":407,"column":null}},"line":374},"29":{"name":"(anonymous_29)","decl":{"start":{"line":389,"column":37},"end":{"line":389,"column":43}},"loc":{"start":{"line":389,"column":43},"end":{"line":389,"column":null}},"line":389},"30":{"name":"(anonymous_30)","decl":{"start":{"line":398,"column":37},"end":{"line":398,"column":43}},"loc":{"start":{"line":398,"column":43},"end":{"line":398,"column":null}},"line":398},"31":{"name":"(anonymous_31)","decl":{"start":{"line":404,"column":70},"end":{"line":404,"column":76}},"loc":{"start":{"line":404,"column":76},"end":{"line":404,"column":110}},"line":404},"32":{"name":"(anonymous_32)","decl":{"start":{"line":422,"column":55},"end":{"line":422,"column":61}},"loc":{"start":{"line":422,"column":61},"end":{"line":422,"column":84}},"line":422},"33":{"name":"(anonymous_33)","decl":{"start":{"line":445,"column":36},"end":{"line":445,"column":37}},"loc":{"start":{"line":446,"column":20},"end":{"line":456,"column":null}},"line":446},"34":{"name":"(anonymous_34)","decl":{"start":{"line":453,"column":70},"end":{"line":453,"column":76}},"loc":{"start":{"line":453,"column":76},"end":{"line":453,"column":111}},"line":453},"35":{"name":"(anonymous_35)","decl":{"start":{"line":484,"column":34},"end":{"line":484,"column":35}},"loc":{"start":{"line":485,"column":22},"end":{"line":489,"column":null}},"line":485},"36":{"name":"(anonymous_36)","decl":{"start":{"line":501,"column":34},"end":{"line":501,"column":35}},"loc":{"start":{"line":501,"column":45},"end":{"line":501,"column":null}},"line":501},"37":{"name":"(anonymous_37)","decl":{"start":{"line":511,"column":34},"end":{"line":511,"column":35}},"loc":{"start":{"line":511,"column":45},"end":{"line":511,"column":null}},"line":511},"38":{"name":"(anonymous_38)","decl":{"start":{"line":548,"column":41},"end":{"line":548,"column":42}},"loc":{"start":{"line":549,"column":26},"end":{"line":559,"column":null}},"line":549},"39":{"name":"(anonymous_39)","decl":{"start":{"line":572,"column":72},"end":{"line":57
[...]
"86":3,"87":4,"88":3,"89":162,"90":0,"91":2,"92":2,"93":0,"94":0,"95":4,"96":1,"97":1,"98":0,"99":0,"100":2,"101":1,"102":1,"103":0,"104":0,"105":1,"106":1},"f":{"0":83,"1":27,"2":24,"3":2,"4":2,"5":2,"6":2,"7":6,"8":2,"9":0,"10":3,"11":4,"12":3,"13":162,"14":0,"15":2,"16":2,"17":0,"18":4,"19":1,"20":0,"21":2,"22":1,"23":0,"24":1},"b":{"0":[83,4],"1":[0,27],"2":[26,0],"3":[1,0],"4":[0,2],"5":[2,2],"6":[1,0],"7":[0,2],"8":[2,2],"9":[1,0],"10":[0,2],"11":[1,0],"12":[0,2],"13":[0,2],"14":[0,2],"15":[2,2],"16":[1,0],"17":[0,2],"18":[1,0],"19":[27,56],"20":[1,55],"21":[56,3],"22":[0,55],"23":[55,2],"24":[83,54],"25":[83,54],"26":[83,54],"27":[1,54],"28":[54,53],"29":[162,159],"30":[83,1],"31":[83,1],"32":[83,1]},"meta":{"lastBranch":33,"lastFunction":25,"lastStatement":107,"seen":{"s:142:35:142:36":0,"s:1:49:1:Infinity":1,"f:36:24:36:39":0,"s:37:17:37:Infinity":2,"s:38:19:38:Infinity":3,"s:39:18:39:Infinity":4,"b:39:18:39:38:39:38:39:Infinity":0,"s:41:34:41:Infinity":5,"s:42:30:42:Infinity":6,"s:43:32:43:Infinity":7,"s:44:28:44:Infinity":8,"s:47:34:47:Infinity":9,"s:48:42:48:Infinity":10,"s:49:44:49:Infinity":11,"s:52:42:52:Infinity":12,"s:53:34:53:Infinity":13,"s:54:44:54:Infinity":14,"s:57:38:57:Infinity":15,"s:58:40:58:Infinity":16,"s:60:19:76:Infinity":17,"f:60:31:60:43":1,"b:61:4:61:Infinity:undefined:undefined:undefined:undefined":1,"s:61:4:61:Infinity":18,"s:61:13:61:Infinity":19,"s:62:4:62:Infinity":20,"s:63:4:63:Infinity":21,"s:64:4:75:Infinity":22,"s:65:25:68:Infinity":23,"s:69:6:69:Infinity":24,"s:70:6:70:Infinity":25,"b:70:16:70:30:70:30:70:32":2,"s:72:6:72:Infinity":26,"b:72:36:72:48:72:48:72:64":3,"s:74:6:74:Infinity":27,"s:78:2:80:Infinity":28,"f:78:12:78:18":2,"s:79:4:79:Infinity":29,"s:82:27:92:Infinity":30,"f:82:27:82:39":3,"b:83:4:83:Infinity:undefined:undefined:undefined:undefined":4,"s:83:4:83:Infinity":31,"b:83:8:83:15:83:15:83:33":5,"s:83:33:83:Infinity":32,"s:84:4:84:Infinity":33,"s:85:4:91:Infinity":34,"s:86:6:86:Infinity":35,"s:87:6:87:Infinity":36,"s:88:6:88:Infinity":37,"s:90:6:90:Infinity":38,"b:90:44:90:56:90:56:90:74":6,"s:94:25:105:Infinity":39,"f:94:25:94:37":4,"b:95:4:95:Infinity:undefined:undefined:undefined:undefined":7,"s:95:4:95:Infinity":40,"b:95:8:95:15:95:15:95:33":8,"s:95:33:95:Infinity":41,"s:96:4:96:Infinity":42,"s:97:4:104:Infinity":43,"s:98:6:98:Infinity":44,"s:99:6:99:Infinity":45,"s:100:6:100:Infinity":46,"s:101:6:101:Infinity":47,"s:103:6:103:Infinity":48,"b:103:44:103:56:103:56:103:77":9,"s:107:28:115:Infinity":49,"f:107:28:107:35":5,"b:108:4:108:Infinity:undefined:undefined:undefined:undefined":10,"s:108:4:108:Infinity":50,"s:108:13:108:Infinity":51,"s:109:4:114:Infinity":52,"s:110:6:110:Infinity":53,"s:111:6:111:Infinity":54,"s:113:6:113:Infinity":55,"b:113:36:113:48:113:48:113:72":11,"s:117:29:129:Infinity":56,"f:117:29:117:36":6,"b:118:4:118:Infinity:undefined:undefined:undefined:undefined":12,"s:118:4:118:Infinity":57,"s:118:13:118:Infinity":58,"s:119:20:119:Infinity":59,"s:120:22:120:Infinity":60,"b:120:43:120:55:120:55:120:Infinity":13,"b:121:4:121:Infinity:undefined:undefined:undefined:undefined":14,"s:121:4:121:Infinity":61,"b:121:8:121:25:121:25:121:54":15,"s:121:54:121:Infinity":62,"s:122:5:122:Infinity":63,"s:123:4:128:Infinity":64,"s:124:6:124:Infinity":65,"f:124:52:124:53":7,"s:124:59:124:63":66,"s:125:6:125:Infinity":67,"s:127:6:127:Infinity":68,"b:127:36:127:48:127:48:127:67":16,"s:131:23:140:Infinity":69,"f:131:23:131:35":8,"b:132:4:132:Infinity:undefined:undefined:undefined:undefined":17,"s:132:4:132:Infinity":70,"s:132:13:132:Infinity":71,"s:133:4:133:Infinity":72,"s:134:4:139:Infinity":73,"s:135:6:135:Infinity":74,"s:136:6:136:Infinity":75,"s:138:6:138:Infinity":76,"b:138:42:138:54:138:54:138:72":18,"b:142:2:142:Infinity:undefined:undefined:undefined:undefined":19,"s:142:2:142:Infinity":77,"s:142:15:142:Infinity":78,"b:143:2:143:Infinity:undefined:undefined:undefined:undefined":20,"s:143:2:143:Infinity":79,"b:143:6:143:15:143:15:143:26":21,"s:143:26:143:Infinity":80,"b:144:2:144:Infinity:undefined:undefined:undefined:undefined":22,"s:144:2:144:Infinity":81,"s:144:17:144:Infinity":82,"s:146:2:298:Infinity":83,"f:148:38:148:44":9,"s:148:44:148:64":84,"b:152:7:152:16:152:16:152:Infinity":23,"b:161:13:161:Infinity:162:14:169:Infinity":24,"f:165:25:165:31":10,"s:165:33:165:61":85,"s:165:61:165:83":86,"b:183:7:183:Infinity:184:8:190:Infinity":25,"f:187:48:187:54":11,"s:187:54:187:75":87,"b:195:7:195:Infinity:196:8:202:Infinity":26,"f:199:49:199:55":12,"s:199:55:199:78":88,"b:206:8:208:Infinity:210:8:249:Infinity":27,"b:215:15:215:26:215:26:215:Infinity":28,"f:219:24:219:25":13,"s:220:14:246:Infinity":89,"b:223:17:223:Infinity:224:18:244:Infinity":29,"f:228:31:228:37":14,"s:228:37:228:Infinity":90,"f:237:31:237:37":15,"s:237:37:237:Infinity":91,"f:243:64:243:70":16,"s:243:70:243:95":92,"f:253:73:253:79":17,"s:253:81:253:105":93,"s:253:105:253:128":94,"b:256:11:256:28:256:28:256:Infinity":30,"f:259:72:259:73":18,"s:259:83:259:99":95,"f:265:42:265:48":19,"s:265:50:265:74":96,"s:265:74:265:97":97,"f:270:73:270:79":20,"s:270:81:270:105":98,"s:270:105:270:128":99,"b:273:11:273:28:273:28:273:Infinity":31,"f:276:68:276:69":21,"s:276:79:276:95":100,"f:282:42:282:48":22,"s:282:50:282:74":101,"s:282:74:282:97":102,"f:287:71:287:77":23,"s:287:79:287:101":103,"s:287:101:287:122":104,"b:290:11:290:26:290:26:290:115":32,"f:295:42:295:48":24,"s:295:50:295:72":105,"s:295:72:295:93":106}}}
,"/home/jsalomon/src/pc-asset-hub/ui/src/pages/meta/EnumListPage.tsx": {"path":"/home/jsalomon/src/pc-asset-hub/ui/src/pages/meta/EnumListPage.tsx","statementMap":{"0":{"start":{"line":97,"column":6},"end":{"line":97,"column":7}},"1":{"start":{"line":1,"column":49},"end":{"line":1,"column":null}},"2":{"start":{"line":32,"column":19},"end":{"line":32,"column":null}},"3":{"start":{"line":33,"column":18},"end":{"line":33,"column":null}},"4":{"start":{"line":35,"column":28},"end":{"line":35,"column":null}},"5":{"start":{"line":36,"column":32},"end":{"line":36,"column":null}},"6":{"start":{"line":37,"column":28},"end":{"line":37,"column":null}},"7":{"start":{"line":40,"column":38},"end":{"line":40,"column":null}},"8":{"start":{"line":41,"column":32},"end":{"line":41,"column":null}},"9":{"start":{"line":42,"column":36},"end":{"line":42,"column":null}},"10":{"start":{"line":43,"column":40},"end":{"line":43,"column":null}},"11":{"start":{"line":46,"column":42},"end":{"line":46,"column":null}},"12":{"start":{"line":47,"column":40},"end":{"line":47,"column":null}},"13":{"start":{"line":49,"column":20},"end":{"line":60,"column":null}},"14":{"start":{"line":50,"column":4},"end":{"line":50,"column":null}},"15":{"start":{"line":51,"column":4},"end":{"line":51,"column":null}},"16":{"start":{"line":52,"column":4},"end":{"line":59,"column":null}},"17":{"start":{"line":53,"column":18},"end":{"line":53,"column":null}},"18":{"start":{"line":54,"column":6},"end":{"line":54,"column":null}},"19":{"start":{"line":56,"column":6},"end":{"line":56,"column":null}},"20":{"start":{"line":58,"column":6},"end":{"line":58,"column":null}},"21":{"start":{"line":62,"column":2},"end":{"line":64,"column":null}},"22":{"start":{"line":63,"column":4},"end":{"line":63,"column":null}},"23":{"start":{"line":66,"column":23},"end":{"line":81,"column":null}},"24":{"start":{"line":67,"column":4},"end":{"line":67,"column":null}},"25":{"start":{"line":67,"column":25},"end":{"line":67,"column":null}},"26":{"start":{"line":68,"column":4},"end":{"line":68,"column":null}},"27":{"start":{"line":69,"column":4},"end":{"line":80,"column":null}},"28":{"start":{"line":70,"column":21},"end":{"line":72,"column":null}},"29":{"start":{"line":71,"column":42},"end":{"line":71,"column":50}},"30":{"start":{"line":73,"column":6},"end":{"line":73,"column":null}},"31":{"start":{"line":74,"column":6},"end":{"line":74,"column":null}},"32":{"start":{"line":75,"column":6},"end":{"line":75,"column":null}},"33":{"start":{"line":76,"column":6},"end":{"line":76,"column":null}},"34":{"start":{"line":77,"column":6},"end":{"line":77,"column":null}},"35":{"start":{"line":79,"column":6},"end":{"line":79,"column":null}},"36":{"start":{"line":83,"column":23},"end":{"line":93,"column":null}},"37":{"start":{"line":84,"column":4},"end":{"line":84,"column":null}},"38":{"start":{"line":84,"column":23},"end":{"line":84,"column":null}},"39":{"start":{"line":85,"column":4},"end":{"line":85,"column":null}},"40":{"start":{"line":86,"column":4},"end":{"line":92,"column":null}},"41":{"start":{"line":87,"column":6},"end":{"line":87,"column":null}},"42":{"start":{"line":88,"column":6},"end":{"line":88,"column":null}},"43":{"start":{"line":89,"column":6},"end":{"line":89,"column":null}},"44":{"start":{"line":91,"column":6},"end":{"line":91,"column":null}},"45":{"start":{"line":95,"column":2},"end":{"line":183,"column":null}},"46":{"start":{"line":105,"column":55},"end":{"line":105,"column":76}},"47":{"start":{"line":132,"column":14},"end":{"line":145,"column":null}},"48":{"start":{"line":134,"column":65},"end":{"line":134,"column":null}},"49":{"start":{"line":142,"column":70},"end":{"line":142,"column":91}},"50":{"start":{"line":152,"column":79},"end":{"line":152,"column":101}},"51":{"start":{"line":152,"column":101},"end":{"line":152,"column":122}},"52":{"start":{"line":158,"column":77},"end":{"line":158,"column":92}},"53":{"start":{"line":161,"column":81},"end":{"line":161,"column":98}},"54":{"start":{"line":167,"column":50},"end":{"line":167,"column":72}},"55":{"start":{"line":167,"column":72},"end":{"line":167,"column":93}},"56":{"start":{"line":172,"column":90},"end":{"line":172,"column":113}},"57":{"start":{"line":172,"column":113},"end":{"line":172,"column":134}},"58":{"start":{"line":180,"column":50},"end":{"line":180,"column":73}},"59":{"start":{"line":180,"column":73},"end":{"line":180,"column":94}}},"fnMap":{"0":{"name":"EnumListPage","decl":{"start":{"line":31,"column":24},"end":{"line":31,"column":37}},"loc":{"start":{"line":31,"column":54},"end":{"line":185,"column":null}},"line":31},"1":{"name":"(anonymous_1)","decl":{"start":{"line":49,"column":32},"end":{"line":49,"column":44}},"loc":{"start":{"line":49,"column":44},"end":{"line":60,"column":5}},"line":49},"2":{"name":"(anonymous_2)","decl":{"start":{"line":62,"column":12},"end":{"line":62,"column":18}},"loc":{"start":{"line":62,"column":18},"end":{"line":64,"column":5}},"line":62},"3":{"name":"(anonymous_3)","decl":{"start":{"line":66,"column":23},"end":{"line":66,"column":35}},"loc":{"start":{"line":66,"column":35},"end":{"line":81,"column":null}},"line":66},"4":{"name":"(anonymous_4)","decl":{"start":{"line":71,"column":35},"end":{"line":71,"column":36}},"loc":{"start":{"line":71,"column":42},"end":{"line":71,"column":50}},"line":71},"5":{"name":"(anonymous_5)","decl":{"start":{"line":83,"column":23},"end":{"line":83,"column":35}},"loc":{"start":{"line":83,"column":35},"end":{"line":93,"column":null}},"line":83},"6":{"name":"(anonymous_6)","decl":{"start":{"line":105,"column":49},"end":{"line":105,"column":55}},"loc":{"start":{"line":105,"column":55},"end":{"line":105,"column":76}},"line":105},"7":{"name":"(anonymous_7)","decl":{"start":{"line":131,"column":23},"end":{"line":131,"column":24}},"loc":{"start":{"line":132,"column":14},"end":{"line":145,"column":null}},"line":132},"8":{"name":"(anonymous_8)","decl":{"start":{"line":134,"column":59},"end":{"line":134,"column":65}},"loc":{"start":{"line":134,"column":65},"end":{"line":134,"column":null}},"line":134},"9":{"name":"(anonymous_9)","decl":{"start":{"line":142,"column":64},"end":{"line":142,"column":70}},"loc":{"start":{"line":142,"column":70},"end":{"line":142,"column":91}},"line":142},"10":{"name":"(anonymous_10)","decl":{"start":{"line":152,"column":71},"end":{"line":152,"column":77}},"loc":{"start":{"line":152,"column":77},"end":{"line":152,"column":null}},"line":152},"11":{"name":"(anonymous_11)","decl":{"start":{"line":158,"column":66},"end":{"line":158,"column":67}},"loc":{"start":{"line":158,"column":77},"end":{"line":158,"column":92}},"line":158},"12":{"name":"(anonymous_12)","decl":{"start":{"line":161,"column":70},"end":{"line":161,"column":71}},"loc":{"start":{"line":161,"column":81},"end":{"line":161,"column":98}},"line":161},"13":{"name":"(anonymous_13)","decl":{"start":{"line":167,"column":42},"end":{"line":167,"column":48}},"loc":{"start":{"line":167,"column":48},"end":{"line":167,"column":96}},"line":167},"14":{"name":"(anonymous_14)","decl":{"start":{"line":172,"column":82},"end":{"line":172,"column":88}},"loc":{"start":{"line":172,"column":88},"end":{"line":172,"column":null}},"line":172},"15":{"name":"(anonymous_15)","decl":{"start":{"line":180,"column":42},"end":{"line":180,"column":48}},"loc":{"start":{"line":180,"column":48},"end":{"line":180,"column":97}},"line":180}},"branchMap":{"0":{"loc":{"start":{"line":33,"column":18},"end":{"line":33,"column":null}},"type":"binary-expr","locations":[{"start":{"line":33,"column":18},"end":{"line":33,"column":38}},{"start":{"line":33,"column":38},"end":{"line":33,"column":null}}],"line":33},"1":{"loc":{"start":{"line":54,"column":15},"end":{"line":54,"column":30}},"type":"binary-expr","locations":[{"start":{"line":54,"column":15},"end":{"line":54,"column":28}},{"start":{"line":54,"column":28},"end":{"line":54,"column":30}}],"line":54},"2":{"loc":{"start":{"line":56,"column":15},"end":{"line":56,"column":70}},"type":"cond-expr","locations":[{"start":{"line":56,"column":36},"end":{"line":56,"column":48}},{"start":{"line":56,"column":48},"end":{"line":56,"column":70}}],"line":56},"3":{"loc":{"start":{"line":67,"column":4},"end":{"line":67,"column":null}},"type":"if","locations":[{"start":{"line":67,"column":4},"end":{"line":67,"column":null}},{"start":{},"end":{}}],"line":67},"4":{"loc":{"start":{"line":70,"column":21},"end":{"line":72,"column":null}},"type":"cond-expr","locations":[{"start":{"line":71,"column":10},"end":{"line":71,"column":null}},{"start":{"line":72,"column":10},"end":{"line":72,"column":null}}],"line":70},"5":{"loc":{"start":{"line":79,"column":21},"end":{"line":79,"column":72}},"type":"cond-expr","locations":[{"start":{"line":79,"column":42},"end":{"line":79,"column":54}},{"start":{"line":79,"column":54},"end":{"line":79,"column":72}}],"line":79},"6":{"loc":{"start":{"line":84,"column":4},"end":{"line":84,"column":null}},"type":"if","locations":[{"start":{"line":84,"column":4},"end":{"line":84,"column":null}},{"start":{},"end":{}}],"line":84},"7":{"loc":{"start":{"line":91,"column":21},"end":{"line":91,"column":72}},"type":"cond-expr","locations":[{"start":{"line":91,"column":42},"end":{"line":91,"column":54}},{"start":{"line":91,"column":54},"end":{"line":91,"column":72}}],"line":91},"8":{"loc":{"start":{"line":99,"column":7},"end":{"line":99,"column":null}},"type":"binary-expr","locations":[{"start":{"line":99,"column":7},"end":{"line":99,"column":16}},{"start":{"line":99,"column":16},"end":{"line":99,"column":null}}],"line":99},"9":{"loc":{"start":{"line":103,"column":11},"end":{"line":106,"column":null}},"type":"binary-expr","locations":[{"start":{"line":103,"column":11},"end":{"line":103,"column":null}},{"start":{"line":104,"column":12},"end":{"line":106,"column":null}}],"line":103},"10":{"loc":{"start":{"line":114,"column":7},"end":{"line":148,"column":null}},"type":"cond-expr","locations":[{"start":{"line":115,"column":8},"end":{"line":115,"column":null}},{"start":{"line":116,"column":10},"end":{"line":148,"column":null}}],"line":114},"11":{"loc":{"start":{"line":116,"column":10},"end":{"line":148,"column":null}},"type":"cond-expr","locations":[{"start":{"line":117,"column":8},"end":{"line":119,"column":null}},{"start":{"line":121,"column":8},"end":{"line":148,"column":null}}],"line":116},"12":{"loc":{"start":{"line":127,"column":15},"end":{"line":127,"column":null}},"type":"binary-expr","locations":[{"start":{"line":127,"column":15},"end":{"line":127,"column":26}},{"start":{"line":127,"column":26},"end":{"line":127,"column":null}}],"line":127},"13":{"loc":{"start":{"line":140,"column":17},"end":{"line":143,"column":null}},"type":"binary-expr","locations":[{"start":{"line":140,"column":17},"end":{"line":140,"column":null}},{"start":{"line":141,"column":18},"end":{"line":143,"column":null}}],"line":140},"14":{"loc":{"start":{"line":155,"column":11},"end":{"line":155,"column":null}},"type":"binary-expr","locations":[{"start":{"line":155,"column":11},"end":{"line":155,"column":26}},{"start":{"line":155,"column":26},"end":{"line":155,"column":null}}],"line":155},"15":{"loc":{"start":{"line":175,"column":11},"end":{"line":175,"column":115}},"type":"binary-expr","locations":[{"start":{"line":175,"column":11},"end":{"line":175,"column":26}},{"start":{"line":175,"column":26},"end":{"line":175,"column":115}}],"line":175}},"s":{"0":2,"1":2,"2":295,"3":295,"4":295,"5":295,"6":295,"7":295,"8":295,"9":295,"10":295,"11":295,"12":295,"13":295,"14":58,"15":58,"16":58,"17":58,"18":57,"19":1,"20":58,"21":295,"22":54,"23":295,"24":3,"25":0,"26":3,"27":3,"28":3,"29":3,"30":3,"31":2,"32":2,"33":2,"34":2,"35":1,"36":295,"37":2,"38":0,"39":2,"40":2,"41":2,"42":1,"43":1,"44":1,"45":295,"46":4,"47":68,"48":1,"49":3,"50":0,"51":0,"52":3,"53":1,"54":1,"55":1,"56":0,"57":0,"58":1,"59":1},"f":{"0":295,"1":58,"2":54,"3":3,"4":3,"5":2,"6":4,"7":68,"8":1,"9":3,"10":0,"11":3,"12":1,"13":1,"14":0,"15":1},"b":{"0":[295,12],"1":[57,0],"2":[1,0],"3":[0,3],"4":[1,2],"5":[1,0],"6":[0,2],"7":[1,0],"8":[295,1],"9":[295,284],"10":[98,197],"11":[163,34],"12":[34,33],"13":[68,66],"14":[295,1],"15":[295,1]},"meta":{"lastBranch":16,"lastFunction":16,"lastStatement":60,"seen":{"s:97:6:97:7":0,"s:1:49:1:Infinity":1,"f:31:24:31:37":0,"s:32:19:32:Infinity":2,"s:33:18:33:Infinity":3,"b:33:18:33:38:33:38:33:Infinity":0,"s:35:28:35:Infinity":4,"s:36:32:36:Infinity":5,"s:37:28:37:Infinity":6,"s:40:38:40:Infinity":7,"s:41:32:41:Infinity":8,"s:42:36:42:Infinity":9,"s:43:40:43:Infinity":10,"s:46:42:46:Infinity":11,"s:47:40:47:Infinity":12,"s:49:20:60:Infinity":13,"f:49:32:49:44":1,"s:50:4:50:Infinity":14,"s:51:4:51:Infinity":15,"s:52:4:59:Infinity":16,"s:53:18:53:Infinity":17,"s:54:6:54:Infinity":18,"b:54:15:54:28:54:28:54:30":1,"s:56:6:56:Infinity":19,"b:56:36:56:48:56:48:56:70":2,"s:58:6:58:Infinity":20,"s:62:2:64:Infinity":21,"f:62:12:62:18":2,"s:63:4:63:Infinity":22,"s:66:23:81:Infinity":23,"f:66:23:66:35":3,"b:67:4:67:Infinity:undefined:undefined:undefined:undefined":3,"s:67:4:67:Infinity":24,"s:67:25:67:Infinity":25,"s:68:4:68:Infinity":26,"s:69:4:80:Infinity":27,"s:70:21:72:Infinity":28,"b:71:10:71:Infinity:72:10:72:Infinity":4,"f:71:35:71:36":4,"s:71:42:71:50":29,"s:73:6:73:Infinity":30,"s:74:6:74:Infinity":31,"s:75:6:75:Infinity":32,"s:76:6:76:Infinity":33,"s:77:6:77:Infinity":34,"s:79:6:79:Infinity":35,"b:79:42:79:54:79:54:79:72":5,"s:83:23:93:Infinity":36,"f:83:23:83:35":5,"b:84:4:84:Infinity:undefined:undefined:undefined:undefined":6,"s:84:4:84:Infinity":37,"s:84:23:84:Infinity":38,"s:85:4:85:Infinity":39,"s:86:4:92:Infinity":40,"s:87:6:87:Infinity":41,"s:88:6:88:Infinity":42,"s:89:6:89:Infinity":43,"s:91:6:91:Infinity":44,"b:91:42:91:54:91:54:91:72":7,"s:95:2:183:Infinity":45,"b:99:7:99:16:99:16:99:Infinity":8,"b:103:11:103:Infinity:104:12:106:Infinity":9,"f:105:49:105:55":6,"s:105:55:105:76":46,"b:115:8:115:Infinity:116:10:148:Infinity":10,"b:117:8:119:Infinity:121:8:148:Infinity":11,"b:127:15:127:26:127:26:127:Infinity":12,"f:131:23:131:24":7,"s:132:14:145:Infinity":47,"f:134:59:134:65":8,"s:134:65:134:Infinity":48,"b:140:17:140:Infinity:141:18:143:Infinity":13,"f:142:64:142:70":9,"s:142:70:142:91":49,"f:152:71:152:77":10,"s:152:79:152:101":50,"s:152:101:152:122":51,"b:155:11:155:26:155:26:155:Infinity":14,"f:158:66:158:67":11,"s:158:77:158:92":52,"f:161:70:161:71":12,"s:161:81:161:98":53,"f:167:42:167:48":13,"s:167:50:167:72":54,"s:167:72:167:93":55,"f:172:82:172:88":14,"s:172:90:172:113":56,"s:172:113:172:134":57,"b:175:11:175:26:175:26:175:115":15,"f:180:42:180:48":15,"s:180:50:180:73":58,"s:180:73:180:94":59}}}
}
