<?xml version="1.0" encoding="UTF-8"?>
<coverage generated="1771255081804" clover="3.2.0">
  <project timestamp="1771255081804" name="All files">
    <metrics statements="137" coveredstatements="72" conditionals="89" coveredconditionals="39" methods="45" coveredmethods="17" elements="271" coveredelements="128" complexity="0" loc="137" ncloc="137" packages="4" files="5" classes="5"/>
    <package name="src">
      <metrics statements="110" coveredstatements="48" conditionals="72" coveredconditionals="27" methods="33" coveredmethods="7"/>
      <file name="App.tsx" path="/home/jsalomon/src/pc-asset-hub/ui/src/App.tsx">
        <metrics statements="110" coveredstatements="48" conditionals="72" coveredconditionals="27" methods="33" coveredmethods="7"/>
        <line num="41" count="1" type="stmt"/>
        <line num="44" count="51" type="stmt"/>
        <line num="45" count="51" type="stmt"/>
        <line num="46" count="51" type="stmt"/>
        <line num="49" count="51" type="stmt"/>
        <line num="50" count="51" type="stmt"/>
        <line num="51" count="51" type="stmt"/>
        <line num="52" count="51" type="stmt"/>
        <line num="53" count="51" type="stmt"/>
        <line num="56" count="51" type="stmt"/>
        <line num="57" count="51" type="stmt"/>
        <line num="58" count="51" type="stmt"/>
        <line num="59" count="51" type="stmt"/>
        <line num="62" count="51" type="stmt"/>
        <line num="63" count="51" type="stmt"/>
        <line num="64" count="51" type="stmt"/>
        <line num="65" count="51" type="stmt"/>
        <line num="68" count="51" type="stmt"/>
        <line num="69" count="51" type="stmt"/>
        <line num="70" count="51" type="stmt"/>
        <line num="73" count="51" type="stmt"/>
        <line num="74" count="17" type="stmt"/>
        <line num="78" count="51" type="stmt"/>
        <line num="79" count="17" type="stmt"/>
        <line num="80" count="17" type="stmt"/>
        <line num="81" count="17" type="stmt"/>
        <line num="82" count="17" type="stmt"/>
        <line num="83" count="16" type="cond" truecount="2" falsecount="0"/>
        <line num="84" count="17" type="stmt"/>
        <line num="86" count="1" type="cond" truecount="1" falsecount="1"/>
        <line num="88" count="17" type="stmt"/>
        <line num="93" count="51" type="stmt"/>
        <line num="94" count="0" type="stmt"/>
        <line num="95" count="0" type="stmt"/>
        <line num="96" count="0" type="stmt"/>
        <line num="97" count="0" type="stmt"/>
        <line num="98" count="0" type="cond" truecount="0" falsecount="2"/>
        <line num="99" count="0" type="stmt"/>
        <line num="101" count="0" type="cond" truecount="0" falsecount="2"/>
        <line num="103" count="0" type="stmt"/>
        <line num="108" count="51" type="stmt"/>
        <line num="109" count="17" type="stmt"/>
        <line num="110" count="17" type="cond" truecount="1" falsecount="1"/>
        <line num="111" count="17" type="cond" truecount="1" falsecount="1"/>
        <line num="115" count="51" type="stmt"/>
        <line num="116" count="0" type="cond" truecount="0" falsecount="2"/>
        <line num="117" count="0" type="stmt"/>
        <line num="118" count="0" type="stmt"/>
        <line num="119" count="0" type="cond" truecount="0" falsecount="2"/>
        <line num="120" count="0" type="stmt"/>
        <line num="121" count="0" type="stmt"/>
        <line num="122" count="0" type="stmt"/>
        <line num="123" count="0" type="stmt"/>
        <line num="125" count="0" type="cond" truecount="0" falsecount="2"/>
        <line num="130" count="51" type="stmt"/>
        <line num="131" count="0" type="stmt"/>
        <line num="132" count="0" type="stmt"/>
        <line num="133" count="0" type="stmt"/>
        <line num="135" count="0" type="cond" truecount="0" falsecount="2"/>
        <line num="140" count="51" type="stmt"/>
        <line num="141" count="0" type="cond" truecount="0" falsecount="2"/>
        <line num="142" count="0" type="stmt"/>
        <line num="143" count="0" type="stmt"/>
        <line num="144" count="0" type="stmt"/>
        <line num="145" count="0" type="stmt"/>
        <line num="146" count="0" type="stmt"/>
        <line num="147" count="0" type="stmt"/>
        <line num="149" count="0" type="cond" truecount="0" falsecount="2"/>
        <line num="154" count="51" type="stmt"/>
        <line num="155" count="0" type="stmt"/>
        <line num="156" count="0" type="stmt"/>
        <line num="157" count="0" type="stmt"/>
        <line num="159" count="0" type="cond" truecount="0" falsecount="2"/>
        <line num="164" count="51" type="stmt"/>
        <line num="165" count="0" type="cond" truecount="0" falsecount="2"/>
        <line num="166" count="0" type="stmt"/>
        <line num="167" count="0" type="stmt"/>
        <line num="168" count="0" type="stmt"/>
        <line num="170" count="0" type="cond" truecount="0" falsecount="2"/>
        <line num="174" count="51" type="cond" truecount="1" falsecount="1"/>
        <line num="176" count="51" type="cond" truecount="1" falsecount="1"/>
        <line num="177" count="0" type="stmt"/>
        <line num="180" count="51" type="stmt"/>
        <line num="181" count="0" type="cond" truecount="0" falsecount="4"/>
        <line num="182" count="0" type="stmt"/>
        <line num="183" count="0" type="stmt"/>
        <line num="184" count="0" type="stmt"/>
        <line num="185" count="0" type="stmt"/>
        <line num="189" count="51" type="stmt"/>
        <line num="204" count="0" type="stmt"/>
        <line num="205" count="0" type="stmt"/>
        <line num="209" count="51" type="stmt"/>
        <line num="215" count="204" type="stmt"/>
        <line num="226" count="0" type="stmt"/>
        <line num="239" count="0" type="stmt"/>
        <line num="240" count="0" type="stmt"/>
        <line num="245" count="0" type="stmt"/>
        <line num="276" count="28" type="stmt"/>
        <line num="282" count="0" type="stmt"/>
        <line num="304" count="0" type="stmt"/>
        <line num="331" count="0" type="stmt"/>
        <line num="338" count="0" type="stmt"/>
        <line num="341" count="0" type="stmt"/>
        <line num="360" count="0" type="stmt"/>
        <line num="367" count="0" type="stmt"/>
        <line num="370" count="0" type="stmt"/>
        <line num="376" count="0" type="stmt"/>
        <line num="384" count="0" type="stmt"/>
        <line num="391" count="0" type="stmt"/>
        <line num="397" count="0" type="stmt"/>
      </file>
    </package>
    <package name="src.context">
      <metrics statements="12" coveredstatements="12" conditionals="5" coveredconditionals="3" methods="4" coveredmethods="4"/>
      <file name="AuthContext.tsx" path="/home/jsalomon/src/pc-asset-hub/ui/src/context/AuthContext.tsx">
        <metrics statements="6" coveredstatements="6" conditionals="3" coveredconditionals="2" methods="2" coveredmethods="2"/>
        <line num="9" count="1" type="stmt"/>
        <line num="12" count="7" type="stmt"/>
        <line num="13" count="7" type="stmt"/>
        <line num="17" count="12" type="stmt"/>
        <line num="18" count="12" type="cond" truecount="1" falsecount="1"/>
        <line num="19" count="12" type="stmt"/>
      </file>
      <file name="CatalogVersionContext.tsx" path="/home/jsalomon/src/pc-asset-hub/ui/src/context/CatalogVersionContext.tsx">
        <metrics statements="6" coveredstatements="6" conditionals="2" coveredconditionals="1" methods="2" coveredmethods="2"/>
        <line num="8" count="1" type="stmt"/>
        <line num="11" count="3" type="stmt"/>
        <line num="12" count="3" type="stmt"/>
        <line num="20" count="3" type="stmt"/>
        <line num="21" count="3" type="cond" truecount="1" falsecount="1"/>
        <line num="22" count="3" type="stmt"/>
      </file>
    </package>
    <package name="src.pages.meta">
      <metrics statements="10" coveredstatements="9" conditionals="8" coveredconditionals="8" methods="6" coveredmethods="5"/>
      <file name="EntityTypeListPage.tsx" path="/home/jsalomon/src/pc-asset-hub/ui/src/pages/meta/EntityTypeListPage.tsx">
        <metrics statements="10" coveredstatements="9" conditionals="8" coveredconditionals="8" methods="6" coveredmethods="5"/>
        <line num="27" count="12" type="stmt"/>
        <line num="28" count="12" type="stmt"/>
        <line num="30" count="12" type="cond" truecount="2" falsecount="0"/>
        <line num="32" count="15" type="stmt"/>
        <line num="36" count="12" type="cond" truecount="2" falsecount="0"/>
        <line num="38" count="12" type="stmt"/>
        <line num="47" count="5" type="stmt"/>
        <line num="48" count="0" type="stmt"/>
        <line num="74" count="27" type="stmt"/>
        <line num="76" count="1" type="stmt"/>
      </file>
    </package>
    <package name="src.pages.operational">
      <metrics statements="5" coveredstatements="3" conditionals="4" coveredconditionals="1" methods="2" coveredmethods="1"/>
      <file name="InstanceListPage.tsx" path="/home/jsalomon/src/pc-asset-hub/ui/src/pages/operational/InstanceListPage.tsx">
        <metrics statements="5" coveredstatements="3" conditionals="4" coveredconditionals="1" methods="2" coveredmethods="1"/>
        <line num="19" count="3" type="stmt"/>
        <line num="21" count="3" type="cond" truecount="1" falsecount="1"/>
        <line num="22" count="3" type="stmt"/>
        <line num="31" count="0" type="stmt"/>
        <line num="45" count="0" type="stmt"/>
      </file>
    </package>
  </project>
</coverage>
